Using pre-set license
Built from '2021.3/staging' branch; Version is '2021.3.9f1 (ad3870b89536) revision 11352176'; Using compiler version '192829333'; Build Type 'Release'
OS: 'Windows 10  (10.0.19045) 64bit Professional' Language: 'ko' Physical Memory: 16167 MB
BatchMode: 1, IsHumanControllingUs: 0, StartBugReporterOnCrash: 0, Is64bit: 1, IsPro: 1

COMMAND LINE ARGUMENTS:
C:\Program Files\Unity\Hub\Editor\2021.3.9f1\Editor\Unity.exe
-adb2
-batchMode
-noUpm
-name
AssetImportWorker0
-projectPath
C:/Users/human/OneDrive/바탕 화면/Git/Gravities/Gravity
-logFile
Logs/AssetImportWorker0.log
-srvPort
51493
Successfully changed project path to: C:/Users/human/OneDrive/바탕 화면/Git/Gravities/Gravity
C:/Users/human/OneDrive/바탕 화면/Git/Gravities/Gravity
[UnityMemory] Configuration Parameters - Can be set up in boot.config
    "memorysetup-bucket-allocator-granularity=16"
    "memorysetup-bucket-allocator-bucket-count=8"
    "memorysetup-bucket-allocator-block-size=33554432"
    "memorysetup-bucket-allocator-block-count=8"
    "memorysetup-main-allocator-block-size=16777216"
    "memorysetup-thread-allocator-block-size=16777216"
    "memorysetup-gfx-main-allocator-block-size=16777216"
    "memorysetup-gfx-thread-allocator-block-size=16777216"
    "memorysetup-cache-allocator-block-size=4194304"
    "memorysetup-typetree-allocator-block-size=2097152"
    "memorysetup-profiler-bucket-allocator-granularity=16"
    "memorysetup-profiler-bucket-allocator-bucket-count=8"
    "memorysetup-profiler-bucket-allocator-block-size=33554432"
    "memorysetup-profiler-bucket-allocator-block-count=8"
    "memorysetup-profiler-allocator-block-size=16777216"
    "memorysetup-profiler-editor-allocator-block-size=1048576"
    "memorysetup-temp-allocator-size-main=16777216"
    "memorysetup-job-temp-allocator-block-size=2097152"
    "memorysetup-job-temp-allocator-block-size-background=1048576"
    "memorysetup-job-temp-allocator-reduction-small-platforms=262144"
    "memorysetup-temp-allocator-size-background-worker=32768"
    "memorysetup-temp-allocator-size-job-worker=262144"
    "memorysetup-temp-allocator-size-preload-manager=33554432"
    "memorysetup-temp-allocator-size-nav-mesh-worker=65536"
    "memorysetup-temp-allocator-size-audio-worker=65536"
    "memorysetup-temp-allocator-size-cloud-worker=32768"
    "memorysetup-temp-allocator-size-gi-baking-worker=262144"
    "memorysetup-temp-allocator-size-gfx=262144"
Refreshing native plugins compatible for Editor in 99.43 ms, found 3 plugins.
Preloading 0 native plugins for Editor in 0.00 ms.
Initialize engine version: 2021.3.9f1 (ad3870b89536)
[Subsystems] Discovering subsystems at path C:/Program Files/Unity/Hub/Editor/2021.3.9f1/Editor/Data/Resources/UnitySubsystems
[Subsystems] Discovering subsystems at path C:/Users/human/OneDrive/바탕 화면/Git/Gravities/Gravity/Assets
GfxDevice: creating device client; threaded=0; jobified=0
Direct3D:
    Version:  Direct3D 11.0 [level 11.1]
    Renderer: NVIDIA GeForce MX450 (ID=0x1f97)
    Vendor:   NVIDIA
    VRAM:     1928 MB
    Driver:   31.0.15.2225
Initialize mono
Mono path[0] = 'C:/Program Files/Unity/Hub/Editor/2021.3.9f1/Editor/Data/Managed'
Mono path[1] = 'C:/Program Files/Unity/Hub/Editor/2021.3.9f1/Editor/Data/MonoBleedingEdge/lib/mono/unityjit-win32'
Mono config path = 'C:/Program Files/Unity/Hub/Editor/2021.3.9f1/Editor/Data/MonoBleedingEdge/etc'
Using monoOptions --debugger-agent=transport=dt_socket,embedding=1,server=y,suspend=n,address=127.0.0.1:56400
Begin MonoManager ReloadAssembly
Registering precompiled unity dll's ...
Register platform support module: C:/Program Files/Unity/Hub/Editor/2021.3.9f1/Editor/Data/PlaybackEngines/WindowsStandaloneSupport/UnityEditor.WindowsStandalone.Extensions.dll
Registered in 0.004913 seconds.
Native extension for WindowsStandalone target not found
Refreshing native plugins compatible for Editor in 103.28 ms, found 3 plugins.
Preloading 0 native plugins for Editor in 0.00 ms.
Mono: successfully reloaded assembly
- Completed reload, in  0.621 seconds
Domain Reload Profiling:
	ReloadAssembly (621ms)
		BeginReloadAssembly (63ms)
			ExecutionOrderSort (0ms)
			DisableScriptedObjects (0ms)
			BackupInstance (0ms)
			ReleaseScriptingObjects (0ms)
			CreateAndSetChildDomain (1ms)
		EndReloadAssembly (450ms)
			LoadAssemblies (61ms)
			RebuildTransferFunctionScriptingTraits (0ms)
			SetupTypeCache (97ms)
			ReleaseScriptCaches (0ms)
			RebuildScriptCaches (23ms)
			SetupLoadedEditorAssemblies (278ms)
				LogAssemblyErrors (0ms)
				InitializePlatformSupportModulesInManaged (6ms)
				SetLoadedEditorAssemblies (0ms)
				RefreshPlugins (103ms)
				BeforeProcessingInitializeOnLoad (1ms)
				ProcessInitializeOnLoadAttributes (113ms)
				ProcessInitializeOnLoadMethodAttributes (54ms)
				AfterProcessingInitializeOnLoad (0ms)
				EditorAssembliesLoaded (0ms)
			ExecutionOrderSort2 (0ms)
			AwakeInstancesAfterBackupRestoration (0ms)
Platform modules already initialized, skipping
Registering precompiled user dll's ...
Registered in 0.007189 seconds.
Begin MonoManager ReloadAssembly
Symbol file LoadedFromMemory doesn't match image C:\Users\human\OneDrive\바탕 화면\Git\Gravities\Gravity\Library\PackageCache\com.unity.visualscripting@1.7.8\Editor\VisualScripting.Core\Dependencies\YamlDotNet\Unity.VisualScripting.YamlDotNet.dll
Symbol file LoadedFromMemory doesn't match image C:\Users\human\OneDrive\바탕 화면\Git\Gravities\Gravity\Library\PackageCache\com.unity.visualscripting@1.7.8\Editor\VisualScripting.Core\Dependencies\DotNetZip\Unity.VisualScripting.IonicZip.dll
Native extension for WindowsStandalone target not found
Refreshing native plugins compatible for Editor in 108.02 ms, found 3 plugins.
Preloading 0 native plugins for Editor in 0.00 ms.
Error saving file Library/StateCache/LayerSettings/9e/9ecc5c3c162a7aba29bafa64c8b94b7c.json. Error: System.IO.IOException: Sharing violation on path C:\Users\human\OneDrive\바탕 화면\Git\Gravities\Gravity\Library\StateCache\LayerSettings\9e\9ecc5c3c162a7aba29bafa64c8b94b7c.json
  at System.IO.FileStream..ctor (System.String path, System.IO.FileMode mode, System.IO.FileAccess access, System.IO.FileShare share, System.Int32 bufferSize, System.Boolean anonymous, System.IO.FileOptions options) [0x0019e] in <9aad1b3a47484d63ba2b3985692d80e9>:0 
  at System.IO.FileStream..ctor (System.String path, System.IO.FileMode mode, System.IO.FileAccess access, System.IO.FileShare share, System.Int32 bufferSize, System.IO.FileOptions options) [0x00000] in <9aad1b3a47484d63ba2b3985692d80e9>:0 
  at (wrapper remoting-invoke-with-check) System.IO.FileStream..ctor(string,System.IO.FileMode,System.IO.FileAccess,System.IO.FileShare,int,System.IO.FileOptions)
  at System.IO.StreamWriter..ctor (System.String path, System.Boolean append, System.Text.Encoding encoding, System.Int32 bufferSize) [0x00055] in <9aad1b3a47484d63ba2b3985692d80e9>:0 
  at System.IO.StreamWriter..ctor (System.String path, System.Boolean append, System.Text.Encoding encoding) [0x00000] in <9aad1b3a47484d63ba2b3985692d80e9>:0 
  at (wrapper remoting-invoke-with-check) System.IO.StreamWriter..ctor(string,bool,System.Text.Encoding)
  at System.IO.File.WriteAllText (System.String path, System.String contents, System.Text.Encoding encoding) [0x00034] in <9aad1b3a47484d63ba2b3985692d80e9>:0 
  at UnityEditor.StateCache`1[T].SetState (UnityEngine.Hash128 key, T obj) [0x0004b] in <0d6ce211ebbc47e1a35a84c3672ff58f>:0 
UnityEngine.StackTraceUtility:ExtractStackTrace ()
UnityEngine.DebugLogHandler:LogFormat (UnityEngine.LogType,UnityEngine.Object,string,object[])
UnityEngine.Logger:Log (UnityEngine.LogType,object)
UnityEngine.Debug:LogError (object)
UnityEditor.StateCache`1<UnityEditor.Tools/LayerSettings>:SetState (UnityEngine.Hash128,UnityEditor.Tools/LayerSettings)
UnityEditor.Tools:set_lockedLayers (int)
UnityEditor.Tools:OnEnable ()
UnityEngine.ScriptableObject:CreateInstance (System.Type)
UnityEngine.ScriptableObject:CreateInstance<UnityEditor.Tools> ()
UnityEditor.Tools:get_get ()
UnityEditor.Tools:get_visibleLayers ()
UnityEditor.Animations.Rigging.BoneRendererUtils:.cctor () (at Library/PackageCache/com.unity.animation.rigging@1.1.1/Editor/Utils/BoneRendererUtils.cs:121)
System.Runtime.CompilerServices.RuntimeHelpers:RunClassConstructor (System.RuntimeTypeHandle)
UnityEditor.EditorAssemblies:ProcessInitializeOnLoadAttributes (System.Type[])

(Filename: Library/PackageCache/com.unity.animation.rigging@1.1.1/Editor/Utils/BoneRendererUtils.cs Line: 121)

Mono: successfully reloaded assembly
- Completed reload, in  1.181 seconds
Domain Reload Profiling:
	ReloadAssembly (1182ms)
		BeginReloadAssembly (105ms)
			ExecutionOrderSort (0ms)
			DisableScriptedObjects (5ms)
			BackupInstance (0ms)
			ReleaseScriptingObjects (0ms)
			CreateAndSetChildDomain (20ms)
		EndReloadAssembly (966ms)
			LoadAssemblies (86ms)
			RebuildTransferFunctionScriptingTraits (0ms)
			SetupTypeCache (267ms)
			ReleaseScriptCaches (1ms)
			RebuildScriptCaches (60ms)
			SetupLoadedEditorAssemblies (507ms)
				LogAssemblyErrors (0ms)
				InitializePlatformSupportModulesInManaged (4ms)
				SetLoadedEditorAssemblies (0ms)
				RefreshPlugins (108ms)
				BeforeProcessingInitializeOnLoad (93ms)
				ProcessInitializeOnLoadAttributes (217ms)
				ProcessInitializeOnLoadMethodAttributes (77ms)
				AfterProcessingInitializeOnLoad (7ms)
				EditorAssembliesLoaded (0ms)
			ExecutionOrderSort2 (0ms)
			AwakeInstancesAfterBackupRestoration (6ms)
Platform modules already initialized, skipping
========================================================================
Worker process is ready to serve import requests
Launched and connected shader compiler UnityShaderCompiler.exe after 0.03 seconds
Refreshing native plugins compatible for Editor in 1.07 ms, found 3 plugins.
Preloading 0 native plugins for Editor in 0.00 ms.
Unloading 5334 Unused Serialized files (Serialized files now loaded: 0)
Unloading 46 unused Assets / (1.9 MB). Loaded Objects now: 5780.
Memory consumption went from 221.6 MB to 219.6 MB.
Total: 3.428700 ms (FindLiveObjects: 0.404300 ms CreateObjectMapping: 0.196800 ms MarkObjects: 2.370300 ms  DeleteObjects: 0.456600 ms)

AssetImportParameters requested are different than current active one (requested -> active):
  custom:video-decoder-ogg-theora: a1e56fd34408186e4bbccfd4996cb3dc -> 
  custom:container-muxer-webm: aa71ff27fc2769a1b78a27578f13a17b -> 
  custom:container-demuxer-webm: 4f35f7cbe854078d1ac9338744f61a02 -> 
  custom:video-encoder-webm-vp8: eb34c28f22e8b96e1ab97ce403110664 -> 
  custom:audio-encoder-webm-vorbis: bf7c407c2cedff20999df2af8eb42d56 -> 
  custom:framework-win-MediaFoundation: 216162199b28c13a410421893ffa2e32 -> 
  custom:container-demuxer-ogg: 62fdf1f143b41e24485cea50d1cbac27 -> 
  custom:video-decoder-webm-vp8: 9c59270c3fd7afecdb556c50c9e8de78 -> 
  custom:audio-decoder-ogg-vorbis: bf7c407c2cedff20999df2af8eb42d56 -> 
========================================================================
Received Import Request.
  Time since last request: 188.547518 seconds.
  path: Assets/UserFolder/Scenes/GameScene/Lightmap-10_comp_light.exr
  artifactKey: Guid(d4f2f8536d4b65b44a1b58bd04fa10be) Importer(815301076,1909f56bfc062723c751e8b465ee728b)
Start importing Assets/UserFolder/Scenes/GameScene/Lightmap-10_comp_light.exr using Guid(d4f2f8536d4b65b44a1b58bd04fa10be) Importer(815301076,1909f56bfc062723c751e8b465ee728b)  -> (artifact id: 'b39d7511a87aca303c02b964908a769e') in 0.088038 seconds 
========================================================================
Received Import Request.
  Time since last request: 0.000021 seconds.
  path: Assets/UserFolder/Scenes/GameScene/Lightmap-11_comp_light.exr
  artifactKey: Guid(80f416a13b1f0fc419d4def9442c8e42) Importer(815301076,1909f56bfc062723c751e8b465ee728b)
Start importing Assets/UserFolder/Scenes/GameScene/Lightmap-11_comp_light.exr using Guid(80f416a13b1f0fc419d4def9442c8e42) Importer(815301076,1909f56bfc062723c751e8b465ee728b)  -> (artifact id: '1d8246d16fdb61f545e92c8b9f5722ff') in 0.019678 seconds 
========================================================================
Received Import Request.
  Time since last request: 0.000021 seconds.
  path: Assets/UserFolder/Scenes/GameScene/Lightmap-2_comp_light.exr
  artifactKey: Guid(aeda1854ea63ddf4284b3551b75b7b91) Importer(815301076,1909f56bfc062723c751e8b465ee728b)
Start importing Assets/UserFolder/Scenes/GameScene/Lightmap-2_comp_light.exr using Guid(aeda1854ea63ddf4284b3551b75b7b91) Importer(815301076,1909f56bfc062723c751e8b465ee728b)  -> (artifact id: 'aeb5147ec013519e8049720b0d1f4da0') in 0.019416 seconds 
========================================================================
Received Import Request.
  Time since last request: 0.000022 seconds.
  path: Assets/UserFolder/Scenes/GameScene/Lightmap-1_comp_light.exr
  artifactKey: Guid(1d0b54bf1094417479b019e1995a0f66) Importer(815301076,1909f56bfc062723c751e8b465ee728b)
Start importing Assets/UserFolder/Scenes/GameScene/Lightmap-1_comp_light.exr using Guid(1d0b54bf1094417479b019e1995a0f66) Importer(815301076,1909f56bfc062723c751e8b465ee728b)  -> (artifact id: 'a9e3e3dd692bcee7954aa068c754cfc0') in 0.024913 seconds 
========================================================================
Received Import Request.
  Time since last request: 0.000020 seconds.
  path: Assets/UserFolder/Scenes/GameScene/Lightmap-9_comp_light.exr
  artifactKey: Guid(69818eccf8702db42a734ac5f87dc3be) Importer(815301076,1909f56bfc062723c751e8b465ee728b)
Start importing Assets/UserFolder/Scenes/GameScene/Lightmap-9_comp_light.exr using Guid(69818eccf8702db42a734ac5f87dc3be) Importer(815301076,1909f56bfc062723c751e8b465ee728b)  -> (artifact id: '9fded3b3ff6e587ec93e8943fe2bea81') in 0.026385 seconds 
========================================================================
Received Import Request.
  Time since last request: 0.000027 seconds.
  path: Assets/UserFolder/Scenes/GameScene/LightingData.asset
  artifactKey: Guid(fda5bbbd1c6cf75428d11b1437e9d259) Importer(815301076,1909f56bfc062723c751e8b465ee728b)
Start importing Assets/UserFolder/Scenes/GameScene/LightingData.asset using Guid(fda5bbbd1c6cf75428d11b1437e9d259) Importer(815301076,1909f56bfc062723c751e8b465ee728b)  -> (artifact id: '0b8ef85cd2bfa1a2e4a692a13ef17c56') in 0.009553 seconds 
========================================================================
Received Import Request.
  Time since last request: 0.000033 seconds.
  path: Assets/UserFolder/Scenes/GameScene/Lightmap-4_comp_light.exr
  artifactKey: Guid(023494f42093f834b9de49ed5a6d41bd) Importer(815301076,1909f56bfc062723c751e8b465ee728b)
Start importing Assets/UserFolder/Scenes/GameScene/Lightmap-4_comp_light.exr using Guid(023494f42093f834b9de49ed5a6d41bd) Importer(815301076,1909f56bfc062723c751e8b465ee728b)  -> (artifact id: 'df7cb2c4c3be77af902ab8b5843ac1f5') in 0.020780 seconds 
========================================================================
Received Import Request.
  Time since last request: 0.000030 seconds.
  path: Assets/UserFolder/Scenes/GameScene/Lightmap-3_comp_light.exr
  artifactKey: Guid(4ebb6e0b666fd3845917ba60e2fcdf67) Importer(815301076,1909f56bfc062723c751e8b465ee728b)
Start importing Assets/UserFolder/Scenes/GameScene/Lightmap-3_comp_light.exr using Guid(4ebb6e0b666fd3845917ba60e2fcdf67) Importer(815301076,1909f56bfc062723c751e8b465ee728b)  -> (artifact id: 'dab1737358155d96021f77c3ae8bfab6') in 0.015484 seconds 
========================================================================
Received Import Request.
  Time since last request: 0.000025 seconds.
  path: Assets/UserFolder/Scenes/GameScene/Lightmap-8_comp_light.exr
  artifactKey: Guid(81f1819a863c37a47a011422d1dcf872) Importer(815301076,1909f56bfc062723c751e8b465ee728b)
Start importing Assets/UserFolder/Scenes/GameScene/Lightmap-8_comp_light.exr using Guid(81f1819a863c37a47a011422d1dcf872) Importer(815301076,1909f56bfc062723c751e8b465ee728b)  -> (artifact id: 'cedf60583e6fbcab71206341d6bfd7d3') in 0.013478 seconds 
========================================================================
Received Prepare
Registering precompiled user dll's ...
Registered in 0.004506 seconds.
Begin MonoManager ReloadAssembly
Symbol file LoadedFromMemory doesn't match image C:\Users\human\OneDrive\바탕 화면\Git\Gravities\Gravity\Library\PackageCache\com.unity.visualscripting@1.7.8\Editor\VisualScripting.Core\Dependencies\YamlDotNet\Unity.VisualScripting.YamlDotNet.dll
Symbol file LoadedFromMemory doesn't match image C:\Users\human\OneDrive\바탕 화면\Git\Gravities\Gravity\Library\PackageCache\com.unity.visualscripting@1.7.8\Editor\VisualScripting.Core\Dependencies\DotNetZip\Unity.VisualScripting.IonicZip.dll
Native extension for WindowsStandalone target not found
Refreshing native plugins compatible for Editor in 1.48 ms, found 3 plugins.
Preloading 0 native plugins for Editor in 0.00 ms.
Mono: successfully reloaded assembly
- Completed reload, in  1.055 seconds
Domain Reload Profiling:
	ReloadAssembly (1055ms)
		BeginReloadAssembly (124ms)
			ExecutionOrderSort (0ms)
			DisableScriptedObjects (5ms)
			BackupInstance (0ms)
			ReleaseScriptingObjects (0ms)
			CreateAndSetChildDomain (43ms)
		EndReloadAssembly (848ms)
			LoadAssemblies (91ms)
			RebuildTransferFunctionScriptingTraits (0ms)
			SetupTypeCache (266ms)
			ReleaseScriptCaches (3ms)
			RebuildScriptCaches (42ms)
			SetupLoadedEditorAssemblies (393ms)
				LogAssemblyErrors (0ms)
				InitializePlatformSupportModulesInManaged (10ms)
				SetLoadedEditorAssemblies (1ms)
				RefreshPlugins (2ms)
				BeforeProcessingInitializeOnLoad (73ms)
				ProcessInitializeOnLoadAttributes (215ms)
				ProcessInitializeOnLoadMethodAttributes (85ms)
				AfterProcessingInitializeOnLoad (7ms)
				EditorAssembliesLoaded (0ms)
			ExecutionOrderSort2 (0ms)
			AwakeInstancesAfterBackupRestoration (14ms)
Platform modules already initialized, skipping
Refreshing native plugins compatible for Editor in 1.85 ms, found 3 plugins.
Preloading 0 native plugins for Editor in 0.00 ms.
Unloading 5174 Unused Serialized files (Serialized files now loaded: 0)
Unloading 39 unused Assets / (1.9 MB). Loaded Objects now: 5789.
Memory consumption went from 214.1 MB to 212.1 MB.
Total: 3.375100 ms (FindLiveObjects: 0.341000 ms CreateObjectMapping: 0.221500 ms MarkObjects: 2.414300 ms  DeleteObjects: 0.397400 ms)

AssetImportParameters requested are different than current active one (requested -> active):
  custom:video-decoder-ogg-theora: a1e56fd34408186e4bbccfd4996cb3dc -> 
  custom:container-muxer-webm: aa71ff27fc2769a1b78a27578f13a17b -> 
  custom:container-demuxer-webm: 4f35f7cbe854078d1ac9338744f61a02 -> 
  custom:video-encoder-webm-vp8: eb34c28f22e8b96e1ab97ce403110664 -> 
  custom:audio-encoder-webm-vorbis: bf7c407c2cedff20999df2af8eb42d56 -> 
  custom:framework-win-MediaFoundation: 216162199b28c13a410421893ffa2e32 -> 
  custom:container-demuxer-ogg: 62fdf1f143b41e24485cea50d1cbac27 -> 
  custom:video-decoder-webm-vp8: 9c59270c3fd7afecdb556c50c9e8de78 -> 
  custom:audio-decoder-ogg-vorbis: bf7c407c2cedff20999df2af8eb42d56 -> 
========================================================================
Received Import Request.
  Time since last request: 2256.621619 seconds.
  path: Assets/Asset/ReversedAssets/City Builder Urban/Apocalypse Edition/3DAPO/PrefabsAPO/MainPrefabsAPO/Lamsp2NYAPO 1.prefab
  artifactKey: Guid(bc0190c579b8dfa49acdc429cdbd0a4a) Importer(815301076,1909f56bfc062723c751e8b465ee728b)
Start importing Assets/Asset/ReversedAssets/City Builder Urban/Apocalypse Edition/3DAPO/PrefabsAPO/MainPrefabsAPO/Lamsp2NYAPO 1.prefab using Guid(bc0190c579b8dfa49acdc429cdbd0a4a) Importer(815301076,1909f56bfc062723c751e8b465ee728b)  -> (artifact id: '5d65a9e3f277511b3177e1d6fa67c897') in 0.467564 seconds 
========================================================================
Received Import Request.
  Time since last request: 64.783808 seconds.
  path: Assets/Asset/ReversedAssets/City Builder Urban/Apocalypse Edition/3DAPO/PrefabsAPO/MainPrefabsAPO/Lamsp2NYAPO 1.prefab
  artifactKey: Guid(bc0190c579b8dfa49acdc429cdbd0a4a) Importer(815301076,1909f56bfc062723c751e8b465ee728b)
Start importing Assets/Asset/ReversedAssets/City Builder Urban/Apocalypse Edition/3DAPO/PrefabsAPO/MainPrefabsAPO/Lamsp2NYAPO 1.prefab using Guid(bc0190c579b8dfa49acdc429cdbd0a4a) Importer(815301076,1909f56bfc062723c751e8b465ee728b)  -> (artifact id: '1bc8270d7f08bd134629c30c4a7a3e65') in 0.070097 seconds 
========================================================================
Received Import Request.
  Time since last request: 8.303004 seconds.
  path: Assets/Asset/ReversedAssets/City Builder Urban/Apocalypse Edition/3DAPO/PrefabsAPO/MainPrefabsAPO/Lamsp2NYAPO 1.prefab
  artifactKey: Guid(bc0190c579b8dfa49acdc429cdbd0a4a) Importer(815301076,1909f56bfc062723c751e8b465ee728b)
Start importing Assets/Asset/ReversedAssets/City Builder Urban/Apocalypse Edition/3DAPO/PrefabsAPO/MainPrefabsAPO/Lamsp2NYAPO 1.prefab using Guid(bc0190c579b8dfa49acdc429cdbd0a4a) Importer(815301076,1909f56bfc062723c751e8b465ee728b)  -> (artifact id: '40ed5c679ad72120a6da2f5ec750270e') in 0.176765 seconds 
========================================================================
Received Import Request.
  Time since last request: 23.569911 seconds.
  path: Assets/Asset/ReversedAssets/City Builder Urban/Apocalypse Edition/3DAPO/PrefabsAPO/MainPrefabsAPO/Lamsp2NYAPO 1.prefab
  artifactKey: Guid(bc0190c579b8dfa49acdc429cdbd0a4a) Importer(815301076,1909f56bfc062723c751e8b465ee728b)
Start importing Assets/Asset/ReversedAssets/City Builder Urban/Apocalypse Edition/3DAPO/PrefabsAPO/MainPrefabsAPO/Lamsp2NYAPO 1.prefab using Guid(bc0190c579b8dfa49acdc429cdbd0a4a) Importer(815301076,1909f56bfc062723c751e8b465ee728b)  -> (artifact id: 'c255e28459f97a9c7adacb73a72371eb') in 0.229074 seconds 
========================================================================
Received Import Request.
  Time since last request: 98.558951 seconds.
  path: Assets/Asset/ReversedAssets/City Builder Urban/Apocalypse Edition/3DAPO/PrefabsAPO/MainPrefabsAPO/Lamsp2NYAPO 1.prefab
  artifactKey: Guid(bc0190c579b8dfa49acdc429cdbd0a4a) Importer(815301076,1909f56bfc062723c751e8b465ee728b)
Start importing Assets/Asset/ReversedAssets/City Builder Urban/Apocalypse Edition/3DAPO/PrefabsAPO/MainPrefabsAPO/Lamsp2NYAPO 1.prefab using Guid(bc0190c579b8dfa49acdc429cdbd0a4a) Importer(815301076,1909f56bfc062723c751e8b465ee728b)  -> (artifact id: 'a91d3bdadade5801a34cac5897c4ddf0') in 0.145803 seconds 
========================================================================
Received Prepare
Registering precompiled user dll's ...
Registered in 0.004404 seconds.
Begin MonoManager ReloadAssembly
Symbol file LoadedFromMemory doesn't match image C:\Users\human\OneDrive\바탕 화면\Git\Gravities\Gravity\Library\PackageCache\com.unity.visualscripting@1.7.8\Editor\VisualScripting.Core\Dependencies\YamlDotNet\Unity.VisualScripting.YamlDotNet.dll
Symbol file LoadedFromMemory doesn't match image C:\Users\human\OneDrive\바탕 화면\Git\Gravities\Gravity\Library\PackageCache\com.unity.visualscripting@1.7.8\Editor\VisualScripting.Core\Dependencies\DotNetZip\Unity.VisualScripting.IonicZip.dll
Native extension for WindowsStandalone target not found
Refreshing native plugins compatible for Editor in 0.84 ms, found 3 plugins.
Preloading 0 native plugins for Editor in 0.00 ms.
Error saving file Library/StateCache/LayerSettings/9e/9ecc5c3c162a7aba29bafa64c8b94b7c.json. Error: System.IO.IOException: Sharing violation on path C:\Users\human\OneDrive\바탕 화면\Git\Gravities\Gravity\Library\StateCache\LayerSettings\9e\9ecc5c3c162a7aba29bafa64c8b94b7c.json
  at System.IO.FileStream..ctor (System.String path, System.IO.FileMode mode, System.IO.FileAccess access, System.IO.FileShare share, System.Int32 bufferSize, System.Boolean anonymous, System.IO.FileOptions options) [0x0019e] in <9aad1b3a47484d63ba2b3985692d80e9>:0 
  at System.IO.FileStream..ctor (System.String path, System.IO.FileMode mode, System.IO.FileAccess access, System.IO.FileShare share, System.Int32 bufferSize, System.IO.FileOptions options) [0x00000] in <9aad1b3a47484d63ba2b3985692d80e9>:0 
  at (wrapper remoting-invoke-with-check) System.IO.FileStream..ctor(string,System.IO.FileMode,System.IO.FileAccess,System.IO.FileShare,int,System.IO.FileOptions)
  at System.IO.StreamWriter..ctor (System.String path, System.Boolean append, System.Text.Encoding encoding, System.Int32 bufferSize) [0x00055] in <9aad1b3a47484d63ba2b3985692d80e9>:0 
  at System.IO.StreamWriter..ctor (System.String path, System.Boolean append, System.Text.Encoding encoding) [0x00000] in <9aad1b3a47484d63ba2b3985692d80e9>:0 
  at (wrapper remoting-invoke-with-check) System.IO.StreamWriter..ctor(string,bool,System.Text.Encoding)
  at System.IO.File.WriteAllText (System.String path, System.String contents, System.Text.Encoding encoding) [0x00034] in <9aad1b3a47484d63ba2b3985692d80e9>:0 
  at UnityEditor.StateCache`1[T].SetState (UnityEngine.Hash128 key, T obj) [0x0004b] in <0d6ce211ebbc47e1a35a84c3672ff58f>:0 
UnityEngine.StackTraceUtility:ExtractStackTrace ()
UnityEngine.DebugLogHandler:LogFormat (UnityEngine.LogType,UnityEngine.Object,string,object[])
UnityEngine.Logger:Log (UnityEngine.LogType,object)
UnityEngine.Debug:LogError (object)
UnityEditor.StateCache`1<UnityEditor.Tools/LayerSettings>:SetState (UnityEngine.Hash128,UnityEditor.Tools/LayerSettings)
UnityEditor.Tools:set_lockedLayers (int)
UnityEditor.Tools:OnEnable ()
UnityEngine.ScriptableObject:CreateInstance (System.Type)
UnityEngine.ScriptableObject:CreateInstance<UnityEditor.Tools> ()
UnityEditor.Tools:get_get ()
UnityEditor.Tools:get_visibleLayers ()
UnityEditor.Animations.Rigging.BoneRendererUtils:.cctor () (at Library/PackageCache/com.unity.animation.rigging@1.1.1/Editor/Utils/BoneRendererUtils.cs:121)
System.Runtime.CompilerServices.RuntimeHelpers:RunClassConstructor (System.RuntimeTypeHandle)
UnityEditor.EditorAssemblies:ProcessInitializeOnLoadAttributes (System.Type[])

(Filename: Library/PackageCache/com.unity.animation.rigging@1.1.1/Editor/Utils/BoneRendererUtils.cs Line: 121)

Mono: successfully reloaded assembly
- Completed reload, in  1.338 seconds
Domain Reload Profiling:
	ReloadAssembly (1338ms)
		BeginReloadAssembly (207ms)
			ExecutionOrderSort (0ms)
			DisableScriptedObjects (7ms)
			BackupInstance (0ms)
			ReleaseScriptingObjects (0ms)
			CreateAndSetChildDomain (59ms)
		EndReloadAssembly (1028ms)
			LoadAssemblies (140ms)
			RebuildTransferFunctionScriptingTraits (0ms)
			SetupTypeCache (434ms)
			ReleaseScriptCaches (2ms)
			RebuildScriptCaches (38ms)
			SetupLoadedEditorAssemblies (373ms)
				LogAssemblyErrors (0ms)
				InitializePlatformSupportModulesInManaged (11ms)
				SetLoadedEditorAssemblies (0ms)
				RefreshPlugins (1ms)
				BeforeProcessingInitializeOnLoad (70ms)
				ProcessInitializeOnLoadAttributes (193ms)
				ProcessInitializeOnLoadMethodAttributes (89ms)
				AfterProcessingInitializeOnLoad (8ms)
				EditorAssembliesLoaded (1ms)
			ExecutionOrderSort2 (0ms)
			AwakeInstancesAfterBackupRestoration (22ms)
Platform modules already initialized, skipping
Refreshing native plugins compatible for Editor in 4.95 ms, found 3 plugins.
Preloading 0 native plugins for Editor in 0.00 ms.
Unloading 5181 Unused Serialized files (Serialized files now loaded: 0)
Unloading 39 unused Assets / (1.9 MB). Loaded Objects now: 5849.
Memory consumption went from 217.1 MB to 215.3 MB.
Total: 6.537800 ms (FindLiveObjects: 0.765700 ms CreateObjectMapping: 0.446400 ms MarkObjects: 4.404800 ms  DeleteObjects: 0.918600 ms)

AssetImportParameters requested are different than current active one (requested -> active):
  custom:video-decoder-ogg-theora: a1e56fd34408186e4bbccfd4996cb3dc -> 
  custom:container-muxer-webm: aa71ff27fc2769a1b78a27578f13a17b -> 
  custom:container-demuxer-webm: 4f35f7cbe854078d1ac9338744f61a02 -> 
  custom:video-encoder-webm-vp8: eb34c28f22e8b96e1ab97ce403110664 -> 
  custom:audio-encoder-webm-vorbis: bf7c407c2cedff20999df2af8eb42d56 -> 
  custom:framework-win-MediaFoundation: 216162199b28c13a410421893ffa2e32 -> 
  custom:container-demuxer-ogg: 62fdf1f143b41e24485cea50d1cbac27 -> 
  custom:video-decoder-webm-vp8: 9c59270c3fd7afecdb556c50c9e8de78 -> 
  custom:audio-decoder-ogg-vorbis: bf7c407c2cedff20999df2af8eb42d56 -> 
========================================================================
Received Prepare
Registering precompiled user dll's ...
Registered in 0.004517 seconds.
Begin MonoManager ReloadAssembly
Symbol file LoadedFromMemory doesn't match image C:\Users\human\OneDrive\바탕 화면\Git\Gravities\Gravity\Library\PackageCache\com.unity.visualscripting@1.7.8\Editor\VisualScripting.Core\Dependencies\YamlDotNet\Unity.VisualScripting.YamlDotNet.dll
Symbol file LoadedFromMemory doesn't match image C:\Users\human\OneDrive\바탕 화면\Git\Gravities\Gravity\Library\PackageCache\com.unity.visualscripting@1.7.8\Editor\VisualScripting.Core\Dependencies\DotNetZip\Unity.VisualScripting.IonicZip.dll
Native extension for WindowsStandalone target not found
Refreshing native plugins compatible for Editor in 1.05 ms, found 3 plugins.
Preloading 0 native plugins for Editor in 0.00 ms.
Mono: successfully reloaded assembly
- Completed reload, in  0.987 seconds
Domain Reload Profiling:
	ReloadAssembly (988ms)
		BeginReloadAssembly (115ms)
			ExecutionOrderSort (0ms)
			DisableScriptedObjects (5ms)
			BackupInstance (0ms)
			ReleaseScriptingObjects (0ms)
			CreateAndSetChildDomain (38ms)
		EndReloadAssembly (796ms)
			LoadAssemblies (69ms)
			RebuildTransferFunctionScriptingTraits (0ms)
			SetupTypeCache (239ms)
			ReleaseScriptCaches (4ms)
			RebuildScriptCaches (43ms)
			SetupLoadedEditorAssemblies (366ms)
				LogAssemblyErrors (0ms)
				InitializePlatformSupportModulesInManaged (16ms)
				SetLoadedEditorAssemblies (1ms)
				RefreshPlugins (1ms)
				BeforeProcessingInitializeOnLoad (93ms)
				ProcessInitializeOnLoadAttributes (186ms)
				ProcessInitializeOnLoadMethodAttributes (63ms)
				AfterProcessingInitializeOnLoad (6ms)
				EditorAssembliesLoaded (0ms)
			ExecutionOrderSort2 (0ms)
			AwakeInstancesAfterBackupRestoration (16ms)
Platform modules already initialized, skipping
Refreshing native plugins compatible for Editor in 1.80 ms, found 3 plugins.
Preloading 0 native plugins for Editor in 0.00 ms.
Unloading 5182 Unused Serialized files (Serialized files now loaded: 0)
Unloading 39 unused Assets / (1.9 MB). Loaded Objects now: 5853.
Memory consumption went from 217.2 MB to 215.3 MB.
Total: 4.389000 ms (FindLiveObjects: 0.473200 ms CreateObjectMapping: 0.389500 ms MarkObjects: 2.861000 ms  DeleteObjects: 0.663800 ms)

AssetImportParameters requested are different than current active one (requested -> active):
  custom:video-decoder-ogg-theora: a1e56fd34408186e4bbccfd4996cb3dc -> 
  custom:container-muxer-webm: aa71ff27fc2769a1b78a27578f13a17b -> 
  custom:container-demuxer-webm: 4f35f7cbe854078d1ac9338744f61a02 -> 
  custom:video-encoder-webm-vp8: eb34c28f22e8b96e1ab97ce403110664 -> 
  custom:audio-encoder-webm-vorbis: bf7c407c2cedff20999df2af8eb42d56 -> 
  custom:framework-win-MediaFoundation: 216162199b28c13a410421893ffa2e32 -> 
  custom:container-demuxer-ogg: 62fdf1f143b41e24485cea50d1cbac27 -> 
  custom:video-decoder-webm-vp8: 9c59270c3fd7afecdb556c50c9e8de78 -> 
  custom:audio-decoder-ogg-vorbis: bf7c407c2cedff20999df2af8eb42d56 -> 
========================================================================
Received Prepare
Registering precompiled user dll's ...
Registered in 0.004443 seconds.
Begin MonoManager ReloadAssembly
Symbol file LoadedFromMemory doesn't match image C:\Users\human\OneDrive\바탕 화면\Git\Gravities\Gravity\Library\PackageCache\com.unity.visualscripting@1.7.8\Editor\VisualScripting.Core\Dependencies\YamlDotNet\Unity.VisualScripting.YamlDotNet.dll
Symbol file LoadedFromMemory doesn't match image C:\Users\human\OneDrive\바탕 화면\Git\Gravities\Gravity\Library\PackageCache\com.unity.visualscripting@1.7.8\Editor\VisualScripting.Core\Dependencies\DotNetZip\Unity.VisualScripting.IonicZip.dll
Native extension for WindowsStandalone target not found
Refreshing native plugins compatible for Editor in 0.89 ms, found 3 plugins.
Preloading 0 native plugins for Editor in 0.00 ms.
Mono: successfully reloaded assembly
- Completed reload, in  0.986 seconds
Domain Reload Profiling:
	ReloadAssembly (986ms)
		BeginReloadAssembly (123ms)
			ExecutionOrderSort (0ms)
			DisableScriptedObjects (7ms)
			BackupInstance (0ms)
			ReleaseScriptingObjects (0ms)
			CreateAndSetChildDomain (39ms)
		EndReloadAssembly (777ms)
			LoadAssemblies (79ms)
			RebuildTransferFunctionScriptingTraits (0ms)
			SetupTypeCache (235ms)
			ReleaseScriptCaches (2ms)
			RebuildScriptCaches (64ms)
			SetupLoadedEditorAssemblies (331ms)
				LogAssemblyErrors (0ms)
				InitializePlatformSupportModulesInManaged (8ms)
				SetLoadedEditorAssemblies (0ms)
				RefreshPlugins (1ms)
				BeforeProcessingInitializeOnLoad (60ms)
				ProcessInitializeOnLoadAttributes (184ms)
				ProcessInitializeOnLoadMethodAttributes (72ms)
				AfterProcessingInitializeOnLoad (6ms)
				EditorAssembliesLoaded (0ms)
			ExecutionOrderSort2 (0ms)
			AwakeInstancesAfterBackupRestoration (18ms)
Platform modules already initialized, skipping
Refreshing native plugins compatible for Editor in 2.01 ms, found 3 plugins.
Preloading 0 native plugins for Editor in 0.00 ms.
Unloading 5182 Unused Serialized files (Serialized files now loaded: 0)
Unloading 39 unused Assets / (1.9 MB). Loaded Objects now: 5857.
Memory consumption went from 217.1 MB to 215.2 MB.
Total: 3.506400 ms (FindLiveObjects: 0.461300 ms CreateObjectMapping: 0.222700 ms MarkObjects: 2.271500 ms  DeleteObjects: 0.549900 ms)

AssetImportParameters requested are different than current active one (requested -> active):
  custom:video-decoder-ogg-theora: a1e56fd34408186e4bbccfd4996cb3dc -> 
  custom:container-muxer-webm: aa71ff27fc2769a1b78a27578f13a17b -> 
  custom:container-demuxer-webm: 4f35f7cbe854078d1ac9338744f61a02 -> 
  custom:video-encoder-webm-vp8: eb34c28f22e8b96e1ab97ce403110664 -> 
  custom:audio-encoder-webm-vorbis: bf7c407c2cedff20999df2af8eb42d56 -> 
  custom:framework-win-MediaFoundation: 216162199b28c13a410421893ffa2e32 -> 
  custom:container-demuxer-ogg: 62fdf1f143b41e24485cea50d1cbac27 -> 
  custom:video-decoder-webm-vp8: 9c59270c3fd7afecdb556c50c9e8de78 -> 
  custom:audio-decoder-ogg-vorbis: bf7c407c2cedff20999df2af8eb42d56 -> 
========================================================================
Received Prepare
Registering precompiled user dll's ...
Registered in 0.003912 seconds.
Begin MonoManager ReloadAssembly
Symbol file LoadedFromMemory doesn't match image C:\Users\human\OneDrive\바탕 화면\Git\Gravities\Gravity\Library\PackageCache\com.unity.visualscripting@1.7.8\Editor\VisualScripting.Core\Dependencies\YamlDotNet\Unity.VisualScripting.YamlDotNet.dll
Symbol file LoadedFromMemory doesn't match image C:\Users\human\OneDrive\바탕 화면\Git\Gravities\Gravity\Library\PackageCache\com.unity.visualscripting@1.7.8\Editor\VisualScripting.Core\Dependencies\DotNetZip\Unity.VisualScripting.IonicZip.dll
Native extension for WindowsStandalone target not found
Refreshing native plugins compatible for Editor in 1.38 ms, found 3 plugins.
Preloading 0 native plugins for Editor in 0.00 ms.
Mono: successfully reloaded assembly
- Completed reload, in  1.113 seconds
Domain Reload Profiling:
	ReloadAssembly (1113ms)
		BeginReloadAssembly (114ms)
			ExecutionOrderSort (0ms)
			DisableScriptedObjects (5ms)
			BackupInstance (0ms)
			ReleaseScriptingObjects (0ms)
			CreateAndSetChildDomain (36ms)
		EndReloadAssembly (897ms)
			LoadAssemblies (79ms)
			RebuildTransferFunctionScriptingTraits (0ms)
			SetupTypeCache (274ms)
			ReleaseScriptCaches (3ms)
			RebuildScriptCaches (38ms)
			SetupLoadedEditorAssemblies (412ms)
				LogAssemblyErrors (0ms)
				InitializePlatformSupportModulesInManaged (19ms)
				SetLoadedEditorAssemblies (1ms)
				RefreshPlugins (1ms)
				BeforeProcessingInitializeOnLoad (87ms)
				ProcessInitializeOnLoadAttributes (221ms)
				ProcessInitializeOnLoadMethodAttributes (76ms)
				AfterProcessingInitializeOnLoad (6ms)
				EditorAssembliesLoaded (0ms)
			ExecutionOrderSort2 (0ms)
			AwakeInstancesAfterBackupRestoration (20ms)
Platform modules already initialized, skipping
Refreshing native plugins compatible for Editor in 3.23 ms, found 3 plugins.
Preloading 0 native plugins for Editor in 0.00 ms.
Unloading 5182 Unused Serialized files (Serialized files now loaded: 0)
Unloading 39 unused Assets / (1.9 MB). Loaded Objects now: 5861.
Memory consumption went from 217.1 MB to 215.2 MB.
Total: 5.483100 ms (FindLiveObjects: 0.542900 ms CreateObjectMapping: 0.247300 ms MarkObjects: 3.725400 ms  DeleteObjects: 0.965500 ms)

AssetImportParameters requested are different than current active one (requested -> active):
  custom:video-decoder-ogg-theora: a1e56fd34408186e4bbccfd4996cb3dc -> 
  custom:container-muxer-webm: aa71ff27fc2769a1b78a27578f13a17b -> 
  custom:container-demuxer-webm: 4f35f7cbe854078d1ac9338744f61a02 -> 
  custom:video-encoder-webm-vp8: eb34c28f22e8b96e1ab97ce403110664 -> 
  custom:audio-encoder-webm-vorbis: bf7c407c2cedff20999df2af8eb42d56 -> 
  custom:framework-win-MediaFoundation: 216162199b28c13a410421893ffa2e32 -> 
  custom:container-demuxer-ogg: 62fdf1f143b41e24485cea50d1cbac27 -> 
  custom:video-decoder-webm-vp8: 9c59270c3fd7afecdb556c50c9e8de78 -> 
  custom:audio-decoder-ogg-vorbis: bf7c407c2cedff20999df2af8eb42d56 -> 
========================================================================
Received Import Request.
  Time since last request: 3036.036423 seconds.
  path: Assets/Asset/ReversedAssets/City Builder Urban/Apocalypse Edition/3DAPO/PrefabsAPO/MainPrefabsAPO/Lamp1LAAPO 1.prefab
  artifactKey: Guid(eb2a80da926cfb44280fe0de11683ffd) Importer(815301076,1909f56bfc062723c751e8b465ee728b)
Start importing Assets/Asset/ReversedAssets/City Builder Urban/Apocalypse Edition/3DAPO/PrefabsAPO/MainPrefabsAPO/Lamp1LAAPO 1.prefab using Guid(eb2a80da926cfb44280fe0de11683ffd) Importer(815301076,1909f56bfc062723c751e8b465ee728b)  -> (artifact id: 'f28d71252883ec42d9f2fe69b54cf043') in 0.262672 seconds 
========================================================================
Received Import Request.
  Time since last request: 146.592268 seconds.
  path: Assets/Asset/ReversedAssets/City Builder Urban/Apocalypse Edition/3DAPO/PrefabsAPO/MainPrefabsAPO/Lamsp1NYAPO 1.prefab
  artifactKey: Guid(13ce3d6c751e96d409219299f3a63cc8) Importer(815301076,1909f56bfc062723c751e8b465ee728b)
Start importing Assets/Asset/ReversedAssets/City Builder Urban/Apocalypse Edition/3DAPO/PrefabsAPO/MainPrefabsAPO/Lamsp1NYAPO 1.prefab using Guid(13ce3d6c751e96d409219299f3a63cc8) Importer(815301076,1909f56bfc062723c751e8b465ee728b)  -> (artifact id: '285b0a3830ea99e49fd3d2ff499a6ca8') in 0.291577 seconds 
========================================================================
Received Import Request.
  Time since last request: 2.089371 seconds.
  path: Assets/Asset/ReversedAssets/City Builder Urban/Apocalypse Edition/3DAPO/PrefabsAPO/MainPrefabsAPO/Lamsp1NYAPO 1.prefab
  artifactKey: Guid(13ce3d6c751e96d409219299f3a63cc8) Importer(815301076,1909f56bfc062723c751e8b465ee728b)
Start importing Assets/Asset/ReversedAssets/City Builder Urban/Apocalypse Edition/3DAPO/PrefabsAPO/MainPrefabsAPO/Lamsp1NYAPO 1.prefab using Guid(13ce3d6c751e96d409219299f3a63cc8) Importer(815301076,1909f56bfc062723c751e8b465ee728b)  -> (artifact id: '27931372fe318ca91a8c4854c565aa35') in 0.256441 seconds 
========================================================================
Received Import Request.
  Time since last request: 11.233015 seconds.
  path: Assets/Asset/ReversedAssets/City Builder Urban/Apocalypse Edition/3DAPO/PrefabsAPO/MainPrefabsAPO/Lamp1LAAPO 1.prefab
  artifactKey: Guid(eb2a80da926cfb44280fe0de11683ffd) Importer(815301076,1909f56bfc062723c751e8b465ee728b)
Start importing Assets/Asset/ReversedAssets/City Builder Urban/Apocalypse Edition/3DAPO/PrefabsAPO/MainPrefabsAPO/Lamp1LAAPO 1.prefab using Guid(eb2a80da926cfb44280fe0de11683ffd) Importer(815301076,1909f56bfc062723c751e8b465ee728b)  -> (artifact id: '354559d2f24466d29edb5958766bc79d') in 0.259325 seconds 
========================================================================
Received Import Request.
  Time since last request: 4.934380 seconds.
  path: Assets/Asset/ReversedAssets/City Builder Urban/Apocalypse Edition/3DAPO/PrefabsAPO/MainPrefabsAPO/Lamp1LAAPO 1.prefab
  artifactKey: Guid(eb2a80da926cfb44280fe0de11683ffd) Importer(815301076,1909f56bfc062723c751e8b465ee728b)
Start importing Assets/Asset/ReversedAssets/City Builder Urban/Apocalypse Edition/3DAPO/PrefabsAPO/MainPrefabsAPO/Lamp1LAAPO 1.prefab using Guid(eb2a80da926cfb44280fe0de11683ffd) Importer(815301076,1909f56bfc062723c751e8b465ee728b)  -> (artifact id: '083d03909ea7e5f0bc98ed9bb0903a27') in 0.183464 seconds 
========================================================================
Received Import Request.
  Time since last request: 8.474158 seconds.
  path: Assets/Asset/ReversedAssets/City Builder Urban/Apocalypse Edition/3DAPO/PrefabsAPO/MainPrefabsAPO/Lamp1LAAPO 1.prefab
  artifactKey: Guid(eb2a80da926cfb44280fe0de11683ffd) Importer(815301076,1909f56bfc062723c751e8b465ee728b)
Start importing Assets/Asset/ReversedAssets/City Builder Urban/Apocalypse Edition/3DAPO/PrefabsAPO/MainPrefabsAPO/Lamp1LAAPO 1.prefab using Guid(eb2a80da926cfb44280fe0de11683ffd) Importer(815301076,1909f56bfc062723c751e8b465ee728b)  -> (artifact id: 'a32cc437f46a165cbe798cabac30a496') in 0.179383 seconds 
========================================================================
Received Import Request.
  Time since last request: 1.622778 seconds.
  path: Assets/Asset/ReversedAssets/City Builder Urban/Apocalypse Edition/3DAPO/PrefabsAPO/MainPrefabsAPO/Lamp1LAAPO 1.prefab
  artifactKey: Guid(eb2a80da926cfb44280fe0de11683ffd) Importer(815301076,1909f56bfc062723c751e8b465ee728b)
Start importing Assets/Asset/ReversedAssets/City Builder Urban/Apocalypse Edition/3DAPO/PrefabsAPO/MainPrefabsAPO/Lamp1LAAPO 1.prefab using Guid(eb2a80da926cfb44280fe0de11683ffd) Importer(815301076,1909f56bfc062723c751e8b465ee728b)  -> (artifact id: '6ba2311143219de37b65e9adabf6cea2') in 0.058564 seconds 
========================================================================
Received Import Request.
  Time since last request: 18.473933 seconds.
  path: Assets/Asset/ReversedAssets/City Builder Urban/Apocalypse Edition/3DAPO/PrefabsAPO/MainPrefabsAPO/LampTwin1LAAPO 1.prefab
  artifactKey: Guid(ebfc67af43893154cab2638b49eea003) Importer(815301076,1909f56bfc062723c751e8b465ee728b)
Start importing Assets/Asset/ReversedAssets/City Builder Urban/Apocalypse Edition/3DAPO/PrefabsAPO/MainPrefabsAPO/LampTwin1LAAPO 1.prefab using Guid(ebfc67af43893154cab2638b49eea003) Importer(815301076,1909f56bfc062723c751e8b465ee728b)  -> (artifact id: '1030a373d708f2f3e92573c6f7fb09ac') in 0.054812 seconds 
========================================================================
Received Import Request.
  Time since last request: 3.974625 seconds.
  path: Assets/Asset/ReversedAssets/City Builder Urban/Apocalypse Edition/3DAPO/PrefabsAPO/MainPrefabsAPO/LampTwin1LAAPO 1.prefab
  artifactKey: Guid(ebfc67af43893154cab2638b49eea003) Importer(815301076,1909f56bfc062723c751e8b465ee728b)
Start importing Assets/Asset/ReversedAssets/City Builder Urban/Apocalypse Edition/3DAPO/PrefabsAPO/MainPrefabsAPO/LampTwin1LAAPO 1.prefab using Guid(ebfc67af43893154cab2638b49eea003) Importer(815301076,1909f56bfc062723c751e8b465ee728b)  -> (artifact id: 'a8c0505bfedd7b716f6e6ba0eff22ca4') in 0.239702 seconds 
========================================================================
Received Import Request.
  Time since last request: 5.439900 seconds.
  path: Assets/Asset/ReversedAssets/City Builder Urban/Apocalypse Edition/3DAPO/PrefabsAPO/MainPrefabsAPO/LampTwin1LAAPO 1.prefab
  artifactKey: Guid(ebfc67af43893154cab2638b49eea003) Importer(815301076,1909f56bfc062723c751e8b465ee728b)
Start importing Assets/Asset/ReversedAssets/City Builder Urban/Apocalypse Edition/3DAPO/PrefabsAPO/MainPrefabsAPO/LampTwin1LAAPO 1.prefab using Guid(ebfc67af43893154cab2638b49eea003) Importer(815301076,1909f56bfc062723c751e8b465ee728b)  -> (artifact id: 'e3425222e77ac226728d4ec48fbf0de8') in 0.205684 seconds 
========================================================================
Received Import Request.
  Time since last request: 7.887783 seconds.
  path: Assets/Asset/ReversedAssets/City Builder Urban/Apocalypse Edition/3DAPO/PrefabsAPO/MainPrefabsAPO/LampTwin1LAAPO 1.prefab
  artifactKey: Guid(ebfc67af43893154cab2638b49eea003) Importer(815301076,1909f56bfc062723c751e8b465ee728b)
Start importing Assets/Asset/ReversedAssets/City Builder Urban/Apocalypse Edition/3DAPO/PrefabsAPO/MainPrefabsAPO/LampTwin1LAAPO 1.prefab using Guid(ebfc67af43893154cab2638b49eea003) Importer(815301076,1909f56bfc062723c751e8b465ee728b)  -> (artifact id: '28b98cb007b4cbbce1edbb299715011d') in 0.183402 seconds 
========================================================================
Received Import Request.
  Time since last request: 4.036434 seconds.
  path: Assets/Asset/ReversedAssets/City Builder Urban/Apocalypse Edition/3DAPO/PrefabsAPO/MainPrefabsAPO/LampTwin1LAAPO 1.prefab
  artifactKey: Guid(ebfc67af43893154cab2638b49eea003) Importer(815301076,1909f56bfc062723c751e8b465ee728b)
Start importing Assets/Asset/ReversedAssets/City Builder Urban/Apocalypse Edition/3DAPO/PrefabsAPO/MainPrefabsAPO/LampTwin1LAAPO 1.prefab using Guid(ebfc67af43893154cab2638b49eea003) Importer(815301076,1909f56bfc062723c751e8b465ee728b)  -> (artifact id: '78c1733b0b216367238557e22a2bd9f9') in 0.186145 seconds 
========================================================================
Received Import Request.
  Time since last request: 51.742285 seconds.
  path: Assets/Asset/ReversedAssets/City Builder Urban/Apocalypse Edition/3DAPO/PrefabsAPO/MainPrefabsAPO/LampTwin2NYAPO 1.prefab
  artifactKey: Guid(7dd125b5230b95d47bd7c6721ff9d130) Importer(815301076,1909f56bfc062723c751e8b465ee728b)
Start importing Assets/Asset/ReversedAssets/City Builder Urban/Apocalypse Edition/3DAPO/PrefabsAPO/MainPrefabsAPO/LampTwin2NYAPO 1.prefab using Guid(7dd125b5230b95d47bd7c6721ff9d130) Importer(815301076,1909f56bfc062723c751e8b465ee728b)  -> (artifact id: '11772bcdd8ae35c40dbacb4cfae98c61') in 0.056453 seconds 
========================================================================
Received Import Request.
  Time since last request: 4.505452 seconds.
  path: Assets/Asset/ReversedAssets/City Builder Urban/Apocalypse Edition/3DAPO/PrefabsAPO/MainPrefabsAPO/LampTwin2NYAPO 1.prefab
  artifactKey: Guid(7dd125b5230b95d47bd7c6721ff9d130) Importer(815301076,1909f56bfc062723c751e8b465ee728b)
Start importing Assets/Asset/ReversedAssets/City Builder Urban/Apocalypse Edition/3DAPO/PrefabsAPO/MainPrefabsAPO/LampTwin2NYAPO 1.prefab using Guid(7dd125b5230b95d47bd7c6721ff9d130) Importer(815301076,1909f56bfc062723c751e8b465ee728b)  -> (artifact id: '28f532fae94af0495a76f936d189f31e') in 0.048913 seconds 
========================================================================
Received Import Request.
  Time since last request: 9.534383 seconds.
  path: Assets/Asset/ReversedAssets/City Builder Urban/Apocalypse Edition/3DAPO/PrefabsAPO/MainPrefabsAPO/LampTwin1NYAPO 1.prefab
  artifactKey: Guid(cfd1fc5fb64477a459d7559c75b443e5) Importer(815301076,1909f56bfc062723c751e8b465ee728b)
Start importing Assets/Asset/ReversedAssets/City Builder Urban/Apocalypse Edition/3DAPO/PrefabsAPO/MainPrefabsAPO/LampTwin1NYAPO 1.prefab using Guid(cfd1fc5fb64477a459d7559c75b443e5) Importer(815301076,1909f56bfc062723c751e8b465ee728b)  -> (artifact id: '1e1e06255b708acbdc8e49edfe05138c') in 0.215045 seconds 
========================================================================
Received Import Request.
  Time since last request: 3.777777 seconds.
  path: Assets/Asset/ReversedAssets/City Builder Urban/Apocalypse Edition/3DAPO/PrefabsAPO/MainPrefabsAPO/LampTwin1NYAPO 1.prefab
  artifactKey: Guid(cfd1fc5fb64477a459d7559c75b443e5) Importer(815301076,1909f56bfc062723c751e8b465ee728b)
Start importing Assets/Asset/ReversedAssets/City Builder Urban/Apocalypse Edition/3DAPO/PrefabsAPO/MainPrefabsAPO/LampTwin1NYAPO 1.prefab using Guid(cfd1fc5fb64477a459d7559c75b443e5) Importer(815301076,1909f56bfc062723c751e8b465ee728b)  -> (artifact id: '1de5bd91f5119ab78044257179efe4f7') in 0.052060 seconds 
========================================================================
Received Import Request.
  Time since last request: 17.256554 seconds.
  path: Assets/Asset/ReversedAssets/City Builder Urban/Apocalypse Edition/3DAPO/PrefabsAPO/MainPrefabsAPO/Lamsp2NYAPO 1.prefab
  artifactKey: Guid(bc0190c579b8dfa49acdc429cdbd0a4a) Importer(815301076,1909f56bfc062723c751e8b465ee728b)
Start importing Assets/Asset/ReversedAssets/City Builder Urban/Apocalypse Edition/3DAPO/PrefabsAPO/MainPrefabsAPO/Lamsp2NYAPO 1.prefab using Guid(bc0190c579b8dfa49acdc429cdbd0a4a) Importer(815301076,1909f56bfc062723c751e8b465ee728b)  -> (artifact id: '58c3040b60760969db4b3adf513b6a82') in 0.155945 seconds 
========================================================================
Received Import Request.
  Time since last request: 35.833811 seconds.
  path: Assets/Asset/ReversedAssets/City Builder Urban/Apocalypse Edition/3DAPO/PrefabsAPO/MainPrefabsAPO/StreetLightAPO 1.prefab
  artifactKey: Guid(aa74163ab21102c468d40cc76215d140) Importer(815301076,1909f56bfc062723c751e8b465ee728b)
Start importing Assets/Asset/ReversedAssets/City Builder Urban/Apocalypse Edition/3DAPO/PrefabsAPO/MainPrefabsAPO/StreetLightAPO 1.prefab using Guid(aa74163ab21102c468d40cc76215d140) Importer(815301076,1909f56bfc062723c751e8b465ee728b)  -> (artifact id: '6aab67251677525e74342724c902cb54') in 0.126808 seconds 
========================================================================
Received Import Request.
  Time since last request: 9.132793 seconds.
  path: Assets/Asset/ReversedAssets/City Builder Urban/Apocalypse Edition/3DAPO/PrefabsAPO/MainPrefabsAPO/StreetLightAPO 1.prefab
  artifactKey: Guid(aa74163ab21102c468d40cc76215d140) Importer(815301076,1909f56bfc062723c751e8b465ee728b)
Start importing Assets/Asset/ReversedAssets/City Builder Urban/Apocalypse Edition/3DAPO/PrefabsAPO/MainPrefabsAPO/StreetLightAPO 1.prefab using Guid(aa74163ab21102c468d40cc76215d140) Importer(815301076,1909f56bfc062723c751e8b465ee728b)  -> (artifact id: '09e3d505473c87cbaa580c20cc99deb0') in 0.126482 seconds 
========================================================================
Received Import Request.
  Time since last request: 3.899304 seconds.
  path: Assets/Asset/ReversedAssets/City Builder Urban/Apocalypse Edition/3DAPO/PrefabsAPO/MainPrefabsAPO/StreetLightAPO 1.prefab
  artifactKey: Guid(aa74163ab21102c468d40cc76215d140) Importer(815301076,1909f56bfc062723c751e8b465ee728b)
Start importing Assets/Asset/ReversedAssets/City Builder Urban/Apocalypse Edition/3DAPO/PrefabsAPO/MainPrefabsAPO/StreetLightAPO 1.prefab using Guid(aa74163ab21102c468d40cc76215d140) Importer(815301076,1909f56bfc062723c751e8b465ee728b)  -> (artifact id: '3557da86108f7ca108116eb80bd4ff6f') in 0.121203 seconds 
========================================================================
Received Import Request.
  Time since last request: 2.281225 seconds.
  path: Assets/Asset/ReversedAssets/City Builder Urban/Apocalypse Edition/3DAPO/PrefabsAPO/MainPrefabsAPO/StreetLightAPO 1.prefab
  artifactKey: Guid(aa74163ab21102c468d40cc76215d140) Importer(815301076,1909f56bfc062723c751e8b465ee728b)
Start importing Assets/Asset/ReversedAssets/City Builder Urban/Apocalypse Edition/3DAPO/PrefabsAPO/MainPrefabsAPO/StreetLightAPO 1.prefab using Guid(aa74163ab21102c468d40cc76215d140) Importer(815301076,1909f56bfc062723c751e8b465ee728b)  -> (artifact id: 'd512db228ca6d976886e85880c1cd120') in 0.128816 seconds 
========================================================================
Received Prepare
Registering precompiled user dll's ...
Registered in 0.005675 seconds.
Begin MonoManager ReloadAssembly
Symbol file LoadedFromMemory doesn't match image C:\Users\human\OneDrive\바탕 화면\Git\Gravities\Gravity\Library\PackageCache\com.unity.visualscripting@1.7.8\Editor\VisualScripting.Core\Dependencies\YamlDotNet\Unity.VisualScripting.YamlDotNet.dll
Symbol file LoadedFromMemory doesn't match image C:\Users\human\OneDrive\바탕 화면\Git\Gravities\Gravity\Library\PackageCache\com.unity.visualscripting@1.7.8\Editor\VisualScripting.Core\Dependencies\DotNetZip\Unity.VisualScripting.IonicZip.dll
Native extension for WindowsStandalone target not found
Refreshing native plugins compatible for Editor in 1.72 ms, found 3 plugins.
Preloading 0 native plugins for Editor in 0.00 ms.
Error saving file Library/StateCache/LayerSettings/9e/9ecc5c3c162a7aba29bafa64c8b94b7c.json. Error: System.IO.IOException: Sharing violation on path C:\Users\human\OneDrive\바탕 화면\Git\Gravities\Gravity\Library\StateCache\LayerSettings\9e\9ecc5c3c162a7aba29bafa64c8b94b7c.json
  at System.IO.FileStream..ctor (System.String path, System.IO.FileMode mode, System.IO.FileAccess access, System.IO.FileShare share, System.Int32 bufferSize, System.Boolean anonymous, System.IO.FileOptions options) [0x0019e] in <9aad1b3a47484d63ba2b3985692d80e9>:0 
  at System.IO.FileStream..ctor (System.String path, System.IO.FileMode mode, System.IO.FileAccess access, System.IO.FileShare share, System.Int32 bufferSize, System.IO.FileOptions options) [0x00000] in <9aad1b3a47484d63ba2b3985692d80e9>:0 
  at (wrapper remoting-invoke-with-check) System.IO.FileStream..ctor(string,System.IO.FileMode,System.IO.FileAccess,System.IO.FileShare,int,System.IO.FileOptions)
  at System.IO.StreamWriter..ctor (System.String path, System.Boolean append, System.Text.Encoding encoding, System.Int32 bufferSize) [0x00055] in <9aad1b3a47484d63ba2b3985692d80e9>:0 
  at System.IO.StreamWriter..ctor (System.String path, System.Boolean append, System.Text.Encoding encoding) [0x00000] in <9aad1b3a47484d63ba2b3985692d80e9>:0 
  at (wrapper remoting-invoke-with-check) System.IO.StreamWriter..ctor(string,bool,System.Text.Encoding)
  at System.IO.File.WriteAllText (System.String path, System.String contents, System.Text.Encoding encoding) [0x00034] in <9aad1b3a47484d63ba2b3985692d80e9>:0 
  at UnityEditor.StateCache`1[T].SetState (UnityEngine.Hash128 key, T obj) [0x0004b] in <0d6ce211ebbc47e1a35a84c3672ff58f>:0 
UnityEngine.StackTraceUtility:ExtractStackTrace ()
UnityEngine.DebugLogHandler:LogFormat (UnityEngine.LogType,UnityEngine.Object,string,object[])
UnityEngine.Logger:Log (UnityEngine.LogType,object)
UnityEngine.Debug:LogError (object)
UnityEditor.StateCache`1<UnityEditor.Tools/LayerSettings>:SetState (UnityEngine.Hash128,UnityEditor.Tools/LayerSettings)
UnityEditor.Tools:set_lockedLayers (int)
UnityEditor.Tools:OnEnable ()
UnityEngine.ScriptableObject:CreateInstance (System.Type)
UnityEngine.ScriptableObject:CreateInstance<UnityEditor.Tools> ()
UnityEditor.Tools:get_get ()
UnityEditor.Tools:get_visibleLayers ()
UnityEditor.Animations.Rigging.BoneRendererUtils:.cctor () (at Library/PackageCache/com.unity.animation.rigging@1.1.1/Editor/Utils/BoneRendererUtils.cs:121)
System.Runtime.CompilerServices.RuntimeHelpers:RunClassConstructor (System.RuntimeTypeHandle)
UnityEditor.EditorAssemblies:ProcessInitializeOnLoadAttributes (System.Type[])

(Filename: Library/PackageCache/com.unity.animation.rigging@1.1.1/Editor/Utils/BoneRendererUtils.cs Line: 121)

Mono: successfully reloaded assembly
- Completed reload, in  1.563 seconds
Domain Reload Profiling:
	ReloadAssembly (1564ms)
		BeginReloadAssembly (172ms)
			ExecutionOrderSort (0ms)
			DisableScriptedObjects (11ms)
			BackupInstance (0ms)
			ReleaseScriptingObjects (0ms)
			CreateAndSetChildDomain (58ms)
		EndReloadAssembly (1241ms)
			LoadAssemblies (111ms)
			RebuildTransferFunctionScriptingTraits (0ms)
			SetupTypeCache (378ms)
			ReleaseScriptCaches (3ms)
			RebuildScriptCaches (59ms)
			SetupLoadedEditorAssemblies (561ms)
				LogAssemblyErrors (0ms)
				InitializePlatformSupportModulesInManaged (16ms)
				SetLoadedEditorAssemblies (1ms)
				RefreshPlugins (2ms)
				BeforeProcessingInitializeOnLoad (124ms)
				ProcessInitializeOnLoadAttributes (308ms)
				ProcessInitializeOnLoadMethodAttributes (101ms)
				AfterProcessingInitializeOnLoad (9ms)
				EditorAssembliesLoaded (0ms)
			ExecutionOrderSort2 (0ms)
			AwakeInstancesAfterBackupRestoration (35ms)
Platform modules already initialized, skipping
Refreshing native plugins compatible for Editor in 4.52 ms, found 3 plugins.
Preloading 0 native plugins for Editor in 0.00 ms.
Unloading 5181 Unused Serialized files (Serialized files now loaded: 0)
Unloading 39 unused Assets / (1.9 MB). Loaded Objects now: 5906.
Memory consumption went from 217.2 MB to 215.3 MB.
Total: 11.635900 ms (FindLiveObjects: 1.486800 ms CreateObjectMapping: 1.348300 ms MarkObjects: 7.439800 ms  DeleteObjects: 1.359100 ms)

AssetImportParameters requested are different than current active one (requested -> active):
  custom:video-decoder-ogg-theora: a1e56fd34408186e4bbccfd4996cb3dc -> 
  custom:container-muxer-webm: aa71ff27fc2769a1b78a27578f13a17b -> 
  custom:container-demuxer-webm: 4f35f7cbe854078d1ac9338744f61a02 -> 
  custom:video-encoder-webm-vp8: eb34c28f22e8b96e1ab97ce403110664 -> 
  custom:audio-encoder-webm-vorbis: bf7c407c2cedff20999df2af8eb42d56 -> 
  custom:framework-win-MediaFoundation: 216162199b28c13a410421893ffa2e32 -> 
  custom:container-demuxer-ogg: 62fdf1f143b41e24485cea50d1cbac27 -> 
  custom:video-decoder-webm-vp8: 9c59270c3fd7afecdb556c50c9e8de78 -> 
  custom:audio-decoder-ogg-vorbis: bf7c407c2cedff20999df2af8eb42d56 -> 
========================================================================
Received Import Request.
  Time since last request: 581.372720 seconds.
  path: Assets/Asset/ReversedAssets/City Builder Urban/Apocalypse Edition/3DAPO/PrefabsAPO/MainPrefabsAPO/Lamp1LAAPO 1.prefab
  artifactKey: Guid(eb2a80da926cfb44280fe0de11683ffd) Importer(815301076,1909f56bfc062723c751e8b465ee728b)
Start importing Assets/Asset/ReversedAssets/City Builder Urban/Apocalypse Edition/3DAPO/PrefabsAPO/MainPrefabsAPO/Lamp1LAAPO 1.prefab using Guid(eb2a80da926cfb44280fe0de11683ffd) Importer(815301076,1909f56bfc062723c751e8b465ee728b)  -> (artifact id: '43742b2dcd9ca552c46ad8742a551376') in 0.386389 seconds 
========================================================================
Received Prepare
Registering precompiled user dll's ...
Registered in 0.006390 seconds.
Begin MonoManager ReloadAssembly
Symbol file LoadedFromMemory doesn't match image C:\Users\human\OneDrive\바탕 화면\Git\Gravities\Gravity\Library\PackageCache\com.unity.visualscripting@1.7.8\Editor\VisualScripting.Core\Dependencies\YamlDotNet\Unity.VisualScripting.YamlDotNet.dll
Symbol file LoadedFromMemory doesn't match image C:\Users\human\OneDrive\바탕 화면\Git\Gravities\Gravity\Library\PackageCache\com.unity.visualscripting@1.7.8\Editor\VisualScripting.Core\Dependencies\DotNetZip\Unity.VisualScripting.IonicZip.dll
Native extension for WindowsStandalone target not found
Refreshing native plugins compatible for Editor in 0.91 ms, found 3 plugins.
Preloading 0 native plugins for Editor in 0.00 ms.
Mono: successfully reloaded assembly
- Completed reload, in  1.088 seconds
Domain Reload Profiling:
	ReloadAssembly (1089ms)
		BeginReloadAssembly (115ms)
			ExecutionOrderSort (0ms)
			DisableScriptedObjects (6ms)
			BackupInstance (0ms)
			ReleaseScriptingObjects (0ms)
			CreateAndSetChildDomain (38ms)
		EndReloadAssembly (882ms)
			LoadAssemblies (73ms)
			RebuildTransferFunctionScriptingTraits (0ms)
			SetupTypeCache (277ms)
			ReleaseScriptCaches (2ms)
			RebuildScriptCaches (56ms)
			SetupLoadedEditorAssemblies (385ms)
				LogAssemblyErrors (0ms)
				InitializePlatformSupportModulesInManaged (11ms)
				SetLoadedEditorAssemblies (0ms)
				RefreshPlugins (1ms)
				BeforeProcessingInitializeOnLoad (76ms)
				ProcessInitializeOnLoadAttributes (202ms)
				ProcessInitializeOnLoadMethodAttributes (88ms)
				AfterProcessingInitializeOnLoad (7ms)
				EditorAssembliesLoaded (0ms)
			ExecutionOrderSort2 (0ms)
			AwakeInstancesAfterBackupRestoration (28ms)
Platform modules already initialized, skipping
Refreshing native plugins compatible for Editor in 3.69 ms, found 3 plugins.
Preloading 0 native plugins for Editor in 0.00 ms.
Unloading 5181 Unused Serialized files (Serialized files now loaded: 0)
Unloading 39 unused Assets / (1.9 MB). Loaded Objects now: 5951.
Memory consumption went from 217.3 MB to 215.4 MB.
Total: 5.145200 ms (FindLiveObjects: 0.580800 ms CreateObjectMapping: 0.403000 ms MarkObjects: 3.326300 ms  DeleteObjects: 0.833900 ms)

AssetImportParameters requested are different than current active one (requested -> active):
  custom:video-decoder-ogg-theora: a1e56fd34408186e4bbccfd4996cb3dc -> 
  custom:container-muxer-webm: aa71ff27fc2769a1b78a27578f13a17b -> 
  custom:container-demuxer-webm: 4f35f7cbe854078d1ac9338744f61a02 -> 
  custom:video-encoder-webm-vp8: eb34c28f22e8b96e1ab97ce403110664 -> 
  custom:audio-encoder-webm-vorbis: bf7c407c2cedff20999df2af8eb42d56 -> 
  custom:framework-win-MediaFoundation: 216162199b28c13a410421893ffa2e32 -> 
  custom:container-demuxer-ogg: 62fdf1f143b41e24485cea50d1cbac27 -> 
  custom:video-decoder-webm-vp8: 9c59270c3fd7afecdb556c50c9e8de78 -> 
  custom:audio-decoder-ogg-vorbis: bf7c407c2cedff20999df2af8eb42d56 -> 
