Using pre-set license
Built from '2021.3/staging' branch; Version is '2021.3.9f1 (ad3870b89536) revision 11352176'; Using compiler version '192829333'; Build Type 'Release'
OS: 'Windows 10  (10.0.19045) 64bit Professional' Language: 'ko' Physical Memory: 16167 MB
BatchMode: 1, IsHumanControllingUs: 0, StartBugReporterOnCrash: 0, Is64bit: 1, IsPro: 1

COMMAND LINE ARGUMENTS:
C:\Program Files\Unity\Hub\Editor\2021.3.9f1\Editor\Unity.exe
-adb2
-batchMode
-noUpm
-name
AssetImportWorker0
-projectPath
C:/Users/human/OneDrive/바탕 화면/Git/Gravities/Gravity
-logFile
Logs/AssetImportWorker0.log
-srvPort
61553
Successfully changed project path to: C:/Users/human/OneDrive/바탕 화면/Git/Gravities/Gravity
C:/Users/human/OneDrive/바탕 화면/Git/Gravities/Gravity
[UnityMemory] Configuration Parameters - Can be set up in boot.config
    "memorysetup-bucket-allocator-granularity=16"
    "memorysetup-bucket-allocator-bucket-count=8"
    "memorysetup-bucket-allocator-block-size=33554432"
    "memorysetup-bucket-allocator-block-count=8"
    "memorysetup-main-allocator-block-size=16777216"
    "memorysetup-thread-allocator-block-size=16777216"
    "memorysetup-gfx-main-allocator-block-size=16777216"
    "memorysetup-gfx-thread-allocator-block-size=16777216"
    "memorysetup-cache-allocator-block-size=4194304"
    "memorysetup-typetree-allocator-block-size=2097152"
    "memorysetup-profiler-bucket-allocator-granularity=16"
    "memorysetup-profiler-bucket-allocator-bucket-count=8"
    "memorysetup-profiler-bucket-allocator-block-size=33554432"
    "memorysetup-profiler-bucket-allocator-block-count=8"
    "memorysetup-profiler-allocator-block-size=16777216"
    "memorysetup-profiler-editor-allocator-block-size=1048576"
    "memorysetup-temp-allocator-size-main=16777216"
    "memorysetup-job-temp-allocator-block-size=2097152"
    "memorysetup-job-temp-allocator-block-size-background=1048576"
    "memorysetup-job-temp-allocator-reduction-small-platforms=262144"
    "memorysetup-temp-allocator-size-background-worker=32768"
    "memorysetup-temp-allocator-size-job-worker=262144"
    "memorysetup-temp-allocator-size-preload-manager=33554432"
    "memorysetup-temp-allocator-size-nav-mesh-worker=65536"
    "memorysetup-temp-allocator-size-audio-worker=65536"
    "memorysetup-temp-allocator-size-cloud-worker=32768"
    "memorysetup-temp-allocator-size-gi-baking-worker=262144"
    "memorysetup-temp-allocator-size-gfx=262144"
Refreshing native plugins compatible for Editor in 95.84 ms, found 3 plugins.
Preloading 0 native plugins for Editor in 0.00 ms.
Initialize engine version: 2021.3.9f1 (ad3870b89536)
[Subsystems] Discovering subsystems at path C:/Program Files/Unity/Hub/Editor/2021.3.9f1/Editor/Data/Resources/UnitySubsystems
[Subsystems] Discovering subsystems at path C:/Users/human/OneDrive/바탕 화면/Git/Gravities/Gravity/Assets
GfxDevice: creating device client; threaded=0; jobified=0
Direct3D:
    Version:  Direct3D 11.0 [level 11.1]
    Renderer: NVIDIA GeForce MX450 (ID=0x1f97)
    Vendor:   NVIDIA
    VRAM:     1928 MB
    Driver:   31.0.15.2225
Initialize mono
Mono path[0] = 'C:/Program Files/Unity/Hub/Editor/2021.3.9f1/Editor/Data/Managed'
Mono path[1] = 'C:/Program Files/Unity/Hub/Editor/2021.3.9f1/Editor/Data/MonoBleedingEdge/lib/mono/unityjit-win32'
Mono config path = 'C:/Program Files/Unity/Hub/Editor/2021.3.9f1/Editor/Data/MonoBleedingEdge/etc'
Using monoOptions --debugger-agent=transport=dt_socket,embedding=1,server=y,suspend=n,address=127.0.0.1:56844
Begin MonoManager ReloadAssembly
Registering precompiled unity dll's ...
Register platform support module: C:/Program Files/Unity/Hub/Editor/2021.3.9f1/Editor/Data/PlaybackEngines/WindowsStandaloneSupport/UnityEditor.WindowsStandalone.Extensions.dll
Registered in 0.004889 seconds.
Native extension for WindowsStandalone target not found
Refreshing native plugins compatible for Editor in 99.38 ms, found 3 plugins.
Preloading 0 native plugins for Editor in 0.00 ms.
Mono: successfully reloaded assembly
- Completed reload, in  0.559 seconds
Domain Reload Profiling:
	ReloadAssembly (560ms)
		BeginReloadAssembly (56ms)
			ExecutionOrderSort (0ms)
			DisableScriptedObjects (0ms)
			BackupInstance (0ms)
			ReleaseScriptingObjects (0ms)
			CreateAndSetChildDomain (1ms)
		EndReloadAssembly (412ms)
			LoadAssemblies (55ms)
			RebuildTransferFunctionScriptingTraits (0ms)
			SetupTypeCache (85ms)
			ReleaseScriptCaches (0ms)
			RebuildScriptCaches (30ms)
			SetupLoadedEditorAssemblies (254ms)
				LogAssemblyErrors (0ms)
				InitializePlatformSupportModulesInManaged (9ms)
				SetLoadedEditorAssemblies (0ms)
				RefreshPlugins (99ms)
				BeforeProcessingInitializeOnLoad (1ms)
				ProcessInitializeOnLoadAttributes (99ms)
				ProcessInitializeOnLoadMethodAttributes (46ms)
				AfterProcessingInitializeOnLoad (0ms)
				EditorAssembliesLoaded (0ms)
			ExecutionOrderSort2 (0ms)
			AwakeInstancesAfterBackupRestoration (0ms)
Platform modules already initialized, skipping
Registering precompiled user dll's ...
Registered in 0.005148 seconds.
Begin MonoManager ReloadAssembly
Symbol file LoadedFromMemory doesn't match image C:\Users\human\OneDrive\바탕 화면\Git\Gravities\Gravity\Library\PackageCache\com.unity.visualscripting@1.7.8\Editor\VisualScripting.Core\Dependencies\YamlDotNet\Unity.VisualScripting.YamlDotNet.dll
Symbol file LoadedFromMemory doesn't match image C:\Users\human\OneDrive\바탕 화면\Git\Gravities\Gravity\Library\PackageCache\com.unity.visualscripting@1.7.8\Editor\VisualScripting.Core\Dependencies\DotNetZip\Unity.VisualScripting.IonicZip.dll
Native extension for WindowsStandalone target not found
Refreshing native plugins compatible for Editor in 100.01 ms, found 3 plugins.
Preloading 0 native plugins for Editor in 0.00 ms.
Mono: successfully reloaded assembly
- Completed reload, in  1.160 seconds
Domain Reload Profiling:
	ReloadAssembly (1160ms)
		BeginReloadAssembly (97ms)
			ExecutionOrderSort (0ms)
			DisableScriptedObjects (4ms)
			BackupInstance (0ms)
			ReleaseScriptingObjects (0ms)
			CreateAndSetChildDomain (16ms)
		EndReloadAssembly (973ms)
			LoadAssemblies (63ms)
			RebuildTransferFunctionScriptingTraits (0ms)
			SetupTypeCache (248ms)
			ReleaseScriptCaches (1ms)
			RebuildScriptCaches (127ms)
			SetupLoadedEditorAssemblies (481ms)
				LogAssemblyErrors (0ms)
				InitializePlatformSupportModulesInManaged (3ms)
				SetLoadedEditorAssemblies (0ms)
				RefreshPlugins (100ms)
				BeforeProcessingInitializeOnLoad (93ms)
				ProcessInitializeOnLoadAttributes (209ms)
				ProcessInitializeOnLoadMethodAttributes (71ms)
				AfterProcessingInitializeOnLoad (5ms)
				EditorAssembliesLoaded (0ms)
			ExecutionOrderSort2 (0ms)
			AwakeInstancesAfterBackupRestoration (4ms)
Platform modules already initialized, skipping
========================================================================
Worker process is ready to serve import requests
Launched and connected shader compiler UnityShaderCompiler.exe after 0.03 seconds
Refreshing native plugins compatible for Editor in 0.87 ms, found 3 plugins.
Preloading 0 native plugins for Editor in 0.00 ms.
Unloading 5328 Unused Serialized files (Serialized files now loaded: 0)
Unloading 46 unused Assets / (1.9 MB). Loaded Objects now: 5770.
Memory consumption went from 215.6 MB to 213.7 MB.
Total: 3.602600 ms (FindLiveObjects: 0.403400 ms CreateObjectMapping: 0.206800 ms MarkObjects: 2.427800 ms  DeleteObjects: 0.563200 ms)

AssetImportParameters requested are different than current active one (requested -> active):
  custom:video-decoder-ogg-theora: a1e56fd34408186e4bbccfd4996cb3dc -> 
  custom:container-muxer-webm: aa71ff27fc2769a1b78a27578f13a17b -> 
  custom:container-demuxer-webm: 4f35f7cbe854078d1ac9338744f61a02 -> 
  custom:video-encoder-webm-vp8: eb34c28f22e8b96e1ab97ce403110664 -> 
  custom:audio-encoder-webm-vorbis: bf7c407c2cedff20999df2af8eb42d56 -> 
  custom:framework-win-MediaFoundation: 216162199b28c13a410421893ffa2e32 -> 
  custom:container-demuxer-ogg: 62fdf1f143b41e24485cea50d1cbac27 -> 
  custom:video-decoder-webm-vp8: 9c59270c3fd7afecdb556c50c9e8de78 -> 
  custom:audio-decoder-ogg-vorbis: bf7c407c2cedff20999df2af8eb42d56 -> 
========================================================================
Received Import Request.
  Time since last request: 69558.608087 seconds.
  path: Assets/Asset/ReversedAssets/City Builder Urban/Apocalypse Edition/3DAPO/PrefabsAPO/MainPrefabsAPO/Camaras1NYAPO 1.prefab
  artifactKey: Guid(f3545054e1620cd418a183aae302d9d2) Importer(815301076,1909f56bfc062723c751e8b465ee728b)
Start importing Assets/Asset/ReversedAssets/City Builder Urban/Apocalypse Edition/3DAPO/PrefabsAPO/MainPrefabsAPO/Camaras1NYAPO 1.prefab using Guid(f3545054e1620cd418a183aae302d9d2) Importer(815301076,1909f56bfc062723c751e8b465ee728b)  -> (artifact id: 'b27d67f62f0fc6e132f7419de961aeee') in 1.815058 seconds 
========================================================================
Received Import Request.
  Time since last request: 0.000038 seconds.
  path: Assets/Asset/ReversedAssets/City Builder Urban/Apocalypse Edition/3DAPO/PrefabsAPO/MainPrefabsAPO/PlantBed3APOAPO 1.prefab
  artifactKey: Guid(f1f460c14106eeb4d8c3506657d0f844) Importer(815301076,1909f56bfc062723c751e8b465ee728b)
Start importing Assets/Asset/ReversedAssets/City Builder Urban/Apocalypse Edition/3DAPO/PrefabsAPO/MainPrefabsAPO/PlantBed3APOAPO 1.prefab using Guid(f1f460c14106eeb4d8c3506657d0f844) Importer(815301076,1909f56bfc062723c751e8b465ee728b)  -> (artifact id: 'de30b32d7dfc510eb7b430c930075d53') in 0.027889 seconds 
========================================================================
Received Import Request.
  Time since last request: 0.000048 seconds.
  path: Assets/Asset/ReversedAssets/City Builder Urban/Apocalypse Edition/3DAPO/PrefabsAPO/MainPrefabsAPO/PlantBedMetal2APO 1.prefab
  artifactKey: Guid(85d4e84596fdf5e448804d6cd0da70ec) Importer(815301076,1909f56bfc062723c751e8b465ee728b)
Start importing Assets/Asset/ReversedAssets/City Builder Urban/Apocalypse Edition/3DAPO/PrefabsAPO/MainPrefabsAPO/PlantBedMetal2APO 1.prefab using Guid(85d4e84596fdf5e448804d6cd0da70ec) Importer(815301076,1909f56bfc062723c751e8b465ee728b)  -> (artifact id: 'd1ed9d6958d1cb69d23d538cf5d59c6f') in 0.030053 seconds 
========================================================================
Received Import Request.
  Time since last request: 0.000029 seconds.
  path: Assets/Asset/ReversedAssets/City Builder Urban/Apocalypse Edition/3DAPO/PrefabsAPO/MainPrefabsAPO/MetalRailAPO 1.prefab
  artifactKey: Guid(e16a3d8fdc599ef428f927def5356770) Importer(815301076,1909f56bfc062723c751e8b465ee728b)
Start importing Assets/Asset/ReversedAssets/City Builder Urban/Apocalypse Edition/3DAPO/PrefabsAPO/MainPrefabsAPO/MetalRailAPO 1.prefab using Guid(e16a3d8fdc599ef428f927def5356770) Importer(815301076,1909f56bfc062723c751e8b465ee728b)  -> (artifact id: 'c343f3393d4071133225d796900bd242') in 0.029067 seconds 
========================================================================
Received Import Request.
  Time since last request: 0.000029 seconds.
  path: Assets/Asset/ReversedAssets/City Builder Urban/Apocalypse Edition/3DAPO/PrefabsAPO/MainPrefabsAPO/FenceChainLinkAPO 1.prefab
  artifactKey: Guid(f2105b9af1ce5e143aded9c5ffe485ab) Importer(815301076,1909f56bfc062723c751e8b465ee728b)
Start importing Assets/Asset/ReversedAssets/City Builder Urban/Apocalypse Edition/3DAPO/PrefabsAPO/MainPrefabsAPO/FenceChainLinkAPO 1.prefab using Guid(f2105b9af1ce5e143aded9c5ffe485ab) Importer(815301076,1909f56bfc062723c751e8b465ee728b)  -> (artifact id: 'e17a499389a4345c5950934f4a5649af') in 1.854041 seconds 
========================================================================
Received Import Request.
  Time since last request: 0.000056 seconds.
  path: Assets/Asset/ReversedAssets/City Builder Urban/Apocalypse Edition/3DAPO/PrefabsAPO/MainPrefabsAPO/FenceSpikedAPO 1.prefab
  artifactKey: Guid(28278e4dad556b54b85cf9e53527c09f) Importer(815301076,1909f56bfc062723c751e8b465ee728b)
Start importing Assets/Asset/ReversedAssets/City Builder Urban/Apocalypse Edition/3DAPO/PrefabsAPO/MainPrefabsAPO/FenceSpikedAPO 1.prefab using Guid(28278e4dad556b54b85cf9e53527c09f) Importer(815301076,1909f56bfc062723c751e8b465ee728b)  -> (artifact id: '20294a8503ada7032ad808d2fde9b0ea') in 0.066121 seconds 
========================================================================
Received Import Request.
  Time since last request: 0.000042 seconds.
  path: Assets/Asset/ReversedAssets/City Builder Urban/Apocalypse Edition/3DAPO/PrefabsAPO/MainPrefabsAPO/Path_WideCornerRAPO 1.prefab
  artifactKey: Guid(6364519fa4bb5ac4e997b326bda4c0a5) Importer(815301076,1909f56bfc062723c751e8b465ee728b)
Start importing Assets/Asset/ReversedAssets/City Builder Urban/Apocalypse Edition/3DAPO/PrefabsAPO/MainPrefabsAPO/Path_WideCornerRAPO 1.prefab using Guid(6364519fa4bb5ac4e997b326bda4c0a5) Importer(815301076,1909f56bfc062723c751e8b465ee728b)  -> (artifact id: '5bb9e916122b316f7d488406ec45513c') in 0.075601 seconds 
========================================================================
Received Import Request.
  Time since last request: 0.000029 seconds.
  path: Assets/Asset/ReversedAssets/City Builder Urban/Apocalypse Edition/3DAPO/PrefabsAPO/MainPrefabsAPO/PlantBlockAPO 1.prefab
  artifactKey: Guid(736f338a725a23d4295695c6e7671706) Importer(815301076,1909f56bfc062723c751e8b465ee728b)
Start importing Assets/Asset/ReversedAssets/City Builder Urban/Apocalypse Edition/3DAPO/PrefabsAPO/MainPrefabsAPO/PlantBlockAPO 1.prefab using Guid(736f338a725a23d4295695c6e7671706) Importer(815301076,1909f56bfc062723c751e8b465ee728b)  -> (artifact id: '9ea7e82ee7da2dc4f3540c7c6c6f4262') in 0.059904 seconds 
========================================================================
Received Import Request.
  Time since last request: 0.000083 seconds.
  path: Assets/Asset/ReversedAssets/City Builder Urban/Apocalypse Edition/3DAPO/PrefabsAPO/MainPrefabsAPO/FenceRailAPO 1.prefab
  artifactKey: Guid(16ee7e33d4c7f0b419f2a9c254f5c0f9) Importer(815301076,1909f56bfc062723c751e8b465ee728b)
Start importing Assets/Asset/ReversedAssets/City Builder Urban/Apocalypse Edition/3DAPO/PrefabsAPO/MainPrefabsAPO/FenceRailAPO 1.prefab using Guid(16ee7e33d4c7f0b419f2a9c254f5c0f9) Importer(815301076,1909f56bfc062723c751e8b465ee728b)  -> (artifact id: 'fae35dcc3806ea41743cb979f04d30d7') in 0.037914 seconds 
========================================================================
Received Import Request.
  Time since last request: 0.000034 seconds.
  path: Assets/Asset/ReversedAssets/City Builder Urban/Apocalypse Edition/3DAPO/PrefabsAPO/MainPrefabsAPO/PlantBed5APO 1.prefab
  artifactKey: Guid(887bc858dedc1b44f996002a274e3299) Importer(815301076,1909f56bfc062723c751e8b465ee728b)
Start importing Assets/Asset/ReversedAssets/City Builder Urban/Apocalypse Edition/3DAPO/PrefabsAPO/MainPrefabsAPO/PlantBed5APO 1.prefab using Guid(887bc858dedc1b44f996002a274e3299) Importer(815301076,1909f56bfc062723c751e8b465ee728b)  -> (artifact id: 'c040d6c1b835798ecb0fae704bdb8db4') in 0.025191 seconds 
========================================================================
Received Import Request.
  Time since last request: 0.000038 seconds.
  path: Assets/Asset/ReversedAssets/City Builder Urban/Apocalypse Edition/3DAPO/PrefabsAPO/MainPrefabsAPO/LampTwin1NYAPO 1.prefab
  artifactKey: Guid(cfd1fc5fb64477a459d7559c75b443e5) Importer(815301076,1909f56bfc062723c751e8b465ee728b)
Start importing Assets/Asset/ReversedAssets/City Builder Urban/Apocalypse Edition/3DAPO/PrefabsAPO/MainPrefabsAPO/LampTwin1NYAPO 1.prefab using Guid(cfd1fc5fb64477a459d7559c75b443e5) Importer(815301076,1909f56bfc062723c751e8b465ee728b)  -> (artifact id: '1de5bd91f5119ab78044257179efe4f7') in 0.054439 seconds 
========================================================================
Received Import Request.
  Time since last request: 0.000031 seconds.
  path: Assets/Asset/ReversedAssets/City Builder Urban/Apocalypse Edition/3DAPO/PrefabsAPO/MainPrefabsAPO/FireHydrantAPO 1.prefab
  artifactKey: Guid(b46b39e3925fb3c4c8e8a4859ee2b1fd) Importer(815301076,1909f56bfc062723c751e8b465ee728b)
Start importing Assets/Asset/ReversedAssets/City Builder Urban/Apocalypse Edition/3DAPO/PrefabsAPO/MainPrefabsAPO/FireHydrantAPO 1.prefab using Guid(b46b39e3925fb3c4c8e8a4859ee2b1fd) Importer(815301076,1909f56bfc062723c751e8b465ee728b)  -> (artifact id: 'd3d25642488665a9c578449f96a34329') in 0.025161 seconds 
========================================================================
Received Import Request.
  Time since last request: 0.000026 seconds.
  path: Assets/Asset/ReversedAssets/City Builder Urban/Apocalypse Edition/3DAPO/PrefabsAPO/MainPrefabsAPO/Drain2APO 1.prefab
  artifactKey: Guid(f4274d5850bb171469cca5fcd702dbb5) Importer(815301076,1909f56bfc062723c751e8b465ee728b)
Start importing Assets/Asset/ReversedAssets/City Builder Urban/Apocalypse Edition/3DAPO/PrefabsAPO/MainPrefabsAPO/Drain2APO 1.prefab using Guid(f4274d5850bb171469cca5fcd702dbb5) Importer(815301076,1909f56bfc062723c751e8b465ee728b)  -> (artifact id: '26f9685003a1352d22c51d54a2a569a5') in 0.023848 seconds 
========================================================================
Received Import Request.
  Time since last request: 0.000022 seconds.
  path: Assets/Asset/ReversedAssets/City Builder Urban/Apocalypse Edition/3DAPO/PrefabsAPO/MainPrefabsAPO/deer.prefab
  artifactKey: Guid(c2e9a6c301292c14f91b6c5f83daf6f5) Importer(815301076,1909f56bfc062723c751e8b465ee728b)
Start importing Assets/Asset/ReversedAssets/City Builder Urban/Apocalypse Edition/3DAPO/PrefabsAPO/MainPrefabsAPO/deer.prefab using Guid(c2e9a6c301292c14f91b6c5f83daf6f5) Importer(815301076,1909f56bfc062723c751e8b465ee728b)  -> (artifact id: 'f0e2dd42aa3f17eb9f91dedf2ea32338') in 0.038558 seconds 
========================================================================
Received Import Request.
  Time since last request: 0.000028 seconds.
  path: Assets/Asset/ReversedAssets/City Builder Urban/Apocalypse Edition/3DAPO/PrefabsAPO/MainPrefabsAPO/Lamsp1NYAPO 1.prefab
  artifactKey: Guid(13ce3d6c751e96d409219299f3a63cc8) Importer(815301076,1909f56bfc062723c751e8b465ee728b)
Start importing Assets/Asset/ReversedAssets/City Builder Urban/Apocalypse Edition/3DAPO/PrefabsAPO/MainPrefabsAPO/Lamsp1NYAPO 1.prefab using Guid(13ce3d6c751e96d409219299f3a63cc8) Importer(815301076,1909f56bfc062723c751e8b465ee728b)  -> (artifact id: 'e70dad63735ab8fa743c0bbd69ac3cd9') in 0.050585 seconds 
========================================================================
Received Import Request.
  Time since last request: 0.000049 seconds.
  path: Assets/Asset/ReversedAssets/City Builder Urban/Apocalypse Edition/3DAPO/PrefabsAPO/MainPrefabsAPO/Drain4APO 1.prefab
  artifactKey: Guid(1103bc955c2595b4ca5597f3314fb175) Importer(815301076,1909f56bfc062723c751e8b465ee728b)
Start importing Assets/Asset/ReversedAssets/City Builder Urban/Apocalypse Edition/3DAPO/PrefabsAPO/MainPrefabsAPO/Drain4APO 1.prefab using Guid(1103bc955c2595b4ca5597f3314fb175) Importer(815301076,1909f56bfc062723c751e8b465ee728b)  -> (artifact id: 'de141625a043697c2232d95eb9b3a76d') in 0.027465 seconds 
========================================================================
Received Import Request.
  Time since last request: 0.000070 seconds.
  path: Assets/Asset/ReversedAssets/City Builder Urban/Apocalypse Edition/3DAPO/PrefabsAPO/MainPrefabsAPO/ivy4APO.prefab
  artifactKey: Guid(f871fee5ded1e694cacd7dca189d1c6d) Importer(815301076,1909f56bfc062723c751e8b465ee728b)
Start importing Assets/Asset/ReversedAssets/City Builder Urban/Apocalypse Edition/3DAPO/PrefabsAPO/MainPrefabsAPO/ivy4APO.prefab using Guid(f871fee5ded1e694cacd7dca189d1c6d) Importer(815301076,1909f56bfc062723c751e8b465ee728b)  -> (artifact id: '84b31b34b7519cd2a7d61f4d061069c2') in 1.914972 seconds 
========================================================================
Received Import Request.
  Time since last request: 0.000046 seconds.
  path: Assets/Asset/ReversedAssets/City Builder Urban/Apocalypse Edition/3DAPO/PrefabsAPO/MainPrefabsAPO/GameObjectAPO.prefab
  artifactKey: Guid(ba046b9272667734f94fad431aff0773) Importer(815301076,1909f56bfc062723c751e8b465ee728b)
Start importing Assets/Asset/ReversedAssets/City Builder Urban/Apocalypse Edition/3DAPO/PrefabsAPO/MainPrefabsAPO/GameObjectAPO.prefab using Guid(ba046b9272667734f94fad431aff0773) Importer(815301076,1909f56bfc062723c751e8b465ee728b)  -> (artifact id: '6908e1429fc94bb832ba107278a88e18') in 1.178918 seconds 
========================================================================
Received Import Request.
  Time since last request: 4.921715 seconds.
  path: Assets/UserFolder/Scenes/GameScene.unity
  artifactKey: Guid(99c9720ab356a0642a771bea13969a05) Importer(815301076,1909f56bfc062723c751e8b465ee728b)
Start importing Assets/UserFolder/Scenes/GameScene.unity using Guid(99c9720ab356a0642a771bea13969a05) Importer(815301076,1909f56bfc062723c751e8b465ee728b)  -> (artifact id: '7089646ac375d2791e141470d5f3f126') in 0.006503 seconds 
========================================================================
Received Prepare
Registering precompiled user dll's ...
Registered in 0.005908 seconds.
Begin MonoManager ReloadAssembly
Symbol file LoadedFromMemory doesn't match image C:\Users\human\OneDrive\바탕 화면\Git\Gravities\Gravity\Library\PackageCache\com.unity.visualscripting@1.7.8\Editor\VisualScripting.Core\Dependencies\YamlDotNet\Unity.VisualScripting.YamlDotNet.dll
Symbol file LoadedFromMemory doesn't match image C:\Users\human\OneDrive\바탕 화면\Git\Gravities\Gravity\Library\PackageCache\com.unity.visualscripting@1.7.8\Editor\VisualScripting.Core\Dependencies\DotNetZip\Unity.VisualScripting.IonicZip.dll
Native extension for WindowsStandalone target not found
Refreshing native plugins compatible for Editor in 0.87 ms, found 3 plugins.
Preloading 0 native plugins for Editor in 0.00 ms.
Mono: successfully reloaded assembly
- Completed reload, in  1.090 seconds
Domain Reload Profiling:
	ReloadAssembly (1091ms)
		BeginReloadAssembly (117ms)
			ExecutionOrderSort (0ms)
			DisableScriptedObjects (6ms)
			BackupInstance (0ms)
			ReleaseScriptingObjects (0ms)
			CreateAndSetChildDomain (38ms)
		EndReloadAssembly (881ms)
			LoadAssemblies (81ms)
			RebuildTransferFunctionScriptingTraits (0ms)
			SetupTypeCache (286ms)
			ReleaseScriptCaches (3ms)
			RebuildScriptCaches (47ms)
			SetupLoadedEditorAssemblies (377ms)
				LogAssemblyErrors (0ms)
				InitializePlatformSupportModulesInManaged (12ms)
				SetLoadedEditorAssemblies (0ms)
				RefreshPlugins (1ms)
				BeforeProcessingInitializeOnLoad (80ms)
				ProcessInitializeOnLoadAttributes (200ms)
				ProcessInitializeOnLoadMethodAttributes (79ms)
				AfterProcessingInitializeOnLoad (5ms)
				EditorAssembliesLoaded (0ms)
			ExecutionOrderSort2 (0ms)
			AwakeInstancesAfterBackupRestoration (18ms)
Platform modules already initialized, skipping
Refreshing native plugins compatible for Editor in 4.13 ms, found 3 plugins.
Preloading 0 native plugins for Editor in 0.00 ms.
Unloading 5184 Unused Serialized files (Serialized files now loaded: 0)
Unloading 39 unused Assets / (1.9 MB). Loaded Objects now: 5835.
Memory consumption went from 214.0 MB to 212.1 MB.
Total: 4.402400 ms (FindLiveObjects: 0.562100 ms CreateObjectMapping: 0.821800 ms MarkObjects: 2.618100 ms  DeleteObjects: 0.399300 ms)

AssetImportParameters requested are different than current active one (requested -> active):
  custom:video-decoder-ogg-theora: a1e56fd34408186e4bbccfd4996cb3dc -> 
  custom:container-muxer-webm: aa71ff27fc2769a1b78a27578f13a17b -> 
  custom:container-demuxer-webm: 4f35f7cbe854078d1ac9338744f61a02 -> 
  custom:video-encoder-webm-vp8: eb34c28f22e8b96e1ab97ce403110664 -> 
  custom:audio-encoder-webm-vorbis: bf7c407c2cedff20999df2af8eb42d56 -> 
  custom:framework-win-MediaFoundation: 216162199b28c13a410421893ffa2e32 -> 
  custom:container-demuxer-ogg: 62fdf1f143b41e24485cea50d1cbac27 -> 
  custom:video-decoder-webm-vp8: 9c59270c3fd7afecdb556c50c9e8de78 -> 
  custom:audio-decoder-ogg-vorbis: bf7c407c2cedff20999df2af8eb42d56 -> 
========================================================================
Received Import Request.
  Time since last request: 189.113732 seconds.
  path: Assets/Asset/Protofactor/Monster Full Pack Vol 2/Monster Pack Vol 7/Horridomorph/FBX Files/Horridomorph@BiteAttack.fbx
  artifactKey: Guid(42de12de929a65046a35c1859fcd4764) Importer(815301076,1909f56bfc062723c751e8b465ee728b)
Start importing Assets/Asset/Protofactor/Monster Full Pack Vol 2/Monster Pack Vol 7/Horridomorph/FBX Files/Horridomorph@BiteAttack.fbx using Guid(42de12de929a65046a35c1859fcd4764) Importer(815301076,1909f56bfc062723c751e8b465ee728b)  -> (artifact id: 'ee3625b06a7c45011f026ce0d1c7f50a') in 0.154529 seconds 
========================================================================
Received Import Request.
  Time since last request: 0.000038 seconds.
  path: Assets/Asset/Protofactor/Monster Full Pack Vol 2/Monster Pack Vol 7/Horridomorph/FBX Files/Horridomorph@JumpBiteAttack_RM.fbx
  artifactKey: Guid(f87816c5edfa5d746a816d7fcb205650) Importer(815301076,1909f56bfc062723c751e8b465ee728b)
Start importing Assets/Asset/Protofactor/Monster Full Pack Vol 2/Monster Pack Vol 7/Horridomorph/FBX Files/Horridomorph@JumpBiteAttack_RM.fbx using Guid(f87816c5edfa5d746a816d7fcb205650) Importer(815301076,1909f56bfc062723c751e8b465ee728b)  -> (artifact id: '8cf6930bf9942b4bb90a5cd5ae29db73') in 0.031004 seconds 
========================================================================
Received Import Request.
  Time since last request: 0.000036 seconds.
  path: Assets/Asset/Protofactor/Monster Full Pack Vol 2/Monster Pack Vol 7/Horridomorph/FBX Files/Horridomorph@Turn90Right.fbx
  artifactKey: Guid(51cd4cde4109581419ef8bebf0939ed8) Importer(815301076,1909f56bfc062723c751e8b465ee728b)
Start importing Assets/Asset/Protofactor/Monster Full Pack Vol 2/Monster Pack Vol 7/Horridomorph/FBX Files/Horridomorph@Turn90Right.fbx using Guid(51cd4cde4109581419ef8bebf0939ed8) Importer(815301076,1909f56bfc062723c751e8b465ee728b)  -> (artifact id: '82a3801557b476d97fef7ca0dee4a97e') in 0.028449 seconds 
========================================================================
Received Import Request.
  Time since last request: 0.000035 seconds.
  path: Assets/Asset/Protofactor/Monster Full Pack Vol 2/Monster Pack Vol 7/Horridomorph/FBX Files/Horridomorph@ClawsAttack_RM.fbx
  artifactKey: Guid(1ef4e0e2d10e24b43b37b77f68ee20ba) Importer(815301076,1909f56bfc062723c751e8b465ee728b)
Start importing Assets/Asset/Protofactor/Monster Full Pack Vol 2/Monster Pack Vol 7/Horridomorph/FBX Files/Horridomorph@ClawsAttack_RM.fbx using Guid(1ef4e0e2d10e24b43b37b77f68ee20ba) Importer(815301076,1909f56bfc062723c751e8b465ee728b)  -> (artifact id: '900c8ab97ac1e5fbcfd9ce6cb61e4bcf') in 0.027833 seconds 
========================================================================
Received Import Request.
  Time since last request: 0.000038 seconds.
  path: Assets/Asset/Protofactor/Monster Full Pack Vol 2/Monster Pack Vol 7/Horridomorph/FBX Files/Horridomorph@SpitVenom.fbx
  artifactKey: Guid(48f5a63bf0791664a92147d23215dedc) Importer(815301076,1909f56bfc062723c751e8b465ee728b)
Start importing Assets/Asset/Protofactor/Monster Full Pack Vol 2/Monster Pack Vol 7/Horridomorph/FBX Files/Horridomorph@SpitVenom.fbx using Guid(48f5a63bf0791664a92147d23215dedc) Importer(815301076,1909f56bfc062723c751e8b465ee728b)  -> (artifact id: '8782738d9d7a144f0bd6377304538189') in 0.031693 seconds 
========================================================================
Received Import Request.
  Time since last request: 0.000026 seconds.
  path: Assets/Asset/Protofactor/Monster Full Pack Vol 2/Monster Pack Vol 7/Horridomorph/FBX Files/Horridomorph@ClawsAttack.fbx
  artifactKey: Guid(a8d2105f83d303547b6b735236e4f62a) Importer(815301076,1909f56bfc062723c751e8b465ee728b)
Start importing Assets/Asset/Protofactor/Monster Full Pack Vol 2/Monster Pack Vol 7/Horridomorph/FBX Files/Horridomorph@ClawsAttack.fbx using Guid(a8d2105f83d303547b6b735236e4f62a) Importer(815301076,1909f56bfc062723c751e8b465ee728b)  -> (artifact id: '8db275675a2411708ab61cf83e0465ba') in 0.017452 seconds 
========================================================================
Received Import Request.
  Time since last request: 0.000084 seconds.
  path: Assets/Asset/Protofactor/Monster Full Pack Vol 2/Monster Pack Vol 7/Horridomorph/FBX Files/Horridomorph@Roar.fbx
  artifactKey: Guid(b8ebe8cb80205c14983a03fc8e01070c) Importer(815301076,1909f56bfc062723c751e8b465ee728b)
Start importing Assets/Asset/Protofactor/Monster Full Pack Vol 2/Monster Pack Vol 7/Horridomorph/FBX Files/Horridomorph@Roar.fbx using Guid(b8ebe8cb80205c14983a03fc8e01070c) Importer(815301076,1909f56bfc062723c751e8b465ee728b)  -> (artifact id: 'f51179d7fef90cfd560739afc3452de2') in 0.021832 seconds 
========================================================================
Received Import Request.
  Time since last request: 0.000029 seconds.
  path: Assets/Asset/Protofactor/Monster Full Pack Vol 2/Monster Pack Vol 7/Horridomorph/FBX Files/Horridomorph@Turn90Left.fbx
  artifactKey: Guid(3bda0a5e3fd27e04896f9d1ca91fb507) Importer(815301076,1909f56bfc062723c751e8b465ee728b)
Start importing Assets/Asset/Protofactor/Monster Full Pack Vol 2/Monster Pack Vol 7/Horridomorph/FBX Files/Horridomorph@Turn90Left.fbx using Guid(3bda0a5e3fd27e04896f9d1ca91fb507) Importer(815301076,1909f56bfc062723c751e8b465ee728b)  -> (artifact id: '44e808f058163770f6651dcfda3cb588') in 0.018113 seconds 
========================================================================
Received Import Request.
  Time since last request: 0.000041 seconds.
  path: Assets/Asset/Protofactor/Monster Full Pack Vol 2/Monster Pack Vol 7/Horridomorph/FBX Files/Horridomorph@JumpLeft_RM.fbx
  artifactKey: Guid(67097326f5fb6b641a3c7b4769a3200b) Importer(815301076,1909f56bfc062723c751e8b465ee728b)
Start importing Assets/Asset/Protofactor/Monster Full Pack Vol 2/Monster Pack Vol 7/Horridomorph/FBX Files/Horridomorph@JumpLeft_RM.fbx using Guid(67097326f5fb6b641a3c7b4769a3200b) Importer(815301076,1909f56bfc062723c751e8b465ee728b)  -> (artifact id: '8095043ba137ca1a82f1cb58cd818605') in 0.020715 seconds 
========================================================================
Received Import Request.
  Time since last request: 0.000186 seconds.
  path: Assets/Asset/Protofactor/Monster Full Pack Vol 2/Monster Pack Vol 7/Horridomorph/FBX Files/Horridomorph@JumpBiteAttack.fbx
  artifactKey: Guid(dedb6d7acb2f5c947abefc9e32a5625e) Importer(815301076,1909f56bfc062723c751e8b465ee728b)
Start importing Assets/Asset/Protofactor/Monster Full Pack Vol 2/Monster Pack Vol 7/Horridomorph/FBX Files/Horridomorph@JumpBiteAttack.fbx using Guid(dedb6d7acb2f5c947abefc9e32a5625e) Importer(815301076,1909f56bfc062723c751e8b465ee728b)  -> (artifact id: '269096837ee3771f85dd530d087163f4') in 0.015065 seconds 
========================================================================
Received Import Request.
  Time since last request: 0.000033 seconds.
  path: Assets/Asset/Protofactor/Monster Full Pack Vol 2/Monster Pack Vol 7/Horridomorph/FBX Files/Horridomorph@WalkRight.fbx
  artifactKey: Guid(f2ea7a79d532be842b6c431aa5deb791) Importer(815301076,1909f56bfc062723c751e8b465ee728b)
Start importing Assets/Asset/Protofactor/Monster Full Pack Vol 2/Monster Pack Vol 7/Horridomorph/FBX Files/Horridomorph@WalkRight.fbx using Guid(f2ea7a79d532be842b6c431aa5deb791) Importer(815301076,1909f56bfc062723c751e8b465ee728b)  -> (artifact id: 'ea00c09b7d76a7fd2e21e3f5d20b82c6') in 0.015883 seconds 
========================================================================
Received Import Request.
  Time since last request: 0.000058 seconds.
  path: Assets/Asset/Protofactor/Monster Full Pack Vol 2/Monster Pack Vol 7/Horridomorph/FBX Files/Horridomorph@Turn90Right_RM.fbx
  artifactKey: Guid(fbb3c1827fc1ff44a82111cfa3fbf541) Importer(815301076,1909f56bfc062723c751e8b465ee728b)
Start importing Assets/Asset/Protofactor/Monster Full Pack Vol 2/Monster Pack Vol 7/Horridomorph/FBX Files/Horridomorph@Turn90Right_RM.fbx using Guid(fbb3c1827fc1ff44a82111cfa3fbf541) Importer(815301076,1909f56bfc062723c751e8b465ee728b)  -> (artifact id: '825c8107ead80c9ef552492c817e4379') in 0.015638 seconds 
========================================================================
Received Import Request.
  Time since last request: 0.000038 seconds.
  path: Assets/Asset/Protofactor/Monster Full Pack Vol 2/Monster Pack Vol 7/Horridomorph/FBX Files/Horridomorph@JumpForward.fbx
  artifactKey: Guid(f6b804ee3e6e1454d9087f89e85bb73e) Importer(815301076,1909f56bfc062723c751e8b465ee728b)
Start importing Assets/Asset/Protofactor/Monster Full Pack Vol 2/Monster Pack Vol 7/Horridomorph/FBX Files/Horridomorph@JumpForward.fbx using Guid(f6b804ee3e6e1454d9087f89e85bb73e) Importer(815301076,1909f56bfc062723c751e8b465ee728b)  -> (artifact id: '65d537d1047ad40c09e717415f7bbde0') in 0.015324 seconds 
========================================================================
Received Import Request.
  Time since last request: 0.000060 seconds.
  path: Assets/Asset/Protofactor/Monster Full Pack Vol 2/Monster Pack Vol 7/Horridomorph/FBX Files/Horridomorph@WalkForward_RM.fbx
  artifactKey: Guid(90a786a0281a18c42b9c85eecccac6d8) Importer(815301076,1909f56bfc062723c751e8b465ee728b)
Start importing Assets/Asset/Protofactor/Monster Full Pack Vol 2/Monster Pack Vol 7/Horridomorph/FBX Files/Horridomorph@WalkForward_RM.fbx using Guid(90a786a0281a18c42b9c85eecccac6d8) Importer(815301076,1909f56bfc062723c751e8b465ee728b)  -> (artifact id: '31995f3a40b5586657c582f57a38fb93') in 0.019745 seconds 
========================================================================
Received Import Request.
  Time since last request: 0.000061 seconds.
  path: Assets/Asset/Protofactor/Monster Full Pack Vol 2/Monster Pack Vol 7/Horridomorph/FBX Files/Horridomorph@WalkLeft_RM.fbx
  artifactKey: Guid(5c6043bcea39a4144b4837266d90e673) Importer(815301076,1909f56bfc062723c751e8b465ee728b)
Start importing Assets/Asset/Protofactor/Monster Full Pack Vol 2/Monster Pack Vol 7/Horridomorph/FBX Files/Horridomorph@WalkLeft_RM.fbx using Guid(5c6043bcea39a4144b4837266d90e673) Importer(815301076,1909f56bfc062723c751e8b465ee728b)  -> (artifact id: '7f61fbfd78fe8c618875fbf5f25baa34') in 0.016552 seconds 
========================================================================
Received Import Request.
  Time since last request: 0.000107 seconds.
  path: Assets/Asset/Protofactor/Monster Full Pack Vol 2/Monster Pack Vol 7/Horridomorph/FBX Files/Horridomorph@WalkForward.fbx
  artifactKey: Guid(1acf3e896dbe7c64f9182d5441a4f558) Importer(815301076,1909f56bfc062723c751e8b465ee728b)
Start importing Assets/Asset/Protofactor/Monster Full Pack Vol 2/Monster Pack Vol 7/Horridomorph/FBX Files/Horridomorph@WalkForward.fbx using Guid(1acf3e896dbe7c64f9182d5441a4f558) Importer(815301076,1909f56bfc062723c751e8b465ee728b)  -> (artifact id: 'b41443d7773c55e4375a53bce392a9e7') in 0.015322 seconds 
========================================================================
Received Import Request.
  Time since last request: 0.000023 seconds.
  path: Assets/Asset/Protofactor/Monster Full Pack Vol 2/Monster Pack Vol 7/Horridomorph/FBX Files/Horridomorph@JumpBackwards.fbx
  artifactKey: Guid(b110dc4fedeb0584ebb2d954c31594a5) Importer(815301076,1909f56bfc062723c751e8b465ee728b)
Start importing Assets/Asset/Protofactor/Monster Full Pack Vol 2/Monster Pack Vol 7/Horridomorph/FBX Files/Horridomorph@JumpBackwards.fbx using Guid(b110dc4fedeb0584ebb2d954c31594a5) Importer(815301076,1909f56bfc062723c751e8b465ee728b)  -> (artifact id: '550447dea2970c34ccf1adf1aa46bdda') in 0.017287 seconds 
========================================================================
Received Import Request.
  Time since last request: 0.000043 seconds.
  path: Assets/Asset/Protofactor/Monster Full Pack Vol 2/Monster Pack Vol 7/Horridomorph/FBX Files/Horridomorph@JumpLeft.fbx
  artifactKey: Guid(05ff00a6598b5704c992e448104c8e0d) Importer(815301076,1909f56bfc062723c751e8b465ee728b)
Start importing Assets/Asset/Protofactor/Monster Full Pack Vol 2/Monster Pack Vol 7/Horridomorph/FBX Files/Horridomorph@JumpLeft.fbx using Guid(05ff00a6598b5704c992e448104c8e0d) Importer(815301076,1909f56bfc062723c751e8b465ee728b)  -> (artifact id: '5c54e3d43751c68d1f99d2ec99efe496') in 0.018172 seconds 
========================================================================
Received Import Request.
  Time since last request: 0.000034 seconds.
  path: Assets/Asset/Protofactor/Monster Full Pack Vol 2/Monster Pack Vol 7/Horridomorph/FBX Files/Horridomorph@Death.fbx
  artifactKey: Guid(56de293f00eed71478bbfa156ec0aec7) Importer(815301076,1909f56bfc062723c751e8b465ee728b)
Start importing Assets/Asset/Protofactor/Monster Full Pack Vol 2/Monster Pack Vol 7/Horridomorph/FBX Files/Horridomorph@Death.fbx using Guid(56de293f00eed71478bbfa156ec0aec7) Importer(815301076,1909f56bfc062723c751e8b465ee728b)  -> (artifact id: '542986c9b097d969f39f3f4ce05bd4fa') in 0.020791 seconds 
========================================================================
Received Import Request.
  Time since last request: 0.000026 seconds.
  path: Assets/Asset/Protofactor/Monster Full Pack Vol 2/Monster Pack Vol 7/Horridomorph/FBX Files/Horridomorph@BiteAttackForward_RM.fbx
  artifactKey: Guid(f293f403a835c444cac7c437c0796ed9) Importer(815301076,1909f56bfc062723c751e8b465ee728b)
Start importing Assets/Asset/Protofactor/Monster Full Pack Vol 2/Monster Pack Vol 7/Horridomorph/FBX Files/Horridomorph@BiteAttackForward_RM.fbx using Guid(f293f403a835c444cac7c437c0796ed9) Importer(815301076,1909f56bfc062723c751e8b465ee728b)  -> (artifact id: '3ee3e637300832ce71c9d98b35649a48') in 0.016708 seconds 
========================================================================
Received Import Request.
  Time since last request: 0.000028 seconds.
  path: Assets/Asset/Protofactor/Monster Full Pack Vol 2/Monster Pack Vol 7/Horridomorph/FBX Files/Horridomorph@GetHitBack.fbx
  artifactKey: Guid(9be0f96f0042dad4da4056e72b2ddbc5) Importer(815301076,1909f56bfc062723c751e8b465ee728b)
Start importing Assets/Asset/Protofactor/Monster Full Pack Vol 2/Monster Pack Vol 7/Horridomorph/FBX Files/Horridomorph@GetHitBack.fbx using Guid(9be0f96f0042dad4da4056e72b2ddbc5) Importer(815301076,1909f56bfc062723c751e8b465ee728b)  -> (artifact id: '88d5159b0a0e3eb4bc624dabab0e705a') in 0.016895 seconds 
========================================================================
Received Import Request.
  Time since last request: 0.000050 seconds.
  path: Assets/Asset/Protofactor/Monster Full Pack Vol 2/Monster Pack Vol 7/Horridomorph/FBX Files/Horridomorph@JumpForward_RM.fbx
  artifactKey: Guid(55b293043984c6a4e9bb15f5bfd9d945) Importer(815301076,1909f56bfc062723c751e8b465ee728b)
Start importing Assets/Asset/Protofactor/Monster Full Pack Vol 2/Monster Pack Vol 7/Horridomorph/FBX Files/Horridomorph@JumpForward_RM.fbx using Guid(55b293043984c6a4e9bb15f5bfd9d945) Importer(815301076,1909f56bfc062723c751e8b465ee728b)  -> (artifact id: '866e5f716b18f1d3d25df059d4982020') in 0.017559 seconds 
========================================================================
Received Import Request.
  Time since last request: 0.000025 seconds.
  path: Assets/Asset/Protofactor/Monster Full Pack Vol 2/Monster Pack Vol 7/Horridomorph/FBX Files/Horridomorph@WalkLeft.fbx
  artifactKey: Guid(6691401c0b56cbc4b86e05b9ab1d9a53) Importer(815301076,1909f56bfc062723c751e8b465ee728b)
Start importing Assets/Asset/Protofactor/Monster Full Pack Vol 2/Monster Pack Vol 7/Horridomorph/FBX Files/Horridomorph@WalkLeft.fbx using Guid(6691401c0b56cbc4b86e05b9ab1d9a53) Importer(815301076,1909f56bfc062723c751e8b465ee728b)  -> (artifact id: 'c100b0ad2fef6cb7a15cf009576a6cad') in 0.016063 seconds 
========================================================================
Received Import Request.
  Time since last request: 0.000035 seconds.
  path: Assets/Asset/Protofactor/Monster Full Pack Vol 2/Monster Pack Vol 7/Horridomorph/FBX Files/Horridomorph@Turn90Left_RM.fbx
  artifactKey: Guid(339460bbffbcd564a9a35064ba55b916) Importer(815301076,1909f56bfc062723c751e8b465ee728b)
Start importing Assets/Asset/Protofactor/Monster Full Pack Vol 2/Monster Pack Vol 7/Horridomorph/FBX Files/Horridomorph@Turn90Left_RM.fbx using Guid(339460bbffbcd564a9a35064ba55b916) Importer(815301076,1909f56bfc062723c751e8b465ee728b)  -> (artifact id: '9f327b96778d3a5fcad56a5805dc8336') in 0.015751 seconds 
========================================================================
Received Import Request.
  Time since last request: 0.000027 seconds.
  path: Assets/Asset/Protofactor/Monster Full Pack Vol 2/Monster Pack Vol 7/Horridomorph/FBX Files/Horridomorph@GetHitRight.fbx
  artifactKey: Guid(72743094fb3f6b243a4d24b6cb113f42) Importer(815301076,1909f56bfc062723c751e8b465ee728b)
Start importing Assets/Asset/Protofactor/Monster Full Pack Vol 2/Monster Pack Vol 7/Horridomorph/FBX Files/Horridomorph@GetHitRight.fbx using Guid(72743094fb3f6b243a4d24b6cb113f42) Importer(815301076,1909f56bfc062723c751e8b465ee728b)  -> (artifact id: '0f90a54f97f8f0fbb0d428e2747a9177') in 0.020696 seconds 
========================================================================
Received Import Request.
  Time since last request: 0.000036 seconds.
  path: Assets/Asset/Protofactor/Monster Full Pack Vol 2/Monster Pack Vol 7/Horridomorph/FBX Files/Horridomorph@WalkRight_RM.fbx
  artifactKey: Guid(9d4e45361dd44a84888e02a80b286300) Importer(815301076,1909f56bfc062723c751e8b465ee728b)
Start importing Assets/Asset/Protofactor/Monster Full Pack Vol 2/Monster Pack Vol 7/Horridomorph/FBX Files/Horridomorph@WalkRight_RM.fbx using Guid(9d4e45361dd44a84888e02a80b286300) Importer(815301076,1909f56bfc062723c751e8b465ee728b)  -> (artifact id: 'a96c412af563d86bbd1da1557eff5f37') in 0.018894 seconds 
========================================================================
Received Import Request.
  Time since last request: 0.000032 seconds.
  path: Assets/Asset/Protofactor/Monster Full Pack Vol 2/Monster Pack Vol 7/Horridomorph/FBX Files/Horridomorph@JumpRight_RM.fbx
  artifactKey: Guid(71aeba37839d62a419d7c2f51c8e25d6) Importer(815301076,1909f56bfc062723c751e8b465ee728b)
Start importing Assets/Asset/Protofactor/Monster Full Pack Vol 2/Monster Pack Vol 7/Horridomorph/FBX Files/Horridomorph@JumpRight_RM.fbx using Guid(71aeba37839d62a419d7c2f51c8e25d6) Importer(815301076,1909f56bfc062723c751e8b465ee728b)  -> (artifact id: '096d6f918844f96ff03db287280486e9') in 0.017595 seconds 
========================================================================
Received Import Request.
  Time since last request: 0.000056 seconds.
  path: Assets/Asset/Protofactor/Monster Full Pack Vol 2/Monster Pack Vol 7/Horridomorph/FBX Files/Horridomorph@JumpRight.fbx
  artifactKey: Guid(a92856503b1f5ab4881ec52e68bda0c9) Importer(815301076,1909f56bfc062723c751e8b465ee728b)
Start importing Assets/Asset/Protofactor/Monster Full Pack Vol 2/Monster Pack Vol 7/Horridomorph/FBX Files/Horridomorph@JumpRight.fbx using Guid(a92856503b1f5ab4881ec52e68bda0c9) Importer(815301076,1909f56bfc062723c751e8b465ee728b)  -> (artifact id: '00b0705b72bc0df35b74596f07f8245a') in 0.016726 seconds 
========================================================================
Received Import Request.
  Time since last request: 0.000036 seconds.
  path: Assets/Asset/Protofactor/Monster Full Pack Vol 2/Monster Pack Vol 7/Horridomorph/FBX Files/Horridomorph@WalkBackwards_RM.fbx
  artifactKey: Guid(6ff02614e5d2ec94792f61524b685c57) Importer(815301076,1909f56bfc062723c751e8b465ee728b)
Start importing Assets/Asset/Protofactor/Monster Full Pack Vol 2/Monster Pack Vol 7/Horridomorph/FBX Files/Horridomorph@WalkBackwards_RM.fbx using Guid(6ff02614e5d2ec94792f61524b685c57) Importer(815301076,1909f56bfc062723c751e8b465ee728b)  -> (artifact id: '86ca500f560efbe47f0c65f9f912a717') in 0.019050 seconds 
========================================================================
Received Import Request.
  Time since last request: 0.000028 seconds.
  path: Assets/Asset/Protofactor/Monster Full Pack Vol 2/Monster Pack Vol 7/Horridomorph/FBX Files/Horridomorph@JumpBackwards_RM.fbx
  artifactKey: Guid(0a974e5d04defdf41b2a5574514cca51) Importer(815301076,1909f56bfc062723c751e8b465ee728b)
Start importing Assets/Asset/Protofactor/Monster Full Pack Vol 2/Monster Pack Vol 7/Horridomorph/FBX Files/Horridomorph@JumpBackwards_RM.fbx using Guid(0a974e5d04defdf41b2a5574514cca51) Importer(815301076,1909f56bfc062723c751e8b465ee728b)  -> (artifact id: '872100afeaf07088d5170258991663a7') in 0.016402 seconds 
========================================================================
Received Import Request.
  Time since last request: 0.000032 seconds.
  path: Assets/Asset/Protofactor/Monster Full Pack Vol 2/Monster Pack Vol 7/Horridomorph/FBX Files/Horridomorph@GetHitFront.fbx
  artifactKey: Guid(c3fe3ee031f24d64fb26683642a36f58) Importer(815301076,1909f56bfc062723c751e8b465ee728b)
Start importing Assets/Asset/Protofactor/Monster Full Pack Vol 2/Monster Pack Vol 7/Horridomorph/FBX Files/Horridomorph@GetHitFront.fbx using Guid(c3fe3ee031f24d64fb26683642a36f58) Importer(815301076,1909f56bfc062723c751e8b465ee728b)  -> (artifact id: '8be8f1d6dc9abcf7fe7ccf95f57dfe2f') in 0.017443 seconds 
========================================================================
Received Import Request.
  Time since last request: 0.000032 seconds.
  path: Assets/Asset/Protofactor/Monster Full Pack Vol 2/Monster Pack Vol 7/Horridomorph/FBX Files/Horridomorph@Idle.fbx
  artifactKey: Guid(05496753f587a5e4ca9fce6cee3cf433) Importer(815301076,1909f56bfc062723c751e8b465ee728b)
Start importing Assets/Asset/Protofactor/Monster Full Pack Vol 2/Monster Pack Vol 7/Horridomorph/FBX Files/Horridomorph@Idle.fbx using Guid(05496753f587a5e4ca9fce6cee3cf433) Importer(815301076,1909f56bfc062723c751e8b465ee728b)  -> (artifact id: '01dcda364b729191520f15b9f7a2294f') in 0.018068 seconds 
========================================================================
Received Import Request.
  Time since last request: 0.000029 seconds.
  path: Assets/Asset/Protofactor/Monster Full Pack Vol 2/Monster Pack Vol 7/Horridomorph/FBX Files/Horridomorph@GetHitLeft.fbx
  artifactKey: Guid(1459cd2ab39a14f45a675e5022a12b51) Importer(815301076,1909f56bfc062723c751e8b465ee728b)
Start importing Assets/Asset/Protofactor/Monster Full Pack Vol 2/Monster Pack Vol 7/Horridomorph/FBX Files/Horridomorph@GetHitLeft.fbx using Guid(1459cd2ab39a14f45a675e5022a12b51) Importer(815301076,1909f56bfc062723c751e8b465ee728b)  -> (artifact id: 'd0551ebc346fe3c1a8ab021aa926cc97') in 0.017672 seconds 
========================================================================
Received Import Request.
  Time since last request: 0.000037 seconds.
  path: Assets/Asset/Protofactor/Monster Full Pack Vol 2/Monster Pack Vol 7/Horridomorph/FBX Files/Horridomorph@WalkBackwards.fbx
  artifactKey: Guid(14285ab63fd840f4f94986a5a132cc36) Importer(815301076,1909f56bfc062723c751e8b465ee728b)
Start importing Assets/Asset/Protofactor/Monster Full Pack Vol 2/Monster Pack Vol 7/Horridomorph/FBX Files/Horridomorph@WalkBackwards.fbx using Guid(14285ab63fd840f4f94986a5a132cc36) Importer(815301076,1909f56bfc062723c751e8b465ee728b)  -> (artifact id: '663e07f17785104fbb7a77ba35e8e157') in 0.017382 seconds 
========================================================================
Received Prepare
Registering precompiled user dll's ...
Registered in 0.006822 seconds.
Begin MonoManager ReloadAssembly
Symbol file LoadedFromMemory doesn't match image C:\Users\human\OneDrive\바탕 화면\Git\Gravities\Gravity\Library\PackageCache\com.unity.visualscripting@1.7.8\Editor\VisualScripting.Core\Dependencies\YamlDotNet\Unity.VisualScripting.YamlDotNet.dll
Symbol file LoadedFromMemory doesn't match image C:\Users\human\OneDrive\바탕 화면\Git\Gravities\Gravity\Library\PackageCache\com.unity.visualscripting@1.7.8\Editor\VisualScripting.Core\Dependencies\DotNetZip\Unity.VisualScripting.IonicZip.dll
Native extension for WindowsStandalone target not found
Refreshing native plugins compatible for Editor in 0.91 ms, found 3 plugins.
Preloading 0 native plugins for Editor in 0.00 ms.
Mono: successfully reloaded assembly
- Completed reload, in  1.040 seconds
Domain Reload Profiling:
	ReloadAssembly (1040ms)
		BeginReloadAssembly (114ms)
			ExecutionOrderSort (0ms)
			DisableScriptedObjects (4ms)
			BackupInstance (0ms)
			ReleaseScriptingObjects (0ms)
			CreateAndSetChildDomain (37ms)
		EndReloadAssembly (824ms)
			LoadAssemblies (82ms)
			RebuildTransferFunctionScriptingTraits (0ms)
			SetupTypeCache (246ms)
			ReleaseScriptCaches (3ms)
			RebuildScriptCaches (51ms)
			SetupLoadedEditorAssemblies (355ms)
				LogAssemblyErrors (0ms)
				InitializePlatformSupportModulesInManaged (10ms)
				SetLoadedEditorAssemblies (0ms)
				RefreshPlugins (1ms)
				BeforeProcessingInitializeOnLoad (72ms)
				ProcessInitializeOnLoadAttributes (190ms)
				ProcessInitializeOnLoadMethodAttributes (78ms)
				AfterProcessingInitializeOnLoad (5ms)
				EditorAssembliesLoaded (0ms)
			ExecutionOrderSort2 (0ms)
			AwakeInstancesAfterBackupRestoration (17ms)
Platform modules already initialized, skipping
Refreshing native plugins compatible for Editor in 5.85 ms, found 3 plugins.
Preloading 0 native plugins for Editor in 0.00 ms.
Unloading 5182 Unused Serialized files (Serialized files now loaded: 0)
Unloading 39 unused Assets / (1.9 MB). Loaded Objects now: 5839.
Memory consumption went from 213.9 MB to 212.0 MB.
Total: 7.386900 ms (FindLiveObjects: 0.584700 ms CreateObjectMapping: 0.493600 ms MarkObjects: 5.143600 ms  DeleteObjects: 1.163400 ms)

AssetImportParameters requested are different than current active one (requested -> active):
  custom:video-decoder-ogg-theora: a1e56fd34408186e4bbccfd4996cb3dc -> 
  custom:container-muxer-webm: aa71ff27fc2769a1b78a27578f13a17b -> 
  custom:container-demuxer-webm: 4f35f7cbe854078d1ac9338744f61a02 -> 
  custom:video-encoder-webm-vp8: eb34c28f22e8b96e1ab97ce403110664 -> 
  custom:audio-encoder-webm-vorbis: bf7c407c2cedff20999df2af8eb42d56 -> 
  custom:framework-win-MediaFoundation: 216162199b28c13a410421893ffa2e32 -> 
  custom:container-demuxer-ogg: 62fdf1f143b41e24485cea50d1cbac27 -> 
  custom:video-decoder-webm-vp8: 9c59270c3fd7afecdb556c50c9e8de78 -> 
  custom:audio-decoder-ogg-vorbis: bf7c407c2cedff20999df2af8eb42d56 -> 
========================================================================
Received Import Request.
  Time since last request: 458.294897 seconds.
  path: Assets/UserFolder/Scenes/GameScene/LightingData.asset
  artifactKey: Guid(fda5bbbd1c6cf75428d11b1437e9d259) Importer(815301076,1909f56bfc062723c751e8b465ee728b)
Start importing Assets/UserFolder/Scenes/GameScene/LightingData.asset using Guid(fda5bbbd1c6cf75428d11b1437e9d259) Importer(815301076,1909f56bfc062723c751e8b465ee728b)  -> (artifact id: 'c6ef3c6f4111eeac3b69d2a6c4104d06') in 0.033718 seconds 
========================================================================
Received Import Request.
  Time since last request: 0.000035 seconds.
  path: Assets/UserFolder/Scenes/GameScene/Lightmap-3_comp_dir.png
  artifactKey: Guid(4ca35aad4744f5e419f82c85923cbb00) Importer(815301076,1909f56bfc062723c751e8b465ee728b)
Start importing Assets/UserFolder/Scenes/GameScene/Lightmap-3_comp_dir.png using Guid(4ca35aad4744f5e419f82c85923cbb00) Importer(815301076,1909f56bfc062723c751e8b465ee728b)  -> (artifact id: 'd3a8dcad03810e7ad380746782e607e5') in 0.042286 seconds 
========================================================================
Received Import Request.
  Time since last request: 0.000035 seconds.
  path: Assets/UserFolder/Scenes/GameScene/Lightmap-11_comp_light.exr
  artifactKey: Guid(80f416a13b1f0fc419d4def9442c8e42) Importer(815301076,1909f56bfc062723c751e8b465ee728b)
Start importing Assets/UserFolder/Scenes/GameScene/Lightmap-11_comp_light.exr using Guid(80f416a13b1f0fc419d4def9442c8e42) Importer(815301076,1909f56bfc062723c751e8b465ee728b)  -> (artifact id: 'c97fab6b619dd57342d35859777ef411') in 0.035308 seconds 
========================================================================
Received Import Request.
  Time since last request: 0.000032 seconds.
  path: Assets/UserFolder/Scenes/GameScene/Lightmap-7_comp_dir.png
  artifactKey: Guid(cc5def8d2a9091b4ea1b339cc99d1220) Importer(815301076,1909f56bfc062723c751e8b465ee728b)
Start importing Assets/UserFolder/Scenes/GameScene/Lightmap-7_comp_dir.png using Guid(cc5def8d2a9091b4ea1b339cc99d1220) Importer(815301076,1909f56bfc062723c751e8b465ee728b)  -> (artifact id: '34c095391a7c87e37309c78bfe34c46d') in 0.015150 seconds 
========================================================================
Received Import Request.
  Time since last request: 0.000023 seconds.
  path: Assets/UserFolder/Scenes/GameScene/OcclusionCullingData.asset
  artifactKey: Guid(77f4e9bbb2362844db096dd61ffd2dae) Importer(815301076,1909f56bfc062723c751e8b465ee728b)
Start importing Assets/UserFolder/Scenes/GameScene/OcclusionCullingData.asset using Guid(77f4e9bbb2362844db096dd61ffd2dae) Importer(815301076,1909f56bfc062723c751e8b465ee728b)  -> (artifact id: 'e42a9371f1eccf9b87849c62d26a872d') in 0.026242 seconds 
========================================================================
Received Import Request.
  Time since last request: 0.000022 seconds.
  path: Assets/UserFolder/Scenes/GameScene/Lightmap-7_comp_light.exr
  artifactKey: Guid(f5441277bf2e12542a813215478550c8) Importer(815301076,1909f56bfc062723c751e8b465ee728b)
Start importing Assets/UserFolder/Scenes/GameScene/Lightmap-7_comp_light.exr using Guid(f5441277bf2e12542a813215478550c8) Importer(815301076,1909f56bfc062723c751e8b465ee728b)  -> (artifact id: '67a54fb2f437238b0f5d6cf4a9ee2902') in 0.019485 seconds 
========================================================================
Received Import Request.
  Time since last request: 0.000045 seconds.
  path: Assets/UserFolder/Scenes/GameScene/Lightmap-6_comp_light.exr
  artifactKey: Guid(9131de4963a8bd0438b9343aa1a10b33) Importer(815301076,1909f56bfc062723c751e8b465ee728b)
Start importing Assets/UserFolder/Scenes/GameScene/Lightmap-6_comp_light.exr using Guid(9131de4963a8bd0438b9343aa1a10b33) Importer(815301076,1909f56bfc062723c751e8b465ee728b)  -> (artifact id: '384ce2a6e46e2c6d8a51daf0dcd87442') in 0.023845 seconds 
========================================================================
Received Import Request.
  Time since last request: 0.000030 seconds.
  path: Assets/UserFolder/Scenes/GameScene/Lightmap-0_comp_light.exr
  artifactKey: Guid(767c3e114c1063e4a9e3af601fdcf60c) Importer(815301076,1909f56bfc062723c751e8b465ee728b)
Start importing Assets/UserFolder/Scenes/GameScene/Lightmap-0_comp_light.exr using Guid(767c3e114c1063e4a9e3af601fdcf60c) Importer(815301076,1909f56bfc062723c751e8b465ee728b)  -> (artifact id: '9ba1c80c85bff1b4c5a77c4e67277f59') in 0.016036 seconds 
========================================================================
Received Import Request.
  Time since last request: 0.000029 seconds.
  path: Assets/UserFolder/Scenes/GameScene/ReflectionProbe-0.exr
  artifactKey: Guid(73e9cb2ac6da400488782e57ef0b6d21) Importer(815301076,1909f56bfc062723c751e8b465ee728b)
Start importing Assets/UserFolder/Scenes/GameScene/ReflectionProbe-0.exr using Guid(73e9cb2ac6da400488782e57ef0b6d21) Importer(815301076,1909f56bfc062723c751e8b465ee728b)  -> (artifact id: '7f2bf34dd28c870d9a471403965ebff2') in 0.190497 seconds 
========================================================================
Received Import Request.
  Time since last request: 0.000040 seconds.
  path: Assets/UserFolder/Scenes/GameScene/Lightmap-4_comp_light.exr
  artifactKey: Guid(023494f42093f834b9de49ed5a6d41bd) Importer(815301076,1909f56bfc062723c751e8b465ee728b)
Start importing Assets/UserFolder/Scenes/GameScene/Lightmap-4_comp_light.exr using Guid(023494f42093f834b9de49ed5a6d41bd) Importer(815301076,1909f56bfc062723c751e8b465ee728b)  -> (artifact id: '0300802efe3aa2c17a27fbbeab7bf4e7') in 0.018915 seconds 
========================================================================
Received Import Request.
  Time since last request: 0.000057 seconds.
  path: Assets/UserFolder/Scenes/GameScene/NavMesh-XDownArea.asset
  artifactKey: Guid(5121bdd8854f539469d690f6e3a49b37) Importer(815301076,1909f56bfc062723c751e8b465ee728b)
Start importing Assets/UserFolder/Scenes/GameScene/NavMesh-XDownArea.asset using Guid(5121bdd8854f539469d690f6e3a49b37) Importer(815301076,1909f56bfc062723c751e8b465ee728b)  -> (artifact id: 'd278ded3a8115cdc079aacf0b4e1c11a') in 0.006450 seconds 
========================================================================
Received Import Request.
  Time since last request: 0.000030 seconds.
  path: Assets/UserFolder/Scenes/GameScene/Lightmap-3_comp_light.exr
  artifactKey: Guid(4ebb6e0b666fd3845917ba60e2fcdf67) Importer(815301076,1909f56bfc062723c751e8b465ee728b)
Start importing Assets/UserFolder/Scenes/GameScene/Lightmap-3_comp_light.exr using Guid(4ebb6e0b666fd3845917ba60e2fcdf67) Importer(815301076,1909f56bfc062723c751e8b465ee728b)  -> (artifact id: 'a3f05c1fef4235296989a036c99abaad') in 0.016514 seconds 
========================================================================
Received Import Request.
  Time since last request: 0.000062 seconds.
  path: Assets/UserFolder/Scenes/GameScene/Lightmap-8_comp_light.exr
  artifactKey: Guid(81f1819a863c37a47a011422d1dcf872) Importer(815301076,1909f56bfc062723c751e8b465ee728b)
Start importing Assets/UserFolder/Scenes/GameScene/Lightmap-8_comp_light.exr using Guid(81f1819a863c37a47a011422d1dcf872) Importer(815301076,1909f56bfc062723c751e8b465ee728b)  -> (artifact id: '08ca546749bbe4e5b7df33ab25039d7a') in 0.017532 seconds 
========================================================================
Received Import Request.
  Time since last request: 23.880727 seconds.
  path: Assets/UserFolder/Scenes/GameScene/NavMesh-YDownArea.asset
  artifactKey: Guid(5402798b261bd834a97fc3cb5dba00a5) Importer(815301076,1909f56bfc062723c751e8b465ee728b)
Start importing Assets/UserFolder/Scenes/GameScene/NavMesh-YDownArea.asset using Guid(5402798b261bd834a97fc3cb5dba00a5) Importer(815301076,1909f56bfc062723c751e8b465ee728b)  -> (artifact id: 'd500bb52459448f75a1ae5235f46d3f8') in 0.002430 seconds 
========================================================================
Received Import Request.
  Time since last request: 41.157067 seconds.
  path: Assets/UserFolder/Scenes/GameScene/NavMesh.asset
  artifactKey: Guid(fcdbab6de0456e54981631b99a854d66) Importer(815301076,1909f56bfc062723c751e8b465ee728b)
Start importing Assets/UserFolder/Scenes/GameScene/NavMesh.asset using Guid(fcdbab6de0456e54981631b99a854d66) Importer(815301076,1909f56bfc062723c751e8b465ee728b)  -> (artifact id: '025c5f1bd9df2d323e01538e06ff6c2d') in 0.005647 seconds 
========================================================================
Received Import Request.
  Time since last request: 91.405962 seconds.
  path: Assets/Readme.asset
  artifactKey: Guid(8105016687592461f977c054a80ce2f2) Importer(815301076,1909f56bfc062723c751e8b465ee728b)
Start importing Assets/Readme.asset using Guid(8105016687592461f977c054a80ce2f2) Importer(815301076,1909f56bfc062723c751e8b465ee728b)  -> (artifact id: '0f2f2b655bf21bdea72856b1c39a4a32') in 0.006317 seconds 
========================================================================
Received Import Request.
  Time since last request: 179.429476 seconds.
  path: Assets/UserFolder/Script/Scriptable/BoidSetting.asset
  artifactKey: Guid(a9d02e7891867cf41884a48d49bfb983) Importer(815301076,1909f56bfc062723c751e8b465ee728b)
Start importing Assets/UserFolder/Script/Scriptable/BoidSetting.asset using Guid(a9d02e7891867cf41884a48d49bfb983) Importer(815301076,1909f56bfc062723c751e8b465ee728b)  -> (artifact id: 'cfc01cc3148f292ecafcda8af208ac43') in 0.021061 seconds 
========================================================================
Received Prepare
Registering precompiled user dll's ...
Registered in 0.004471 seconds.
Begin MonoManager ReloadAssembly
Symbol file LoadedFromMemory doesn't match image C:\Users\human\OneDrive\바탕 화면\Git\Gravities\Gravity\Library\PackageCache\com.unity.visualscripting@1.7.8\Editor\VisualScripting.Core\Dependencies\YamlDotNet\Unity.VisualScripting.YamlDotNet.dll
Symbol file LoadedFromMemory doesn't match image C:\Users\human\OneDrive\바탕 화면\Git\Gravities\Gravity\Library\PackageCache\com.unity.visualscripting@1.7.8\Editor\VisualScripting.Core\Dependencies\DotNetZip\Unity.VisualScripting.IonicZip.dll
Native extension for WindowsStandalone target not found
Refreshing native plugins compatible for Editor in 0.86 ms, found 3 plugins.
Preloading 0 native plugins for Editor in 0.00 ms.
Mono: successfully reloaded assembly
- Completed reload, in  1.078 seconds
Domain Reload Profiling:
	ReloadAssembly (1079ms)
		BeginReloadAssembly (129ms)
			ExecutionOrderSort (0ms)
			DisableScriptedObjects (7ms)
			BackupInstance (0ms)
			ReleaseScriptingObjects (0ms)
			CreateAndSetChildDomain (40ms)
		EndReloadAssembly (853ms)
			LoadAssemblies (81ms)
			RebuildTransferFunctionScriptingTraits (0ms)
			SetupTypeCache (278ms)
			ReleaseScriptCaches (2ms)
			RebuildScriptCaches (49ms)
			SetupLoadedEditorAssemblies (364ms)
				LogAssemblyErrors (0ms)
				InitializePlatformSupportModulesInManaged (11ms)
				SetLoadedEditorAssemblies (0ms)
				RefreshPlugins (1ms)
				BeforeProcessingInitializeOnLoad (76ms)
				ProcessInitializeOnLoadAttributes (200ms)
				ProcessInitializeOnLoadMethodAttributes (70ms)
				AfterProcessingInitializeOnLoad (5ms)
				EditorAssembliesLoaded (0ms)
			ExecutionOrderSort2 (0ms)
			AwakeInstancesAfterBackupRestoration (21ms)
Platform modules already initialized, skipping
Refreshing native plugins compatible for Editor in 3.36 ms, found 3 plugins.
Preloading 0 native plugins for Editor in 0.00 ms.
Unloading 5194 Unused Serialized files (Serialized files now loaded: 0)
Unloading 52 unused Assets / (2.5 MB). Loaded Objects now: 5913.
Memory consumption went from 216.3 MB to 213.8 MB.
Total: 5.133400 ms (FindLiveObjects: 0.552000 ms CreateObjectMapping: 0.453600 ms MarkObjects: 2.730700 ms  DeleteObjects: 1.396000 ms)

AssetImportParameters requested are different than current active one (requested -> active):
  custom:video-decoder-ogg-theora: a1e56fd34408186e4bbccfd4996cb3dc -> 
  custom:container-muxer-webm: aa71ff27fc2769a1b78a27578f13a17b -> 
  custom:container-demuxer-webm: 4f35f7cbe854078d1ac9338744f61a02 -> 
  custom:video-encoder-webm-vp8: eb34c28f22e8b96e1ab97ce403110664 -> 
  custom:audio-encoder-webm-vorbis: bf7c407c2cedff20999df2af8eb42d56 -> 
  custom:framework-win-MediaFoundation: 216162199b28c13a410421893ffa2e32 -> 
  custom:container-demuxer-ogg: 62fdf1f143b41e24485cea50d1cbac27 -> 
  custom:video-decoder-webm-vp8: 9c59270c3fd7afecdb556c50c9e8de78 -> 
  custom:audio-decoder-ogg-vorbis: bf7c407c2cedff20999df2af8eb42d56 -> 
========================================================================
Received Prepare
Registering precompiled user dll's ...
Registered in 0.004185 seconds.
Begin MonoManager ReloadAssembly
Symbol file LoadedFromMemory doesn't match image C:\Users\human\OneDrive\바탕 화면\Git\Gravities\Gravity\Library\PackageCache\com.unity.visualscripting@1.7.8\Editor\VisualScripting.Core\Dependencies\YamlDotNet\Unity.VisualScripting.YamlDotNet.dll
Symbol file LoadedFromMemory doesn't match image C:\Users\human\OneDrive\바탕 화면\Git\Gravities\Gravity\Library\PackageCache\com.unity.visualscripting@1.7.8\Editor\VisualScripting.Core\Dependencies\DotNetZip\Unity.VisualScripting.IonicZip.dll
Native extension for WindowsStandalone target not found
Refreshing native plugins compatible for Editor in 0.92 ms, found 3 plugins.
Preloading 0 native plugins for Editor in 0.00 ms.
Mono: successfully reloaded assembly
- Completed reload, in  1.002 seconds
Domain Reload Profiling:
	ReloadAssembly (1002ms)
		BeginReloadAssembly (112ms)
			ExecutionOrderSort (0ms)
			DisableScriptedObjects (5ms)
			BackupInstance (0ms)
			ReleaseScriptingObjects (0ms)
			CreateAndSetChildDomain (35ms)
		EndReloadAssembly (812ms)
			LoadAssemblies (74ms)
			RebuildTransferFunctionScriptingTraits (0ms)
			SetupTypeCache (282ms)
			ReleaseScriptCaches (2ms)
			RebuildScriptCaches (48ms)
			SetupLoadedEditorAssemblies (333ms)
				LogAssemblyErrors (0ms)
				InitializePlatformSupportModulesInManaged (10ms)
				SetLoadedEditorAssemblies (0ms)
				RefreshPlugins (1ms)
				BeforeProcessingInitializeOnLoad (65ms)
				ProcessInitializeOnLoadAttributes (180ms)
				ProcessInitializeOnLoadMethodAttributes (72ms)
				AfterProcessingInitializeOnLoad (5ms)
				EditorAssembliesLoaded (0ms)
			ExecutionOrderSort2 (0ms)
			AwakeInstancesAfterBackupRestoration (16ms)
Platform modules already initialized, skipping
Refreshing native plugins compatible for Editor in 4.37 ms, found 3 plugins.
Preloading 0 native plugins for Editor in 0.00 ms.
Unloading 5195 Unused Serialized files (Serialized files now loaded: 0)
Unloading 52 unused Assets / (2.6 MB). Loaded Objects now: 5917.
Memory consumption went from 216.4 MB to 213.9 MB.
Total: 7.017000 ms (FindLiveObjects: 0.503500 ms CreateObjectMapping: 0.518800 ms MarkObjects: 4.745000 ms  DeleteObjects: 1.247300 ms)

AssetImportParameters requested are different than current active one (requested -> active):
  custom:video-decoder-ogg-theora: a1e56fd34408186e4bbccfd4996cb3dc -> 
  custom:container-muxer-webm: aa71ff27fc2769a1b78a27578f13a17b -> 
  custom:container-demuxer-webm: 4f35f7cbe854078d1ac9338744f61a02 -> 
  custom:video-encoder-webm-vp8: eb34c28f22e8b96e1ab97ce403110664 -> 
  custom:audio-encoder-webm-vorbis: bf7c407c2cedff20999df2af8eb42d56 -> 
  custom:framework-win-MediaFoundation: 216162199b28c13a410421893ffa2e32 -> 
  custom:container-demuxer-ogg: 62fdf1f143b41e24485cea50d1cbac27 -> 
  custom:video-decoder-webm-vp8: 9c59270c3fd7afecdb556c50c9e8de78 -> 
  custom:audio-decoder-ogg-vorbis: bf7c407c2cedff20999df2af8eb42d56 -> 
========================================================================
Received Import Request.
  Time since last request: 341.891825 seconds.
  path: Assets/UserFolder/Script/PoolableScript.cs
  artifactKey: Guid(5f1aa14f6cf38a84f98277622db4a889) Importer(815301076,1909f56bfc062723c751e8b465ee728b)
Start importing Assets/UserFolder/Script/PoolableScript.cs using Guid(5f1aa14f6cf38a84f98277622db4a889) Importer(815301076,1909f56bfc062723c751e8b465ee728b)  -> (artifact id: 'ee439d6ece20e928d2a119f575f47bc0') in 0.014899 seconds 
========================================================================
Received Import Request.
  Time since last request: 2.917342 seconds.
  path: Assets/UserFolder/Script
  artifactKey: Guid(ea0527a3ddc45cf4798033fc4dcb2cea) Importer(815301076,1909f56bfc062723c751e8b465ee728b)
Start importing Assets/UserFolder/Script using Guid(ea0527a3ddc45cf4798033fc4dcb2cea) Importer(815301076,1909f56bfc062723c751e8b465ee728b)  -> (artifact id: '5f624e642ff97e0051ec1e521964bbfd') in 0.005449 seconds 
========================================================================
Received Import Request.
  Time since last request: 835.815327 seconds.
  path: Assets/UserFolder/Script/A
  artifactKey: Guid(d624a12f737333f4b87c5fd4d7e9c80a) Importer(815301076,1909f56bfc062723c751e8b465ee728b)
Start importing Assets/UserFolder/Script/A using Guid(d624a12f737333f4b87c5fd4d7e9c80a) Importer(815301076,1909f56bfc062723c751e8b465ee728b)  -> (artifact id: '931e115f540528462683e18337fc1bab') in 0.005016 seconds 
========================================================================
Received Import Request.
  Time since last request: 17.046775 seconds.
  path: Assets/UserFolder/Animation
  artifactKey: Guid(d624a12f737333f4b87c5fd4d7e9c80a) Importer(815301076,1909f56bfc062723c751e8b465ee728b)
Start importing Assets/UserFolder/Animation using Guid(d624a12f737333f4b87c5fd4d7e9c80a) Importer(815301076,1909f56bfc062723c751e8b465ee728b)  -> (artifact id: 'c5a8c157b560a5c45f63133e7e977f44') in 0.006225 seconds 
========================================================================
Received Import Request.
  Time since last request: 8.332308 seconds.
  path: Assets/UserFolder/Sound
  artifactKey: Guid(8d3e9bc04f437344c9578bd0f8450225) Importer(815301076,1909f56bfc062723c751e8b465ee728b)
Start importing Assets/UserFolder/Sound using Guid(8d3e9bc04f437344c9578bd0f8450225) Importer(815301076,1909f56bfc062723c751e8b465ee728b)  -> (artifact id: 'c170b496b28d864a3b720931973957e7') in 0.007498 seconds 
========================================================================
Received Import Request.
  Time since last request: 23.211112 seconds.
  path: Assets/UserFolder/Script/Monster
  artifactKey: Guid(a98f31b6b42004a4d853a48929679b96) Importer(815301076,1909f56bfc062723c751e8b465ee728b)
Start importing Assets/UserFolder/Script/Monster using Guid(a98f31b6b42004a4d853a48929679b96) Importer(815301076,1909f56bfc062723c751e8b465ee728b)  -> (artifact id: 'd26231e06523e5f1f88304b6fe83defe') in 0.016796 seconds 
========================================================================
Received Import Request.
  Time since last request: 1.329425 seconds.
  path: Assets/UserFolder/Script/Monster/SpecialMonster
  artifactKey: Guid(cf3a12d0cd5dbd1499cd5af8d987a0c6) Importer(815301076,1909f56bfc062723c751e8b465ee728b)
Start importing Assets/UserFolder/Script/Monster/SpecialMonster using Guid(cf3a12d0cd5dbd1499cd5af8d987a0c6) Importer(815301076,1909f56bfc062723c751e8b465ee728b)  -> (artifact id: '8fba729d8eba4165569b549ca194877f') in 0.005194 seconds 
========================================================================
Received Import Request.
  Time since last request: 14.017144 seconds.
  path: Assets/UserFolder/Script/Monster/Boids
  artifactKey: Guid(1879201004ebf554086384d09dd4a48d) Importer(815301076,1909f56bfc062723c751e8b465ee728b)
Start importing Assets/UserFolder/Script/Monster/Boids using Guid(1879201004ebf554086384d09dd4a48d) Importer(815301076,1909f56bfc062723c751e8b465ee728b)  -> (artifact id: 'a862c14afafa172b9b456c823fcf7645') in 0.007072 seconds 
========================================================================
Received Prepare
Registering precompiled user dll's ...
Registered in 0.006881 seconds.
Begin MonoManager ReloadAssembly
Symbol file LoadedFromMemory doesn't match image C:\Users\human\OneDrive\바탕 화면\Git\Gravities\Gravity\Library\PackageCache\com.unity.visualscripting@1.7.8\Editor\VisualScripting.Core\Dependencies\YamlDotNet\Unity.VisualScripting.YamlDotNet.dll
Symbol file LoadedFromMemory doesn't match image C:\Users\human\OneDrive\바탕 화면\Git\Gravities\Gravity\Library\PackageCache\com.unity.visualscripting@1.7.8\Editor\VisualScripting.Core\Dependencies\DotNetZip\Unity.VisualScripting.IonicZip.dll
Native extension for WindowsStandalone target not found
Refreshing native plugins compatible for Editor in 1.00 ms, found 3 plugins.
Preloading 0 native plugins for Editor in 0.00 ms.
Error saving file Library/StateCache/LayerSettings/9e/9ecc5c3c162a7aba29bafa64c8b94b7c.json. Error: System.IO.IOException: Sharing violation on path C:\Users\human\OneDrive\바탕 화면\Git\Gravities\Gravity\Library\StateCache\LayerSettings\9e\9ecc5c3c162a7aba29bafa64c8b94b7c.json
  at System.IO.FileStream..ctor (System.String path, System.IO.FileMode mode, System.IO.FileAccess access, System.IO.FileShare share, System.Int32 bufferSize, System.Boolean anonymous, System.IO.FileOptions options) [0x0019e] in <9aad1b3a47484d63ba2b3985692d80e9>:0 
  at System.IO.FileStream..ctor (System.String path, System.IO.FileMode mode, System.IO.FileAccess access, System.IO.FileShare share, System.Int32 bufferSize, System.IO.FileOptions options) [0x00000] in <9aad1b3a47484d63ba2b3985692d80e9>:0 
  at (wrapper remoting-invoke-with-check) System.IO.FileStream..ctor(string,System.IO.FileMode,System.IO.FileAccess,System.IO.FileShare,int,System.IO.FileOptions)
  at System.IO.StreamWriter..ctor (System.String path, System.Boolean append, System.Text.Encoding encoding, System.Int32 bufferSize) [0x00055] in <9aad1b3a47484d63ba2b3985692d80e9>:0 
  at System.IO.StreamWriter..ctor (System.String path, System.Boolean append, System.Text.Encoding encoding) [0x00000] in <9aad1b3a47484d63ba2b3985692d80e9>:0 
  at (wrapper remoting-invoke-with-check) System.IO.StreamWriter..ctor(string,bool,System.Text.Encoding)
  at System.IO.File.WriteAllText (System.String path, System.String contents, System.Text.Encoding encoding) [0x00034] in <9aad1b3a47484d63ba2b3985692d80e9>:0 
  at UnityEditor.StateCache`1[T].SetState (UnityEngine.Hash128 key, T obj) [0x0004b] in <0d6ce211ebbc47e1a35a84c3672ff58f>:0 
UnityEngine.StackTraceUtility:ExtractStackTrace ()
UnityEngine.DebugLogHandler:LogFormat (UnityEngine.LogType,UnityEngine.Object,string,object[])
UnityEngine.Logger:Log (UnityEngine.LogType,object)
UnityEngine.Debug:LogError (object)
UnityEditor.StateCache`1<UnityEditor.Tools/LayerSettings>:SetState (UnityEngine.Hash128,UnityEditor.Tools/LayerSettings)
UnityEditor.Tools:set_lockedLayers (int)
UnityEditor.Tools:OnEnable ()
UnityEngine.ScriptableObject:CreateInstance (System.Type)
UnityEngine.ScriptableObject:CreateInstance<UnityEditor.Tools> ()
UnityEditor.Tools:get_get ()
UnityEditor.Tools:get_visibleLayers ()
UnityEditor.Animations.Rigging.BoneRendererUtils:.cctor () (at Library/PackageCache/com.unity.animation.rigging@1.1.1/Editor/Utils/BoneRendererUtils.cs:121)
System.Runtime.CompilerServices.RuntimeHelpers:RunClassConstructor (System.RuntimeTypeHandle)
UnityEditor.EditorAssemblies:ProcessInitializeOnLoadAttributes (System.Type[])

(Filename: Library/PackageCache/com.unity.animation.rigging@1.1.1/Editor/Utils/BoneRendererUtils.cs Line: 121)

Mono: successfully reloaded assembly
- Completed reload, in  1.014 seconds
Domain Reload Profiling:
	ReloadAssembly (1014ms)
		BeginReloadAssembly (115ms)
			ExecutionOrderSort (0ms)
			DisableScriptedObjects (5ms)
			BackupInstance (0ms)
			ReleaseScriptingObjects (0ms)
			CreateAndSetChildDomain (37ms)
		EndReloadAssembly (816ms)
			LoadAssemblies (80ms)
			RebuildTransferFunctionScriptingTraits (0ms)
			SetupTypeCache (222ms)
			ReleaseScriptCaches (2ms)
			RebuildScriptCaches (38ms)
			SetupLoadedEditorAssemblies (342ms)
				LogAssemblyErrors (0ms)
				InitializePlatformSupportModulesInManaged (10ms)
				SetLoadedEditorAssemblies (0ms)
				RefreshPlugins (1ms)
				BeforeProcessingInitializeOnLoad (70ms)
				ProcessInitializeOnLoadAttributes (186ms)
				ProcessInitializeOnLoadMethodAttributes (70ms)
				AfterProcessingInitializeOnLoad (5ms)
				EditorAssembliesLoaded (0ms)
			ExecutionOrderSort2 (0ms)
			AwakeInstancesAfterBackupRestoration (17ms)
Platform modules already initialized, skipping
Script is not up to date after domain reload: guid(3ea3fbd3d659df04fa4c6ef147849898) path("Assets/UserFolder/Script/Monster/Boids/BoidsScriptable.cs") state(2)
Refreshing native plugins compatible for Editor in 1.79 ms, found 3 plugins.
Preloading 0 native plugins for Editor in 0.00 ms.
Unloading 5197 Unused Serialized files (Serialized files now loaded: 0)
Unloading 52 unused Assets / (2.5 MB). Loaded Objects now: 5923.
Memory consumption went from 216.6 MB to 214.1 MB.
Total: 4.281200 ms (FindLiveObjects: 0.411900 ms CreateObjectMapping: 0.473400 ms MarkObjects: 2.762100 ms  DeleteObjects: 0.633100 ms)

AssetImportParameters requested are different than current active one (requested -> active):
  custom:video-decoder-ogg-theora: a1e56fd34408186e4bbccfd4996cb3dc -> 
  custom:container-muxer-webm: aa71ff27fc2769a1b78a27578f13a17b -> 
  custom:container-demuxer-webm: 4f35f7cbe854078d1ac9338744f61a02 -> 
  custom:video-encoder-webm-vp8: eb34c28f22e8b96e1ab97ce403110664 -> 
  custom:audio-encoder-webm-vorbis: bf7c407c2cedff20999df2af8eb42d56 -> 
  custom:framework-win-MediaFoundation: 216162199b28c13a410421893ffa2e32 -> 
  custom:container-demuxer-ogg: 62fdf1f143b41e24485cea50d1cbac27 -> 
  custom:video-decoder-webm-vp8: 9c59270c3fd7afecdb556c50c9e8de78 -> 
  custom:audio-decoder-ogg-vorbis: bf7c407c2cedff20999df2af8eb42d56 -> 
========================================================================
Received Import Request.
  Time since last request: 43.660326 seconds.
  path: Assets/UserFolder/Script/Monster/SpecialMonster/SpecialMonster1
  artifactKey: Guid(2dfdef0ce4547c1458ec334e14bd8f4a) Importer(815301076,1909f56bfc062723c751e8b465ee728b)
Start importing Assets/UserFolder/Script/Monster/SpecialMonster/SpecialMonster1 using Guid(2dfdef0ce4547c1458ec334e14bd8f4a) Importer(815301076,1909f56bfc062723c751e8b465ee728b)  -> (artifact id: '4ef4c184912f821c239134d34b2e5dba') in 0.014357 seconds 
