Using pre-set license
Built from '2021.3/staging' branch; Version is '2021.3.9f1 (ad3870b89536) revision 11352176'; Using compiler version '192829333'; Build Type 'Release'
OS: 'Windows 10  (10.0.19045) 64bit Professional' Language: 'ko' Physical Memory: 16167 MB
BatchMode: 1, IsHumanControllingUs: 0, StartBugReporterOnCrash: 0, Is64bit: 1, IsPro: 1

COMMAND LINE ARGUMENTS:
C:\Program Files\Unity\Hub\Editor\2021.3.9f1\Editor\Unity.exe
-adb2
-batchMode
-noUpm
-name
AssetImportWorker1
-projectPath
C:/Users/human/OneDrive/바탕 화면/Git/Gravities/Gravity
-logFile
Logs/AssetImportWorker1.log
-srvPort
50024
Successfully changed project path to: C:/Users/human/OneDrive/바탕 화면/Git/Gravities/Gravity
C:/Users/human/OneDrive/바탕 화면/Git/Gravities/Gravity
[UnityMemory] Configuration Parameters - Can be set up in boot.config
    "memorysetup-bucket-allocator-granularity=16"
    "memorysetup-bucket-allocator-bucket-count=8"
    "memorysetup-bucket-allocator-block-size=33554432"
    "memorysetup-bucket-allocator-block-count=8"
    "memorysetup-main-allocator-block-size=16777216"
    "memorysetup-thread-allocator-block-size=16777216"
    "memorysetup-gfx-main-allocator-block-size=16777216"
    "memorysetup-gfx-thread-allocator-block-size=16777216"
    "memorysetup-cache-allocator-block-size=4194304"
    "memorysetup-typetree-allocator-block-size=2097152"
    "memorysetup-profiler-bucket-allocator-granularity=16"
    "memorysetup-profiler-bucket-allocator-bucket-count=8"
    "memorysetup-profiler-bucket-allocator-block-size=33554432"
    "memorysetup-profiler-bucket-allocator-block-count=8"
    "memorysetup-profiler-allocator-block-size=16777216"
    "memorysetup-profiler-editor-allocator-block-size=1048576"
    "memorysetup-temp-allocator-size-main=16777216"
    "memorysetup-job-temp-allocator-block-size=2097152"
    "memorysetup-job-temp-allocator-block-size-background=1048576"
    "memorysetup-job-temp-allocator-reduction-small-platforms=262144"
    "memorysetup-temp-allocator-size-background-worker=32768"
    "memorysetup-temp-allocator-size-job-worker=262144"
    "memorysetup-temp-allocator-size-preload-manager=33554432"
    "memorysetup-temp-allocator-size-nav-mesh-worker=65536"
    "memorysetup-temp-allocator-size-audio-worker=65536"
    "memorysetup-temp-allocator-size-cloud-worker=32768"
    "memorysetup-temp-allocator-size-gi-baking-worker=262144"
    "memorysetup-temp-allocator-size-gfx=262144"
Refreshing native plugins compatible for Editor in 92.70 ms, found 3 plugins.
Preloading 0 native plugins for Editor in 0.00 ms.
Initialize engine version: 2021.3.9f1 (ad3870b89536)
[Subsystems] Discovering subsystems at path C:/Program Files/Unity/Hub/Editor/2021.3.9f1/Editor/Data/Resources/UnitySubsystems
[Subsystems] Discovering subsystems at path C:/Users/human/OneDrive/바탕 화면/Git/Gravities/Gravity/Assets
GfxDevice: creating device client; threaded=0; jobified=0
Direct3D:
    Version:  Direct3D 11.0 [level 11.1]
    Renderer: NVIDIA GeForce MX450 (ID=0x1f97)
    Vendor:   NVIDIA
    VRAM:     1928 MB
    Driver:   31.0.15.2225
Initialize mono
Mono path[0] = 'C:/Program Files/Unity/Hub/Editor/2021.3.9f1/Editor/Data/Managed'
Mono path[1] = 'C:/Program Files/Unity/Hub/Editor/2021.3.9f1/Editor/Data/MonoBleedingEdge/lib/mono/unityjit-win32'
Mono config path = 'C:/Program Files/Unity/Hub/Editor/2021.3.9f1/Editor/Data/MonoBleedingEdge/etc'
Using monoOptions --debugger-agent=transport=dt_socket,embedding=1,server=y,suspend=n,address=127.0.0.1:56500
Begin MonoManager ReloadAssembly
Registering precompiled unity dll's ...
Register platform support module: C:/Program Files/Unity/Hub/Editor/2021.3.9f1/Editor/Data/PlaybackEngines/WindowsStandaloneSupport/UnityEditor.WindowsStandalone.Extensions.dll
Registered in 0.004735 seconds.
Native extension for WindowsStandalone target not found
Refreshing native plugins compatible for Editor in 150.91 ms, found 3 plugins.
Preloading 0 native plugins for Editor in 0.00 ms.
Mono: successfully reloaded assembly
- Completed reload, in  0.799 seconds
Domain Reload Profiling:
	ReloadAssembly (800ms)
		BeginReloadAssembly (55ms)
			ExecutionOrderSort (0ms)
			DisableScriptedObjects (0ms)
			BackupInstance (0ms)
			ReleaseScriptingObjects (0ms)
			CreateAndSetChildDomain (1ms)
		EndReloadAssembly (654ms)
			LoadAssemblies (54ms)
			RebuildTransferFunctionScriptingTraits (0ms)
			SetupTypeCache (112ms)
			ReleaseScriptCaches (0ms)
			RebuildScriptCaches (46ms)
			SetupLoadedEditorAssemblies (436ms)
				LogAssemblyErrors (0ms)
				InitializePlatformSupportModulesInManaged (8ms)
				SetLoadedEditorAssemblies (0ms)
				RefreshPlugins (151ms)
				BeforeProcessingInitializeOnLoad (3ms)
				ProcessInitializeOnLoadAttributes (159ms)
				ProcessInitializeOnLoadMethodAttributes (114ms)
				AfterProcessingInitializeOnLoad (0ms)
				EditorAssembliesLoaded (0ms)
			ExecutionOrderSort2 (0ms)
			AwakeInstancesAfterBackupRestoration (0ms)
Platform modules already initialized, skipping
Registering precompiled user dll's ...
Registered in 0.012871 seconds.
Begin MonoManager ReloadAssembly
Symbol file LoadedFromMemory doesn't match image C:\Users\human\OneDrive\바탕 화면\Git\Gravities\Gravity\Library\PackageCache\com.unity.visualscripting@1.7.8\Editor\VisualScripting.Core\Dependencies\YamlDotNet\Unity.VisualScripting.YamlDotNet.dll
Symbol file LoadedFromMemory doesn't match image C:\Users\human\OneDrive\바탕 화면\Git\Gravities\Gravity\Library\PackageCache\com.unity.visualscripting@1.7.8\Editor\VisualScripting.Core\Dependencies\DotNetZip\Unity.VisualScripting.IonicZip.dll
Native extension for WindowsStandalone target not found
Refreshing native plugins compatible for Editor in 102.61 ms, found 3 plugins.
Preloading 0 native plugins for Editor in 0.00 ms.
Mono: successfully reloaded assembly
- Completed reload, in  1.299 seconds
Domain Reload Profiling:
	ReloadAssembly (1300ms)
		BeginReloadAssembly (186ms)
			ExecutionOrderSort (0ms)
			DisableScriptedObjects (10ms)
			BackupInstance (0ms)
			ReleaseScriptingObjects (0ms)
			CreateAndSetChildDomain (41ms)
		EndReloadAssembly (967ms)
			LoadAssemblies (150ms)
			RebuildTransferFunctionScriptingTraits (0ms)
			SetupTypeCache (231ms)
			ReleaseScriptCaches (1ms)
			RebuildScriptCaches (60ms)
			SetupLoadedEditorAssemblies (502ms)
				LogAssemblyErrors (0ms)
				InitializePlatformSupportModulesInManaged (3ms)
				SetLoadedEditorAssemblies (0ms)
				RefreshPlugins (103ms)
				BeforeProcessingInitializeOnLoad (86ms)
				ProcessInitializeOnLoadAttributes (229ms)
				ProcessInitializeOnLoadMethodAttributes (75ms)
				AfterProcessingInitializeOnLoad (5ms)
				EditorAssembliesLoaded (0ms)
			ExecutionOrderSort2 (0ms)
			AwakeInstancesAfterBackupRestoration (5ms)
Platform modules already initialized, skipping
========================================================================
Worker process is ready to serve import requests
Launched and connected shader compiler UnityShaderCompiler.exe after 0.04 seconds
Refreshing native plugins compatible for Editor in 1.08 ms, found 3 plugins.
Preloading 0 native plugins for Editor in 0.00 ms.
Unloading 5356 Unused Serialized files (Serialized files now loaded: 0)
Unloading 46 unused Assets / (1.9 MB). Loaded Objects now: 5798.
Memory consumption went from 218.3 MB to 216.4 MB.
Total: 3.496800 ms (FindLiveObjects: 0.424400 ms CreateObjectMapping: 0.272500 ms MarkObjects: 2.343300 ms  DeleteObjects: 0.455700 ms)

AssetImportParameters requested are different than current active one (requested -> active):
  custom:video-decoder-ogg-theora: a1e56fd34408186e4bbccfd4996cb3dc -> 
  custom:container-muxer-webm: aa71ff27fc2769a1b78a27578f13a17b -> 
  custom:container-demuxer-webm: 4f35f7cbe854078d1ac9338744f61a02 -> 
  custom:video-encoder-webm-vp8: eb34c28f22e8b96e1ab97ce403110664 -> 
  custom:audio-encoder-webm-vorbis: bf7c407c2cedff20999df2af8eb42d56 -> 
  custom:framework-win-MediaFoundation: 216162199b28c13a410421893ffa2e32 -> 
  custom:container-demuxer-ogg: 62fdf1f143b41e24485cea50d1cbac27 -> 
  custom:video-decoder-webm-vp8: 9c59270c3fd7afecdb556c50c9e8de78 -> 
  custom:audio-decoder-ogg-vorbis: bf7c407c2cedff20999df2af8eb42d56 -> 
========================================================================
Received Import Request.
  Time since last request: 201802.116403 seconds.
  path: Assets/UserFolder/Scenes/GameScene/Lightmap-3_comp_dir.png
  artifactKey: Guid(4ca35aad4744f5e419f82c85923cbb00) Importer(815301076,1909f56bfc062723c751e8b465ee728b)
Start importing Assets/UserFolder/Scenes/GameScene/Lightmap-3_comp_dir.png using Guid(4ca35aad4744f5e419f82c85923cbb00) Importer(815301076,1909f56bfc062723c751e8b465ee728b)  -> (artifact id: 'd3a8dcad03810e7ad380746782e607e5') in 0.061247 seconds 
========================================================================
Received Import Request.
  Time since last request: 0.000028 seconds.
  path: Assets/UserFolder/Scenes/GameScene/Lightmap-10_comp_light.exr
  artifactKey: Guid(d4f2f8536d4b65b44a1b58bd04fa10be) Importer(815301076,1909f56bfc062723c751e8b465ee728b)
Start importing Assets/UserFolder/Scenes/GameScene/Lightmap-10_comp_light.exr using Guid(d4f2f8536d4b65b44a1b58bd04fa10be) Importer(815301076,1909f56bfc062723c751e8b465ee728b)  -> (artifact id: '317eb342280ee047e3523ef2b41be0aa') in 0.049610 seconds 
========================================================================
Received Import Request.
  Time since last request: 0.000027 seconds.
  path: Assets/UserFolder/Scenes/GameScene/ReflectionProbe-0.exr
  artifactKey: Guid(73e9cb2ac6da400488782e57ef0b6d21) Importer(815301076,1909f56bfc062723c751e8b465ee728b)
Start importing Assets/UserFolder/Scenes/GameScene/ReflectionProbe-0.exr using Guid(73e9cb2ac6da400488782e57ef0b6d21) Importer(815301076,1909f56bfc062723c751e8b465ee728b)  -> (artifact id: '7f2bf34dd28c870d9a471403965ebff2') in 0.218933 seconds 
========================================================================
Received Import Request.
  Time since last request: 0.000039 seconds.
  path: Assets/UserFolder/Scenes/GameScene/NavMesh-ZUpArea 1.asset
  artifactKey: Guid(d7e57534a73f8324f9ae371bf729f9fc) Importer(815301076,1909f56bfc062723c751e8b465ee728b)
Start importing Assets/UserFolder/Scenes/GameScene/NavMesh-ZUpArea 1.asset using Guid(d7e57534a73f8324f9ae371bf729f9fc) Importer(815301076,1909f56bfc062723c751e8b465ee728b)  -> (artifact id: 'd9b7c578ba1ebe21b2178716a833976a') in 0.009694 seconds 
========================================================================
Received Import Request.
  Time since last request: 0.000056 seconds.
  path: Assets/UserFolder/Scenes/GameScene/OcclusionCullingData.asset
  artifactKey: Guid(77f4e9bbb2362844db096dd61ffd2dae) Importer(815301076,1909f56bfc062723c751e8b465ee728b)
Start importing Assets/UserFolder/Scenes/GameScene/OcclusionCullingData.asset using Guid(77f4e9bbb2362844db096dd61ffd2dae) Importer(815301076,1909f56bfc062723c751e8b465ee728b)  -> (artifact id: 'e42a9371f1eccf9b87849c62d26a872d') in 0.027620 seconds 
========================================================================
Received Import Request.
  Time since last request: 0.000033 seconds.
  path: Assets/UserFolder/Scenes/GameScene/Lightmap-8_comp_dir.png
  artifactKey: Guid(8b92584b827c90e4abe8edf5aec44a96) Importer(815301076,1909f56bfc062723c751e8b465ee728b)
Start importing Assets/UserFolder/Scenes/GameScene/Lightmap-8_comp_dir.png using Guid(8b92584b827c90e4abe8edf5aec44a96) Importer(815301076,1909f56bfc062723c751e8b465ee728b)  -> (artifact id: 'b6c2e930322bf22fb069db7d111e3691') in 0.018666 seconds 
========================================================================
Received Import Request.
  Time since last request: 0.000122 seconds.
  path: Assets/UserFolder/Scenes/GameScene/LightingData.asset
  artifactKey: Guid(fda5bbbd1c6cf75428d11b1437e9d259) Importer(815301076,1909f56bfc062723c751e8b465ee728b)
Start importing Assets/UserFolder/Scenes/GameScene/LightingData.asset using Guid(fda5bbbd1c6cf75428d11b1437e9d259) Importer(815301076,1909f56bfc062723c751e8b465ee728b)  -> (artifact id: '0b8871772af0dbb6e3c29c5260101ebf') in 0.010332 seconds 
========================================================================
Received Import Request.
  Time since last request: 0.000055 seconds.
  path: Assets/UserFolder/Scenes/GameScene.unity
  artifactKey: Guid(99c9720ab356a0642a771bea13969a05) Importer(815301076,1909f56bfc062723c751e8b465ee728b)
Start importing Assets/UserFolder/Scenes/GameScene.unity using Guid(99c9720ab356a0642a771bea13969a05) Importer(815301076,1909f56bfc062723c751e8b465ee728b)  -> (artifact id: '86ac0e98c5a6ae59becc37ec919c8313') in 0.007062 seconds 
========================================================================
Received Import Request.
  Time since last request: 0.000040 seconds.
  path: Assets/UserFolder/Scenes/GameScene/Lightmap-0_comp_dir.png
  artifactKey: Guid(8778461ddfa3cba4ea877bc4b4e6e016) Importer(815301076,1909f56bfc062723c751e8b465ee728b)
Start importing Assets/UserFolder/Scenes/GameScene/Lightmap-0_comp_dir.png using Guid(8778461ddfa3cba4ea877bc4b4e6e016) Importer(815301076,1909f56bfc062723c751e8b465ee728b)  -> (artifact id: 'ae7ce82afb0a5b6341f02a7550fa087e') in 0.017316 seconds 
========================================================================
Received Import Request.
  Time since last request: 0.000029 seconds.
  path: Assets/UserFolder/Scenes/GameScene/NavMesh-ZDownArea.asset
  artifactKey: Guid(9bc2a518ee29f634aa11ba9c23bfe945) Importer(815301076,1909f56bfc062723c751e8b465ee728b)
Start importing Assets/UserFolder/Scenes/GameScene/NavMesh-ZDownArea.asset using Guid(9bc2a518ee29f634aa11ba9c23bfe945) Importer(815301076,1909f56bfc062723c751e8b465ee728b)  -> (artifact id: '1d72c25397c70a46bb0bf33681b79ec8') in 0.008732 seconds 
========================================================================
Received Import Request.
  Time since last request: 0.000040 seconds.
  path: Assets/UserFolder/Scenes/SampleScene
  artifactKey: Guid(5ce4269c2245dbf4e87e7788114ba83a) Importer(815301076,1909f56bfc062723c751e8b465ee728b)
Start importing Assets/UserFolder/Scenes/SampleScene using Guid(5ce4269c2245dbf4e87e7788114ba83a) Importer(815301076,1909f56bfc062723c751e8b465ee728b)  -> (artifact id: '6b2564f269a61b396be32a842458e277') in 0.007194 seconds 
========================================================================
Received Import Request.
  Time since last request: 0.000031 seconds.
  path: Assets/UserFolder/Scenes/GameScene/Lightmap-4_comp_dir.png
  artifactKey: Guid(f44bdc060ba76e842990ef4e45ef2783) Importer(815301076,1909f56bfc062723c751e8b465ee728b)
Start importing Assets/UserFolder/Scenes/GameScene/Lightmap-4_comp_dir.png using Guid(f44bdc060ba76e842990ef4e45ef2783) Importer(815301076,1909f56bfc062723c751e8b465ee728b)  -> (artifact id: '0dc3279f0c85f06f85f59c5f7a9bd13f') in 0.018114 seconds 
========================================================================
Received Import Request.
  Time since last request: 0.000025 seconds.
  path: Assets/UserFolder/Scenes/GameScene/NavMesh-XDownArea.asset
  artifactKey: Guid(5121bdd8854f539469d690f6e3a49b37) Importer(815301076,1909f56bfc062723c751e8b465ee728b)
Start importing Assets/UserFolder/Scenes/GameScene/NavMesh-XDownArea.asset using Guid(5121bdd8854f539469d690f6e3a49b37) Importer(815301076,1909f56bfc062723c751e8b465ee728b)  -> (artifact id: '2b1017487277fce514cb0032b7b04dd7') in 0.008264 seconds 
========================================================================
Received Import Request.
  Time since last request: 0.000025 seconds.
  path: Assets/UserFolder/Scenes/GameScene/Lightmap-6_comp_light.exr
  artifactKey: Guid(9131de4963a8bd0438b9343aa1a10b33) Importer(815301076,1909f56bfc062723c751e8b465ee728b)
Start importing Assets/UserFolder/Scenes/GameScene/Lightmap-6_comp_light.exr using Guid(9131de4963a8bd0438b9343aa1a10b33) Importer(815301076,1909f56bfc062723c751e8b465ee728b)  -> (artifact id: '384ce2a6e46e2c6d8a51daf0dcd87442') in 0.020697 seconds 
========================================================================
Received Import Request.
  Time since last request: 0.000037 seconds.
  path: Assets/UserFolder/Scenes/GameScene/Lightmap-3_comp_light.exr
  artifactKey: Guid(4ebb6e0b666fd3845917ba60e2fcdf67) Importer(815301076,1909f56bfc062723c751e8b465ee728b)
Start importing Assets/UserFolder/Scenes/GameScene/Lightmap-3_comp_light.exr using Guid(4ebb6e0b666fd3845917ba60e2fcdf67) Importer(815301076,1909f56bfc062723c751e8b465ee728b)  -> (artifact id: 'a3f05c1fef4235296989a036c99abaad') in 0.016187 seconds 
========================================================================
Received Import Request.
  Time since last request: 0.000027 seconds.
  path: Assets/UserFolder/Scenes/GameScene/NavMesh-XDownArea 1.asset
  artifactKey: Guid(eb4f03571e09a224687faaf171279e94) Importer(815301076,1909f56bfc062723c751e8b465ee728b)
Start importing Assets/UserFolder/Scenes/GameScene/NavMesh-XDownArea 1.asset using Guid(eb4f03571e09a224687faaf171279e94) Importer(815301076,1909f56bfc062723c751e8b465ee728b)  -> (artifact id: '698acd4f92bd1ac7913333d423017505') in 0.006698 seconds 
========================================================================
Received Import Request.
  Time since last request: 0.000054 seconds.
  path: Assets/UserFolder/Scenes/GameScene/Lightmap-8_comp_light.exr
  artifactKey: Guid(81f1819a863c37a47a011422d1dcf872) Importer(815301076,1909f56bfc062723c751e8b465ee728b)
Start importing Assets/UserFolder/Scenes/GameScene/Lightmap-8_comp_light.exr using Guid(81f1819a863c37a47a011422d1dcf872) Importer(815301076,1909f56bfc062723c751e8b465ee728b)  -> (artifact id: '08ca546749bbe4e5b7df33ab25039d7a') in 0.016798 seconds 
========================================================================
Received Prepare
Registering precompiled user dll's ...
Registered in 0.005713 seconds.
Begin MonoManager ReloadAssembly
Symbol file LoadedFromMemory doesn't match image C:\Users\human\OneDrive\바탕 화면\Git\Gravities\Gravity\Library\PackageCache\com.unity.visualscripting@1.7.8\Editor\VisualScripting.Core\Dependencies\YamlDotNet\Unity.VisualScripting.YamlDotNet.dll
Symbol file LoadedFromMemory doesn't match image C:\Users\human\OneDrive\바탕 화면\Git\Gravities\Gravity\Library\PackageCache\com.unity.visualscripting@1.7.8\Editor\VisualScripting.Core\Dependencies\DotNetZip\Unity.VisualScripting.IonicZip.dll
Native extension for WindowsStandalone target not found
Refreshing native plugins compatible for Editor in 1.50 ms, found 3 plugins.
Preloading 0 native plugins for Editor in 0.00 ms.
Mono: successfully reloaded assembly
- Completed reload, in  1.105 seconds
Domain Reload Profiling:
	ReloadAssembly (1105ms)
		BeginReloadAssembly (136ms)
			ExecutionOrderSort (0ms)
			DisableScriptedObjects (6ms)
			BackupInstance (0ms)
			ReleaseScriptingObjects (0ms)
			CreateAndSetChildDomain (48ms)
		EndReloadAssembly (868ms)
			LoadAssemblies (76ms)
			RebuildTransferFunctionScriptingTraits (0ms)
			SetupTypeCache (262ms)
			ReleaseScriptCaches (2ms)
			RebuildScriptCaches (47ms)
			SetupLoadedEditorAssemblies (386ms)
				LogAssemblyErrors (0ms)
				InitializePlatformSupportModulesInManaged (13ms)
				SetLoadedEditorAssemblies (1ms)
				RefreshPlugins (2ms)
				BeforeProcessingInitializeOnLoad (79ms)
				ProcessInitializeOnLoadAttributes (216ms)
				ProcessInitializeOnLoadMethodAttributes (70ms)
				AfterProcessingInitializeOnLoad (6ms)
				EditorAssembliesLoaded (0ms)
			ExecutionOrderSort2 (0ms)
			AwakeInstancesAfterBackupRestoration (18ms)
Platform modules already initialized, skipping
Refreshing native plugins compatible for Editor in 2.71 ms, found 3 plugins.
Preloading 0 native plugins for Editor in 0.00 ms.
Unloading 5196 Unused Serialized files (Serialized files now loaded: 0)
Unloading 39 unused Assets / (1.9 MB). Loaded Objects now: 5889.
Memory consumption went from 213.5 MB to 211.6 MB.
Total: 4.829000 ms (FindLiveObjects: 0.492500 ms CreateObjectMapping: 0.411800 ms MarkObjects: 3.316900 ms  DeleteObjects: 0.602800 ms)

AssetImportParameters requested are different than current active one (requested -> active):
  custom:video-decoder-ogg-theora: a1e56fd34408186e4bbccfd4996cb3dc -> 
  custom:container-muxer-webm: aa71ff27fc2769a1b78a27578f13a17b -> 
  custom:container-demuxer-webm: 4f35f7cbe854078d1ac9338744f61a02 -> 
  custom:video-encoder-webm-vp8: eb34c28f22e8b96e1ab97ce403110664 -> 
  custom:audio-encoder-webm-vorbis: bf7c407c2cedff20999df2af8eb42d56 -> 
  custom:framework-win-MediaFoundation: 216162199b28c13a410421893ffa2e32 -> 
  custom:container-demuxer-ogg: 62fdf1f143b41e24485cea50d1cbac27 -> 
  custom:video-decoder-webm-vp8: 9c59270c3fd7afecdb556c50c9e8de78 -> 
  custom:audio-decoder-ogg-vorbis: bf7c407c2cedff20999df2af8eb42d56 -> 
========================================================================
Received Prepare
Registering precompiled user dll's ...
Registered in 0.013119 seconds.
Begin MonoManager ReloadAssembly
Symbol file LoadedFromMemory doesn't match image C:\Users\human\OneDrive\바탕 화면\Git\Gravities\Gravity\Library\PackageCache\com.unity.visualscripting@1.7.8\Editor\VisualScripting.Core\Dependencies\YamlDotNet\Unity.VisualScripting.YamlDotNet.dll
Symbol file LoadedFromMemory doesn't match image C:\Users\human\OneDrive\바탕 화면\Git\Gravities\Gravity\Library\PackageCache\com.unity.visualscripting@1.7.8\Editor\VisualScripting.Core\Dependencies\DotNetZip\Unity.VisualScripting.IonicZip.dll
Native extension for WindowsStandalone target not found
Refreshing native plugins compatible for Editor in 2.60 ms, found 3 plugins.
Preloading 0 native plugins for Editor in 0.00 ms.
Error loading file Library/StateCache/LayerSettings/9e/9ecc5c3c162a7aba29bafa64c8b94b7c.json. Error: System.IO.IOException: Sharing violation on path C:\Users\human\OneDrive\바탕 화면\Git\Gravities\Gravity\Library\StateCache\LayerSettings\9e\9ecc5c3c162a7aba29bafa64c8b94b7c.json
  at System.IO.FileStream..ctor (System.String path, System.IO.FileMode mode, System.IO.FileAccess access, System.IO.FileShare share, System.Int32 bufferSize, System.Boolean anonymous, System.IO.FileOptions options) [0x0019e] in <9aad1b3a47484d63ba2b3985692d80e9>:0 
  at System.IO.FileStream..ctor (System.String path, System.IO.FileMode mode, System.IO.FileAccess access, System.IO.FileShare share, System.Int32 bufferSize, System.IO.FileOptions options) [0x00000] in <9aad1b3a47484d63ba2b3985692d80e9>:0 
  at (wrapper remoting-invoke-with-check) System.IO.FileStream..ctor(string,System.IO.FileMode,System.IO.FileAccess,System.IO.FileShare,int,System.IO.FileOptions)
  at System.IO.StreamReader..ctor (System.String path, System.Text.Encoding encoding, System.Boolean detectEncodingFromByteOrderMarks, System.Int32 bufferSize) [0x00055] in <9aad1b3a47484d63ba2b3985692d80e9>:0 
  at System.IO.StreamReader..ctor (System.String path, System.Text.Encoding encoding, System.Boolean detectEncodingFromByteOrderMarks) [0x00000] in <9aad1b3a47484d63ba2b3985692d80e9>:0 
  at (wrapper remoting-invoke-with-check) System.IO.StreamReader..ctor(string,System.Text.Encoding,bool)
  at System.IO.File.InternalReadAllText (System.String path, System.Text.Encoding encoding) [0x00000] in <9aad1b3a47484d63ba2b3985692d80e9>:0 
  at System.IO.File.ReadAllText (System.String path, System.Text.Encoding encoding) [0x00034] in <9aad1b3a47484d63ba2b3985692d80e9>:0 
  at UnityEditor.StateCache`1[T].GetState (UnityEngine.Hash128 key, T defaultValue) [0x00041] in <0d6ce211ebbc47e1a35a84c3672ff58f>:0 
UnityEngine.StackTraceUtility:ExtractStackTrace ()
UnityEngine.DebugLogHandler:LogFormat (UnityEngine.LogType,UnityEngine.Object,string,object[])
UnityEngine.Logger:Log (UnityEngine.LogType,object)
UnityEngine.Debug:LogError (object)
UnityEditor.StateCache`1<UnityEditor.Tools/LayerSettings>:GetState (UnityEngine.Hash128,UnityEditor.Tools/LayerSettings)
UnityEditor.Tools:OnEnable ()
UnityEngine.ScriptableObject:CreateInstance (System.Type)
UnityEngine.ScriptableObject:CreateInstance<UnityEditor.Tools> ()
UnityEditor.Tools:get_get ()
UnityEditor.Tools:get_visibleLayers ()
UnityEditor.Animations.Rigging.BoneRendererUtils:.cctor () (at Library/PackageCache/com.unity.animation.rigging@1.1.1/Editor/Utils/BoneRendererUtils.cs:121)
System.Runtime.CompilerServices.RuntimeHelpers:RunClassConstructor (System.RuntimeTypeHandle)
UnityEditor.EditorAssemblies:ProcessInitializeOnLoadAttributes (System.Type[])

(Filename: Library/PackageCache/com.unity.animation.rigging@1.1.1/Editor/Utils/BoneRendererUtils.cs Line: 121)

Mono: successfully reloaded assembly
- Completed reload, in  2.571 seconds
Domain Reload Profiling:
	ReloadAssembly (2573ms)
		BeginReloadAssembly (275ms)
			ExecutionOrderSort (0ms)
			DisableScriptedObjects (16ms)
			BackupInstance (0ms)
			ReleaseScriptingObjects (0ms)
			CreateAndSetChildDomain (86ms)
		EndReloadAssembly (2000ms)
			LoadAssemblies (189ms)
			RebuildTransferFunctionScriptingTraits (0ms)
			SetupTypeCache (689ms)
			ReleaseScriptCaches (3ms)
			RebuildScriptCaches (90ms)
			SetupLoadedEditorAssemblies (872ms)
				LogAssemblyErrors (0ms)
				InitializePlatformSupportModulesInManaged (27ms)
				SetLoadedEditorAssemblies (1ms)
				RefreshPlugins (3ms)
				BeforeProcessingInitializeOnLoad (210ms)
				ProcessInitializeOnLoadAttributes (464ms)
				ProcessInitializeOnLoadMethodAttributes (154ms)
				AfterProcessingInitializeOnLoad (12ms)
				EditorAssembliesLoaded (0ms)
			ExecutionOrderSort2 (0ms)
			AwakeInstancesAfterBackupRestoration (39ms)
Platform modules already initialized, skipping
Refreshing native plugins compatible for Editor in 5.89 ms, found 3 plugins.
Preloading 0 native plugins for Editor in 0.00 ms.
Unloading 5197 Unused Serialized files (Serialized files now loaded: 0)
Unloading 39 unused Assets / (1.9 MB). Loaded Objects now: 5893.
Memory consumption went from 213.7 MB to 211.8 MB.
Total: 8.656200 ms (FindLiveObjects: 0.629000 ms CreateObjectMapping: 0.446300 ms MarkObjects: 6.383700 ms  DeleteObjects: 1.194600 ms)

AssetImportParameters requested are different than current active one (requested -> active):
  custom:video-decoder-ogg-theora: a1e56fd34408186e4bbccfd4996cb3dc -> 
  custom:container-muxer-webm: aa71ff27fc2769a1b78a27578f13a17b -> 
  custom:container-demuxer-webm: 4f35f7cbe854078d1ac9338744f61a02 -> 
  custom:video-encoder-webm-vp8: eb34c28f22e8b96e1ab97ce403110664 -> 
  custom:audio-encoder-webm-vorbis: bf7c407c2cedff20999df2af8eb42d56 -> 
  custom:framework-win-MediaFoundation: 216162199b28c13a410421893ffa2e32 -> 
  custom:container-demuxer-ogg: 62fdf1f143b41e24485cea50d1cbac27 -> 
  custom:video-decoder-webm-vp8: 9c59270c3fd7afecdb556c50c9e8de78 -> 
  custom:audio-decoder-ogg-vorbis: bf7c407c2cedff20999df2af8eb42d56 -> 
