Using pre-set license
Built from '2021.3/staging' branch; Version is '2021.3.9f1 (ad3870b89536) revision 11352176'; Using compiler version '192829333'; Build Type 'Release'
OS: 'Windows 10  (10.0.19045) 64bit Professional' Language: 'ko' Physical Memory: 16167 MB
BatchMode: 1, IsHumanControllingUs: 0, StartBugReporterOnCrash: 0, Is64bit: 1, IsPro: 1

COMMAND LINE ARGUMENTS:
C:\Program Files\Unity\Hub\Editor\2021.3.9f1\Editor\Unity.exe
-adb2
-batchMode
-noUpm
-name
AssetImportWorker0
-projectPath
C:/Users/human/OneDrive/바탕 화면/Git/Gravities/Gravity
-logFile
Logs/AssetImportWorker0.log
-srvPort
50024
Successfully changed project path to: C:/Users/human/OneDrive/바탕 화면/Git/Gravities/Gravity
C:/Users/human/OneDrive/바탕 화면/Git/Gravities/Gravity
[UnityMemory] Configuration Parameters - Can be set up in boot.config
    "memorysetup-bucket-allocator-granularity=16"
    "memorysetup-bucket-allocator-bucket-count=8"
    "memorysetup-bucket-allocator-block-size=33554432"
    "memorysetup-bucket-allocator-block-count=8"
    "memorysetup-main-allocator-block-size=16777216"
    "memorysetup-thread-allocator-block-size=16777216"
    "memorysetup-gfx-main-allocator-block-size=16777216"
    "memorysetup-gfx-thread-allocator-block-size=16777216"
    "memorysetup-cache-allocator-block-size=4194304"
    "memorysetup-typetree-allocator-block-size=2097152"
    "memorysetup-profiler-bucket-allocator-granularity=16"
    "memorysetup-profiler-bucket-allocator-bucket-count=8"
    "memorysetup-profiler-bucket-allocator-block-size=33554432"
    "memorysetup-profiler-bucket-allocator-block-count=8"
    "memorysetup-profiler-allocator-block-size=16777216"
    "memorysetup-profiler-editor-allocator-block-size=1048576"
    "memorysetup-temp-allocator-size-main=16777216"
    "memorysetup-job-temp-allocator-block-size=2097152"
    "memorysetup-job-temp-allocator-block-size-background=1048576"
    "memorysetup-job-temp-allocator-reduction-small-platforms=262144"
    "memorysetup-temp-allocator-size-background-worker=32768"
    "memorysetup-temp-allocator-size-job-worker=262144"
    "memorysetup-temp-allocator-size-preload-manager=33554432"
    "memorysetup-temp-allocator-size-nav-mesh-worker=65536"
    "memorysetup-temp-allocator-size-audio-worker=65536"
    "memorysetup-temp-allocator-size-cloud-worker=32768"
    "memorysetup-temp-allocator-size-gi-baking-worker=262144"
    "memorysetup-temp-allocator-size-gfx=262144"
Refreshing native plugins compatible for Editor in 107.65 ms, found 3 plugins.
Preloading 0 native plugins for Editor in 0.00 ms.
Initialize engine version: 2021.3.9f1 (ad3870b89536)
[Subsystems] Discovering subsystems at path C:/Program Files/Unity/Hub/Editor/2021.3.9f1/Editor/Data/Resources/UnitySubsystems
[Subsystems] Discovering subsystems at path C:/Users/human/OneDrive/바탕 화면/Git/Gravities/Gravity/Assets
GfxDevice: creating device client; threaded=0; jobified=0
Direct3D:
    Version:  Direct3D 11.0 [level 11.1]
    Renderer: NVIDIA GeForce MX450 (ID=0x1f97)
    Vendor:   NVIDIA
    VRAM:     1928 MB
    Driver:   31.0.15.2225
Initialize mono
Mono path[0] = 'C:/Program Files/Unity/Hub/Editor/2021.3.9f1/Editor/Data/Managed'
Mono path[1] = 'C:/Program Files/Unity/Hub/Editor/2021.3.9f1/Editor/Data/MonoBleedingEdge/lib/mono/unityjit-win32'
Mono config path = 'C:/Program Files/Unity/Hub/Editor/2021.3.9f1/Editor/Data/MonoBleedingEdge/etc'
Using monoOptions --debugger-agent=transport=dt_socket,embedding=1,server=y,suspend=n,address=127.0.0.1:56320
Begin MonoManager ReloadAssembly
Registering precompiled unity dll's ...
Register platform support module: C:/Program Files/Unity/Hub/Editor/2021.3.9f1/Editor/Data/PlaybackEngines/WindowsStandaloneSupport/UnityEditor.WindowsStandalone.Extensions.dll
Registered in 0.004871 seconds.
Native extension for WindowsStandalone target not found
Refreshing native plugins compatible for Editor in 155.02 ms, found 3 plugins.
Preloading 0 native plugins for Editor in 0.00 ms.
Mono: successfully reloaded assembly
- Completed reload, in  0.755 seconds
Domain Reload Profiling:
	ReloadAssembly (756ms)
		BeginReloadAssembly (56ms)
			ExecutionOrderSort (0ms)
			DisableScriptedObjects (0ms)
			BackupInstance (0ms)
			ReleaseScriptingObjects (0ms)
			CreateAndSetChildDomain (0ms)
		EndReloadAssembly (606ms)
			LoadAssemblies (54ms)
			RebuildTransferFunctionScriptingTraits (0ms)
			SetupTypeCache (120ms)
			ReleaseScriptCaches (0ms)
			RebuildScriptCaches (28ms)
			SetupLoadedEditorAssemblies (403ms)
				LogAssemblyErrors (0ms)
				InitializePlatformSupportModulesInManaged (12ms)
				SetLoadedEditorAssemblies (0ms)
				RefreshPlugins (155ms)
				BeforeProcessingInitializeOnLoad (2ms)
				ProcessInitializeOnLoadAttributes (162ms)
				ProcessInitializeOnLoadMethodAttributes (71ms)
				AfterProcessingInitializeOnLoad (0ms)
				EditorAssembliesLoaded (0ms)
			ExecutionOrderSort2 (0ms)
			AwakeInstancesAfterBackupRestoration (0ms)
Platform modules already initialized, skipping
Registering precompiled user dll's ...
Registered in 0.013019 seconds.
Begin MonoManager ReloadAssembly
Symbol file LoadedFromMemory doesn't match image C:\Users\human\OneDrive\바탕 화면\Git\Gravities\Gravity\Library\PackageCache\com.unity.visualscripting@1.7.8\Editor\VisualScripting.Core\Dependencies\YamlDotNet\Unity.VisualScripting.YamlDotNet.dll
Symbol file LoadedFromMemory doesn't match image C:\Users\human\OneDrive\바탕 화면\Git\Gravities\Gravity\Library\PackageCache\com.unity.visualscripting@1.7.8\Editor\VisualScripting.Core\Dependencies\DotNetZip\Unity.VisualScripting.IonicZip.dll
Native extension for WindowsStandalone target not found
Refreshing native plugins compatible for Editor in 100.78 ms, found 3 plugins.
Preloading 0 native plugins for Editor in 0.00 ms.
Mono: successfully reloaded assembly
- Completed reload, in  1.312 seconds
Domain Reload Profiling:
	ReloadAssembly (1313ms)
		BeginReloadAssembly (183ms)
			ExecutionOrderSort (0ms)
			DisableScriptedObjects (12ms)
			BackupInstance (0ms)
			ReleaseScriptingObjects (1ms)
			CreateAndSetChildDomain (40ms)
		EndReloadAssembly (983ms)
			LoadAssemblies (177ms)
			RebuildTransferFunctionScriptingTraits (0ms)
			SetupTypeCache (235ms)
			ReleaseScriptCaches (1ms)
			RebuildScriptCaches (61ms)
			SetupLoadedEditorAssemblies (497ms)
				LogAssemblyErrors (0ms)
				InitializePlatformSupportModulesInManaged (3ms)
				SetLoadedEditorAssemblies (0ms)
				RefreshPlugins (101ms)
				BeforeProcessingInitializeOnLoad (87ms)
				ProcessInitializeOnLoadAttributes (225ms)
				ProcessInitializeOnLoadMethodAttributes (75ms)
				AfterProcessingInitializeOnLoad (5ms)
				EditorAssembliesLoaded (0ms)
			ExecutionOrderSort2 (0ms)
			AwakeInstancesAfterBackupRestoration (5ms)
Platform modules already initialized, skipping
========================================================================
Worker process is ready to serve import requests
Launched and connected shader compiler UnityShaderCompiler.exe after 0.04 seconds
Refreshing native plugins compatible for Editor in 0.86 ms, found 3 plugins.
Preloading 0 native plugins for Editor in 0.00 ms.
Unloading 5356 Unused Serialized files (Serialized files now loaded: 0)
Unloading 46 unused Assets / (1.9 MB). Loaded Objects now: 5798.
Memory consumption went from 218.3 MB to 216.4 MB.
Total: 3.767700 ms (FindLiveObjects: 0.481400 ms CreateObjectMapping: 0.472800 ms MarkObjects: 2.409500 ms  DeleteObjects: 0.403300 ms)

AssetImportParameters requested are different than current active one (requested -> active):
  custom:video-decoder-ogg-theora: a1e56fd34408186e4bbccfd4996cb3dc -> 
  custom:container-muxer-webm: aa71ff27fc2769a1b78a27578f13a17b -> 
  custom:container-demuxer-webm: 4f35f7cbe854078d1ac9338744f61a02 -> 
  custom:video-encoder-webm-vp8: eb34c28f22e8b96e1ab97ce403110664 -> 
  custom:audio-encoder-webm-vorbis: bf7c407c2cedff20999df2af8eb42d56 -> 
  custom:framework-win-MediaFoundation: 216162199b28c13a410421893ffa2e32 -> 
  custom:container-demuxer-ogg: 62fdf1f143b41e24485cea50d1cbac27 -> 
  custom:video-decoder-webm-vp8: 9c59270c3fd7afecdb556c50c9e8de78 -> 
  custom:audio-decoder-ogg-vorbis: bf7c407c2cedff20999df2af8eb42d56 -> 
========================================================================
Received Import Request.
  Time since last request: 201802.127937 seconds.
  path: Assets/UserFolder/Scenes/GameScene/Lightmap-5_comp_light.exr
  artifactKey: Guid(34faa7f50d556a54ebb4fe3928f11dae) Importer(815301076,1909f56bfc062723c751e8b465ee728b)
Start importing Assets/UserFolder/Scenes/GameScene/Lightmap-5_comp_light.exr using Guid(34faa7f50d556a54ebb4fe3928f11dae) Importer(815301076,1909f56bfc062723c751e8b465ee728b)  -> (artifact id: '1bd2e12ad3ccb3102f1f314c3a504436') in 0.080042 seconds 
========================================================================
Received Import Request.
  Time since last request: 0.000028 seconds.
  path: Assets/UserFolder/Scenes/GameScene/NavMesh-XUpArea.asset
  artifactKey: Guid(3715562a89383af46ae701be912369ea) Importer(815301076,1909f56bfc062723c751e8b465ee728b)
Start importing Assets/UserFolder/Scenes/GameScene/NavMesh-XUpArea.asset using Guid(3715562a89383af46ae701be912369ea) Importer(815301076,1909f56bfc062723c751e8b465ee728b)  -> (artifact id: 'ba25aed9e942f7ee17dfcbdc615f1ac4') in 0.009736 seconds 
========================================================================
Received Import Request.
  Time since last request: 0.000032 seconds.
  path: Assets/UserFolder/Scenes/GameScene/NavMesh-YDownArea 1.asset
  artifactKey: Guid(bff92ac4c163e0747b083c62d1ed932f) Importer(815301076,1909f56bfc062723c751e8b465ee728b)
Start importing Assets/UserFolder/Scenes/GameScene/NavMesh-YDownArea 1.asset using Guid(bff92ac4c163e0747b083c62d1ed932f) Importer(815301076,1909f56bfc062723c751e8b465ee728b)  -> (artifact id: 'd88d0e6475b7022e6a87af04f8eaa5ec') in 0.007424 seconds 
========================================================================
Received Import Request.
  Time since last request: 0.000032 seconds.
  path: Assets/UserFolder/Scenes/GameScene/Lightmap-11_comp_light.exr
  artifactKey: Guid(80f416a13b1f0fc419d4def9442c8e42) Importer(815301076,1909f56bfc062723c751e8b465ee728b)
Start importing Assets/UserFolder/Scenes/GameScene/Lightmap-11_comp_light.exr using Guid(80f416a13b1f0fc419d4def9442c8e42) Importer(815301076,1909f56bfc062723c751e8b465ee728b)  -> (artifact id: 'c97fab6b619dd57342d35859777ef411') in 0.016090 seconds 
========================================================================
Received Import Request.
  Time since last request: 0.000024 seconds.
  path: Assets/UserFolder/Scenes/GameScene/NavMesh-YUpArea.asset
  artifactKey: Guid(f55f9826cb474c545bcefd4aa8249d27) Importer(815301076,1909f56bfc062723c751e8b465ee728b)
Start importing Assets/UserFolder/Scenes/GameScene/NavMesh-YUpArea.asset using Guid(f55f9826cb474c545bcefd4aa8249d27) Importer(815301076,1909f56bfc062723c751e8b465ee728b)  -> (artifact id: '62e7a065c85bd21f93c41b59256397a2') in 0.008344 seconds 
========================================================================
Received Import Request.
  Time since last request: 0.000027 seconds.
  path: Assets/UserFolder/Scenes/GameScene/Lightmap-5_comp_dir.png
  artifactKey: Guid(e85678477dec61343bc117d416caa137) Importer(815301076,1909f56bfc062723c751e8b465ee728b)
Start importing Assets/UserFolder/Scenes/GameScene/Lightmap-5_comp_dir.png using Guid(e85678477dec61343bc117d416caa137) Importer(815301076,1909f56bfc062723c751e8b465ee728b)  -> (artifact id: '388c0f0c3bcbefc2b29ed9864bbabcb5') in 0.019580 seconds 
========================================================================
Received Import Request.
  Time since last request: 0.000037 seconds.
  path: Assets/UserFolder/Scenes/GameScene/Lightmap-7_comp_dir.png
  artifactKey: Guid(cc5def8d2a9091b4ea1b339cc99d1220) Importer(815301076,1909f56bfc062723c751e8b465ee728b)
Start importing Assets/UserFolder/Scenes/GameScene/Lightmap-7_comp_dir.png using Guid(cc5def8d2a9091b4ea1b339cc99d1220) Importer(815301076,1909f56bfc062723c751e8b465ee728b)  -> (artifact id: '34c095391a7c87e37309c78bfe34c46d') in 0.014918 seconds 
========================================================================
Received Import Request.
  Time since last request: 0.000032 seconds.
  path: Assets/UserFolder/Scenes/GameScene/NavMesh-YDownArea.asset
  artifactKey: Guid(5402798b261bd834a97fc3cb5dba00a5) Importer(815301076,1909f56bfc062723c751e8b465ee728b)
Start importing Assets/UserFolder/Scenes/GameScene/NavMesh-YDownArea.asset using Guid(5402798b261bd834a97fc3cb5dba00a5) Importer(815301076,1909f56bfc062723c751e8b465ee728b)  -> (artifact id: '48a5bec3785339e258787e5fa0ee527b') in 0.009532 seconds 
========================================================================
Received Import Request.
  Time since last request: 0.000040 seconds.
  path: Assets/UserFolder/Scenes/GameScene/Lightmap-2_comp_light.exr
  artifactKey: Guid(aeda1854ea63ddf4284b3551b75b7b91) Importer(815301076,1909f56bfc062723c751e8b465ee728b)
Start importing Assets/UserFolder/Scenes/GameScene/Lightmap-2_comp_light.exr using Guid(aeda1854ea63ddf4284b3551b75b7b91) Importer(815301076,1909f56bfc062723c751e8b465ee728b)  -> (artifact id: '83a5cf9a3598e5a9d0e4a6abdd7b6497') in 0.014808 seconds 
========================================================================
Received Import Request.
  Time since last request: 0.000028 seconds.
  path: Assets/UserFolder/Scenes/GameScene/Lightmap-1_comp_light.exr
  artifactKey: Guid(1d0b54bf1094417479b019e1995a0f66) Importer(815301076,1909f56bfc062723c751e8b465ee728b)
Start importing Assets/UserFolder/Scenes/GameScene/Lightmap-1_comp_light.exr using Guid(1d0b54bf1094417479b019e1995a0f66) Importer(815301076,1909f56bfc062723c751e8b465ee728b)  -> (artifact id: '80b714ecc2bdcafdddb3da55afd785a1') in 0.013775 seconds 
========================================================================
Received Import Request.
  Time since last request: 0.000024 seconds.
  path: Assets/UserFolder/Scenes/GameScene/Lightmap-2_comp_dir.png
  artifactKey: Guid(78a64a3193c8c514db035ef0c91befcd) Importer(815301076,1909f56bfc062723c751e8b465ee728b)
Start importing Assets/UserFolder/Scenes/GameScene/Lightmap-2_comp_dir.png using Guid(78a64a3193c8c514db035ef0c91befcd) Importer(815301076,1909f56bfc062723c751e8b465ee728b)  -> (artifact id: '138430609f727286ab4973a5621050cd') in 0.019093 seconds 
========================================================================
Received Import Request.
  Time since last request: 0.000024 seconds.
  path: Assets/UserFolder/Scenes/GameScene/Lightmap-9_comp_light.exr
  artifactKey: Guid(69818eccf8702db42a734ac5f87dc3be) Importer(815301076,1909f56bfc062723c751e8b465ee728b)
Start importing Assets/UserFolder/Scenes/GameScene/Lightmap-9_comp_light.exr using Guid(69818eccf8702db42a734ac5f87dc3be) Importer(815301076,1909f56bfc062723c751e8b465ee728b)  -> (artifact id: '9671199143427e3e12c5729077b39aa4') in 0.018039 seconds 
========================================================================
Received Import Request.
  Time since last request: 0.000031 seconds.
  path: Assets/UserFolder/Scenes/GameScene/Lightmap-6_comp_dir.png
  artifactKey: Guid(c74319f753ae4404c8e8bbf38ff9cff6) Importer(815301076,1909f56bfc062723c751e8b465ee728b)
Start importing Assets/UserFolder/Scenes/GameScene/Lightmap-6_comp_dir.png using Guid(c74319f753ae4404c8e8bbf38ff9cff6) Importer(815301076,1909f56bfc062723c751e8b465ee728b)  -> (artifact id: '112d6c0f489e651c8ec227d626df5dcf') in 0.016980 seconds 
========================================================================
Received Import Request.
  Time since last request: 0.000025 seconds.
  path: Assets/UserFolder/Scenes/GameScene/Lightmap-9_comp_dir.png
  artifactKey: Guid(cfbf14df6e11e7f4da1492ffbb0749bf) Importer(815301076,1909f56bfc062723c751e8b465ee728b)
Start importing Assets/UserFolder/Scenes/GameScene/Lightmap-9_comp_dir.png using Guid(cfbf14df6e11e7f4da1492ffbb0749bf) Importer(815301076,1909f56bfc062723c751e8b465ee728b)  -> (artifact id: 'd8eb79cf03a4ec8699758bb25573d7b1') in 0.015590 seconds 
========================================================================
Received Import Request.
  Time since last request: 0.000027 seconds.
  path: Assets/UserFolder/Scenes/GameScene/Lightmap-10_comp_dir.png
  artifactKey: Guid(1d12e726d7a575448907770eeeaffbd8) Importer(815301076,1909f56bfc062723c751e8b465ee728b)
Start importing Assets/UserFolder/Scenes/GameScene/Lightmap-10_comp_dir.png using Guid(1d12e726d7a575448907770eeeaffbd8) Importer(815301076,1909f56bfc062723c751e8b465ee728b)  -> (artifact id: '66e784ce293993cc5ffc96357560962b') in 0.017894 seconds 
========================================================================
Received Import Request.
  Time since last request: 0.000030 seconds.
  path: Assets/UserFolder/Scenes/GameScene/Lightmap-7_comp_light.exr
  artifactKey: Guid(f5441277bf2e12542a813215478550c8) Importer(815301076,1909f56bfc062723c751e8b465ee728b)
Start importing Assets/UserFolder/Scenes/GameScene/Lightmap-7_comp_light.exr using Guid(f5441277bf2e12542a813215478550c8) Importer(815301076,1909f56bfc062723c751e8b465ee728b)  -> (artifact id: '67a54fb2f437238b0f5d6cf4a9ee2902') in 0.023942 seconds 
========================================================================
Received Import Request.
  Time since last request: 0.000037 seconds.
  path: Assets/UserFolder/Scenes/GameScene/NavMesh-ZDownArea 1.asset
  artifactKey: Guid(c8e7bf3c61ea2aa42b9c10c525997dec) Importer(815301076,1909f56bfc062723c751e8b465ee728b)
Start importing Assets/UserFolder/Scenes/GameScene/NavMesh-ZDownArea 1.asset using Guid(c8e7bf3c61ea2aa42b9c10c525997dec) Importer(815301076,1909f56bfc062723c751e8b465ee728b)  -> (artifact id: '616240aeb745d04b0dbdead86829f549') in 0.008549 seconds 
========================================================================
Received Import Request.
  Time since last request: 0.000040 seconds.
  path: Assets/UserFolder/Scenes/GameScene/NavMesh-ZUpArea.asset
  artifactKey: Guid(8cce67a718d74c64fb2fe035ffbb2199) Importer(815301076,1909f56bfc062723c751e8b465ee728b)
Start importing Assets/UserFolder/Scenes/GameScene/NavMesh-ZUpArea.asset using Guid(8cce67a718d74c64fb2fe035ffbb2199) Importer(815301076,1909f56bfc062723c751e8b465ee728b)  -> (artifact id: '4e04f6ba69c9ee7e7d49167936523d6d') in 0.008200 seconds 
========================================================================
Received Import Request.
  Time since last request: 0.000024 seconds.
  path: Assets/UserFolder/Scenes/GameScene/Lightmap-4_comp_light.exr
  artifactKey: Guid(023494f42093f834b9de49ed5a6d41bd) Importer(815301076,1909f56bfc062723c751e8b465ee728b)
Start importing Assets/UserFolder/Scenes/GameScene/Lightmap-4_comp_light.exr using Guid(023494f42093f834b9de49ed5a6d41bd) Importer(815301076,1909f56bfc062723c751e8b465ee728b)  -> (artifact id: '0300802efe3aa2c17a27fbbeab7bf4e7') in 0.020317 seconds 
========================================================================
Received Import Request.
  Time since last request: 0.000022 seconds.
  path: Assets/UserFolder/Scenes/GameScene/NavMesh-YUpArea 1.asset
  artifactKey: Guid(278be312bd5bedb40899a2385ed84f96) Importer(815301076,1909f56bfc062723c751e8b465ee728b)
Start importing Assets/UserFolder/Scenes/GameScene/NavMesh-YUpArea 1.asset using Guid(278be312bd5bedb40899a2385ed84f96) Importer(815301076,1909f56bfc062723c751e8b465ee728b)  -> (artifact id: '5f9b93a2b9e8a301d7b47121a6b0f0ec') in 0.008689 seconds 
========================================================================
Received Import Request.
  Time since last request: 0.000025 seconds.
  path: Assets/UserFolder/Scenes/GameScene/Lightmap-1_comp_dir.png
  artifactKey: Guid(2cf2698da7011ac419142dfefbb6b222) Importer(815301076,1909f56bfc062723c751e8b465ee728b)
Start importing Assets/UserFolder/Scenes/GameScene/Lightmap-1_comp_dir.png using Guid(2cf2698da7011ac419142dfefbb6b222) Importer(815301076,1909f56bfc062723c751e8b465ee728b)  -> (artifact id: '24928a5ef7e71f28ba5809be885ad382') in 0.022627 seconds 
========================================================================
Received Import Request.
  Time since last request: 0.000025 seconds.
  path: Assets/UserFolder/Scenes/GameScene/Lightmap-11_comp_dir.png
  artifactKey: Guid(ae84f699db5ada8439d52c9bcfd27c84) Importer(815301076,1909f56bfc062723c751e8b465ee728b)
Start importing Assets/UserFolder/Scenes/GameScene/Lightmap-11_comp_dir.png using Guid(ae84f699db5ada8439d52c9bcfd27c84) Importer(815301076,1909f56bfc062723c751e8b465ee728b)  -> (artifact id: '93519b4b8a178894d70c82c00afd5262') in 0.021369 seconds 
========================================================================
Received Import Request.
  Time since last request: 0.000028 seconds.
  path: Assets/UserFolder/Scenes/GameScene/NavMesh-XUpArea 1.asset
  artifactKey: Guid(3ee152d90b560ef4c88909976c2badec) Importer(815301076,1909f56bfc062723c751e8b465ee728b)
Start importing Assets/UserFolder/Scenes/GameScene/NavMesh-XUpArea 1.asset using Guid(3ee152d90b560ef4c88909976c2badec) Importer(815301076,1909f56bfc062723c751e8b465ee728b)  -> (artifact id: '0a7c89a1710d061e2f6d24f88d57aa7f') in 0.007851 seconds 
========================================================================
Received Import Request.
  Time since last request: 0.000041 seconds.
  path: Assets/UserFolder/Scenes/GameScene/Lightmap-0_comp_light.exr
  artifactKey: Guid(767c3e114c1063e4a9e3af601fdcf60c) Importer(815301076,1909f56bfc062723c751e8b465ee728b)
Start importing Assets/UserFolder/Scenes/GameScene/Lightmap-0_comp_light.exr using Guid(767c3e114c1063e4a9e3af601fdcf60c) Importer(815301076,1909f56bfc062723c751e8b465ee728b)  -> (artifact id: '9ba1c80c85bff1b4c5a77c4e67277f59') in 0.016512 seconds 
========================================================================
Received Prepare
Registering precompiled user dll's ...
Registered in 0.005229 seconds.
Begin MonoManager ReloadAssembly
Symbol file LoadedFromMemory doesn't match image C:\Users\human\OneDrive\바탕 화면\Git\Gravities\Gravity\Library\PackageCache\com.unity.visualscripting@1.7.8\Editor\VisualScripting.Core\Dependencies\YamlDotNet\Unity.VisualScripting.YamlDotNet.dll
Symbol file LoadedFromMemory doesn't match image C:\Users\human\OneDrive\바탕 화면\Git\Gravities\Gravity\Library\PackageCache\com.unity.visualscripting@1.7.8\Editor\VisualScripting.Core\Dependencies\DotNetZip\Unity.VisualScripting.IonicZip.dll
Native extension for WindowsStandalone target not found
Refreshing native plugins compatible for Editor in 1.32 ms, found 3 plugins.
Preloading 0 native plugins for Editor in 0.00 ms.
Mono: successfully reloaded assembly
- Completed reload, in  1.080 seconds
Domain Reload Profiling:
	ReloadAssembly (1081ms)
		BeginReloadAssembly (131ms)
			ExecutionOrderSort (0ms)
			DisableScriptedObjects (5ms)
			BackupInstance (0ms)
			ReleaseScriptingObjects (0ms)
			CreateAndSetChildDomain (44ms)
		EndReloadAssembly (861ms)
			LoadAssemblies (79ms)
			RebuildTransferFunctionScriptingTraits (0ms)
			SetupTypeCache (269ms)
			ReleaseScriptCaches (2ms)
			RebuildScriptCaches (46ms)
			SetupLoadedEditorAssemblies (411ms)
				LogAssemblyErrors (0ms)
				InitializePlatformSupportModulesInManaged (12ms)
				SetLoadedEditorAssemblies (1ms)
				RefreshPlugins (1ms)
				BeforeProcessingInitializeOnLoad (81ms)
				ProcessInitializeOnLoadAttributes (229ms)
				ProcessInitializeOnLoadMethodAttributes (82ms)
				AfterProcessingInitializeOnLoad (6ms)
				EditorAssembliesLoaded (0ms)
			ExecutionOrderSort2 (0ms)
			AwakeInstancesAfterBackupRestoration (11ms)
Platform modules already initialized, skipping
Refreshing native plugins compatible for Editor in 2.44 ms, found 3 plugins.
Preloading 0 native plugins for Editor in 0.00 ms.
Unloading 5189 Unused Serialized files (Serialized files now loaded: 0)
Unloading 39 unused Assets / (1.9 MB). Loaded Objects now: 5808.
Memory consumption went from 210.2 MB to 208.3 MB.
Total: 4.746600 ms (FindLiveObjects: 0.480500 ms CreateObjectMapping: 0.338000 ms MarkObjects: 3.412100 ms  DeleteObjects: 0.514800 ms)

AssetImportParameters requested are different than current active one (requested -> active):
  custom:video-decoder-ogg-theora: a1e56fd34408186e4bbccfd4996cb3dc -> 
  custom:container-muxer-webm: aa71ff27fc2769a1b78a27578f13a17b -> 
  custom:container-demuxer-webm: 4f35f7cbe854078d1ac9338744f61a02 -> 
  custom:video-encoder-webm-vp8: eb34c28f22e8b96e1ab97ce403110664 -> 
  custom:audio-encoder-webm-vorbis: bf7c407c2cedff20999df2af8eb42d56 -> 
  custom:framework-win-MediaFoundation: 216162199b28c13a410421893ffa2e32 -> 
  custom:container-demuxer-ogg: 62fdf1f143b41e24485cea50d1cbac27 -> 
  custom:video-decoder-webm-vp8: 9c59270c3fd7afecdb556c50c9e8de78 -> 
  custom:audio-decoder-ogg-vorbis: bf7c407c2cedff20999df2af8eb42d56 -> 
========================================================================
Received Prepare
Registering precompiled user dll's ...
Registered in 0.014191 seconds.
Begin MonoManager ReloadAssembly
Symbol file LoadedFromMemory doesn't match image C:\Users\human\OneDrive\바탕 화면\Git\Gravities\Gravity\Library\PackageCache\com.unity.visualscripting@1.7.8\Editor\VisualScripting.Core\Dependencies\YamlDotNet\Unity.VisualScripting.YamlDotNet.dll
Symbol file LoadedFromMemory doesn't match image C:\Users\human\OneDrive\바탕 화면\Git\Gravities\Gravity\Library\PackageCache\com.unity.visualscripting@1.7.8\Editor\VisualScripting.Core\Dependencies\DotNetZip\Unity.VisualScripting.IonicZip.dll
Native extension for WindowsStandalone target not found
Refreshing native plugins compatible for Editor in 1.63 ms, found 3 plugins.
Preloading 0 native plugins for Editor in 0.00 ms.
Mono: successfully reloaded assembly
- Completed reload, in  2.579 seconds
Domain Reload Profiling:
	ReloadAssembly (2581ms)
		BeginReloadAssembly (261ms)
			ExecutionOrderSort (0ms)
			DisableScriptedObjects (11ms)
			BackupInstance (0ms)
			ReleaseScriptingObjects (0ms)
			CreateAndSetChildDomain (77ms)
		EndReloadAssembly (2019ms)
			LoadAssemblies (185ms)
			RebuildTransferFunctionScriptingTraits (0ms)
			SetupTypeCache (701ms)
			ReleaseScriptCaches (3ms)
			RebuildScriptCaches (83ms)
			SetupLoadedEditorAssemblies (909ms)
				LogAssemblyErrors (0ms)
				InitializePlatformSupportModulesInManaged (33ms)
				SetLoadedEditorAssemblies (1ms)
				RefreshPlugins (2ms)
				BeforeProcessingInitializeOnLoad (198ms)
				ProcessInitializeOnLoadAttributes (497ms)
				ProcessInitializeOnLoadMethodAttributes (163ms)
				AfterProcessingInitializeOnLoad (14ms)
				EditorAssembliesLoaded (0ms)
			ExecutionOrderSort2 (0ms)
			AwakeInstancesAfterBackupRestoration (30ms)
Platform modules already initialized, skipping
Refreshing native plugins compatible for Editor in 5.50 ms, found 3 plugins.
Preloading 0 native plugins for Editor in 0.00 ms.
Unloading 5189 Unused Serialized files (Serialized files now loaded: 0)
Unloading 39 unused Assets / (1.9 MB). Loaded Objects now: 5812.
Memory consumption went from 210.2 MB to 208.3 MB.
Total: 8.447700 ms (FindLiveObjects: 0.582600 ms CreateObjectMapping: 0.386100 ms MarkObjects: 6.445000 ms  DeleteObjects: 1.032300 ms)

AssetImportParameters requested are different than current active one (requested -> active):
  custom:video-decoder-ogg-theora: a1e56fd34408186e4bbccfd4996cb3dc -> 
  custom:container-muxer-webm: aa71ff27fc2769a1b78a27578f13a17b -> 
  custom:container-demuxer-webm: 4f35f7cbe854078d1ac9338744f61a02 -> 
  custom:video-encoder-webm-vp8: eb34c28f22e8b96e1ab97ce403110664 -> 
  custom:audio-encoder-webm-vorbis: bf7c407c2cedff20999df2af8eb42d56 -> 
  custom:framework-win-MediaFoundation: 216162199b28c13a410421893ffa2e32 -> 
  custom:container-demuxer-ogg: 62fdf1f143b41e24485cea50d1cbac27 -> 
  custom:video-decoder-webm-vp8: 9c59270c3fd7afecdb556c50c9e8de78 -> 
  custom:audio-decoder-ogg-vorbis: bf7c407c2cedff20999df2af8eb42d56 -> 
